[0.006s] Invoking command in '/home/yy/code/hello_world/build/pkg_01_helloworld_cpp': CMAKE_PREFIX_PATH=/opt/ros/humble /usr/bin/cmake /home/yy/code/hello_world/src/pkg_01_helloworld_cpp -DCMAKE_INSTALL_PREFIX=/home/yy/code/hello_world/install/pkg_01_helloworld_cpp
[0.082s] -- The C compiler identification is GNU 11.4.0
[0.144s] -- The CXX compiler identification is GNU 11.4.0
[0.150s] -- Detecting C compiler ABI info
[0.193s] -- Detecting C compiler ABI info - done
[0.198s] -- Check for working C compiler: /usr/bin/cc - skipped
[0.198s] -- Detecting C compile features
[0.199s] -- Detecting C compile features - done
[0.202s] -- Detecting CXX compiler ABI info
[0.250s] -- Detecting CXX compiler ABI info - done
[0.255s] -- Check for working CXX compiler: /usr/bin/c++ - skipped
[0.255s] -- Detecting CXX compile features
[0.255s] -- Detecting CXX compile features - done
[0.258s] -- Found ament_cmake: 1.3.9 (/opt/ros/humble/share/ament_cmake/cmake)
[0.358s] -- Found Python3: /usr/bin/python3 (found version "3.10.12") found components: Interpreter 
[0.419s] -- Found rclcpp: 16.0.9 (/opt/ros/humble/share/rclcpp/cmake)
[0.453s] -- Found rosidl_generator_c: 3.1.5 (/opt/ros/humble/share/rosidl_generator_c/cmake)
[0.457s] -- Found rosidl_adapter: 3.1.5 (/opt/ros/humble/share/rosidl_adapter/cmake)
[0.463s] -- Found rosidl_generator_cpp: 3.1.5 (/opt/ros/humble/share/rosidl_generator_cpp/cmake)
[0.477s] -- Using all available rosidl_typesupport_c: rosidl_typesupport_fastrtps_c;rosidl_typesupport_introspection_c
[0.495s] -- Using all available rosidl_typesupport_cpp: rosidl_typesupport_fastrtps_cpp;rosidl_typesupport_introspection_cpp
[0.545s] -- Found rmw_implementation_cmake: 6.1.2 (/opt/ros/humble/share/rmw_implementation_cmake/cmake)
[0.548s] -- Found rmw_fastrtps_cpp: 6.2.6 (/opt/ros/humble/share/rmw_fastrtps_cpp/cmake)
[0.611s] -- Found OpenSSL: /usr/lib/x86_64-linux-gnu/libcrypto.so (found version "3.0.2")  
[0.629s] -- Found FastRTPS: /opt/ros/humble/include  
[0.658s] -- Using RMW implementation 'rmw_fastrtps_cpp' as default
[0.665s] -- Looking for pthread.h
[0.714s] -- Looking for pthread.h - found
[0.714s] -- Performing Test CMAKE_HAVE_LIBC_PTHREAD
[0.757s] -- Performing Test CMAKE_HAVE_LIBC_PTHREAD - Success
[0.758s] -- Found Threads: TRUE  
[0.865s] -- Found ament_lint_auto: 0.12.11 (/opt/ros/humble/share/ament_lint_auto/cmake)
[0.913s] -- Added test 'cppcheck' to perform static code analysis on C / C++ code
[0.913s] -- Configured cppcheck include dirs: $<BUILD_INTERFACE:/home/yy/code/hello_world/src/pkg_01_helloworld_cpp/include>
[0.914s] -- Configured cppcheck exclude dirs and/or files: 
[0.914s] -- Added test 'lint_cmake' to check CMake code style
[0.915s] -- Added test 'uncrustify' to check C / C++ code style
[0.915s] -- Configured uncrustify additional arguments: 
[0.915s] -- Added test 'xmllint' to check XML markup files
[0.915s] -- Configuring done
[0.920s] -- Generating done
[0.921s] -- Build files have been written to: /home/yy/code/hello_world/build/pkg_01_helloworld_cpp
[0.926s] Invoked command in '/home/yy/code/hello_world/build/pkg_01_helloworld_cpp' returned '0': CMAKE_PREFIX_PATH=/opt/ros/humble /usr/bin/cmake /home/yy/code/hello_world/src/pkg_01_helloworld_cpp -DCMAKE_INSTALL_PREFIX=/home/yy/code/hello_world/install/pkg_01_helloworld_cpp
[0.928s] Invoking command in '/home/yy/code/hello_world/build/pkg_01_helloworld_cpp': CMAKE_PREFIX_PATH=/opt/ros/humble /usr/bin/cmake --build /home/yy/code/hello_world/build/pkg_01_helloworld_cpp -- -j12 -l12
[0.960s] [ 50%] [32mBuilding CXX object CMakeFiles/helloworld.dir/src/helloworld.cpp.o[0m
[0.986s] [100%] [32m[1mLinking CXX executable helloworld[0m
[1.030s] [100%] Built target helloworld
[1.039s] Invoked command in '/home/yy/code/hello_world/build/pkg_01_helloworld_cpp' returned '0': CMAKE_PREFIX_PATH=/opt/ros/humble /usr/bin/cmake --build /home/yy/code/hello_world/build/pkg_01_helloworld_cpp -- -j12 -l12
[1.058s] Invoking command in '/home/yy/code/hello_world/build/pkg_01_helloworld_cpp': CMAKE_PREFIX_PATH=/opt/ros/humble /usr/bin/cmake --install /home/yy/code/hello_world/build/pkg_01_helloworld_cpp
[1.063s] -- Install configuration: ""
[1.063s] -- Installing: /home/yy/code/hello_world/install/pkg_01_helloworld_cpp/lib/pkg_01_helloworld_cpp/helloworld
[1.063s] -- Set runtime path of "/home/yy/code/hello_world/install/pkg_01_helloworld_cpp/lib/pkg_01_helloworld_cpp/helloworld" to ""
[1.063s] -- Installing: /home/yy/code/hello_world/install/pkg_01_helloworld_cpp/share/ament_index/resource_index/package_run_dependencies/pkg_01_helloworld_cpp
[1.063s] -- Installing: /home/yy/code/hello_world/install/pkg_01_helloworld_cpp/share/ament_index/resource_index/parent_prefix_path/pkg_01_helloworld_cpp
[1.063s] -- Installing: /home/yy/code/hello_world/install/pkg_01_helloworld_cpp/share/pkg_01_helloworld_cpp/environment/ament_prefix_path.sh
[1.063s] -- Installing: /home/yy/code/hello_world/install/pkg_01_helloworld_cpp/share/pkg_01_helloworld_cpp/environment/ament_prefix_path.dsv
[1.064s] -- Installing: /home/yy/code/hello_world/install/pkg_01_helloworld_cpp/share/pkg_01_helloworld_cpp/environment/path.sh
[1.064s] -- Installing: /home/yy/code/hello_world/install/pkg_01_helloworld_cpp/share/pkg_01_helloworld_cpp/environment/path.dsv
[1.064s] -- Installing: /home/yy/code/hello_world/install/pkg_01_helloworld_cpp/share/pkg_01_helloworld_cpp/local_setup.bash
[1.064s] -- Installing: /home/yy/code/hello_world/install/pkg_01_helloworld_cpp/share/pkg_01_helloworld_cpp/local_setup.sh
[1.064s] -- Installing: /home/yy/code/hello_world/install/pkg_01_helloworld_cpp/share/pkg_01_helloworld_cpp/local_setup.zsh
[1.064s] -- Installing: /home/yy/code/hello_world/install/pkg_01_helloworld_cpp/share/pkg_01_helloworld_cpp/local_setup.dsv
[1.064s] -- Installing: /home/yy/code/hello_world/install/pkg_01_helloworld_cpp/share/pkg_01_helloworld_cpp/package.dsv
[1.064s] -- Installing: /home/yy/code/hello_world/install/pkg_01_helloworld_cpp/share/ament_index/resource_index/packages/pkg_01_helloworld_cpp
[1.064s] -- Installing: /home/yy/code/hello_world/install/pkg_01_helloworld_cpp/share/pkg_01_helloworld_cpp/cmake/pkg_01_helloworld_cppConfig.cmake
[1.064s] -- Installing: /home/yy/code/hello_world/install/pkg_01_helloworld_cpp/share/pkg_01_helloworld_cpp/cmake/pkg_01_helloworld_cppConfig-version.cmake
[1.064s] -- Installing: /home/yy/code/hello_world/install/pkg_01_helloworld_cpp/share/pkg_01_helloworld_cpp/package.xml
[1.065s] Invoked command in '/home/yy/code/hello_world/build/pkg_01_helloworld_cpp' returned '0': CMAKE_PREFIX_PATH=/opt/ros/humble /usr/bin/cmake --install /home/yy/code/hello_world/build/pkg_01_helloworld_cpp
