[0.005s] Invoking command in '/home/yy/ros2_learning/my_helloworld/build/pkg_my_hello_world_cpp': CMAKE_PREFIX_PATH=/opt/ros/humble /usr/bin/cmake /home/yy/ros2_learning/my_helloworld/src/pkg_my_hello_world_cpp -DCMAKE_INSTALL_PREFIX=/home/yy/ros2_learning/my_helloworld/install/pkg_my_hello_world_cpp
[0.036s] -- The C compiler identification is GNU 11.4.0
[0.067s] -- The CXX compiler identification is GNU 11.4.0
[0.071s] -- Detecting C compiler ABI info
[0.108s] -- Detecting C compiler ABI info - done
[0.112s] -- Check for working C compiler: /usr/bin/cc - skipped
[0.112s] -- Detecting C compile features
[0.112s] -- Detecting C compile features - done
[0.114s] -- Detecting CXX compiler ABI info
[0.158s] -- Detecting CXX compiler ABI info - done
[0.162s] -- Check for working CXX compiler: /usr/bin/c++ - skipped
[0.162s] -- Detecting CXX compile features
[0.162s] -- Detecting CXX compile features - done
[0.164s] -- Found ament_cmake: 1.3.10 (/opt/ros/humble/share/ament_cmake/cmake)
[0.244s] -- Found Python3: /usr/bin/python3 (found version "3.10.12") found components: Interpreter 
[0.304s] -- Found rclcpp: 16.0.10 (/opt/ros/humble/share/rclcpp/cmake)
[0.329s] -- Found rosidl_generator_c: 3.1.5 (/opt/ros/humble/share/rosidl_generator_c/cmake)
[0.331s] -- Found rosidl_adapter: 3.1.5 (/opt/ros/humble/share/rosidl_adapter/cmake)
[0.336s] -- Found rosidl_generator_cpp: 3.1.5 (/opt/ros/humble/share/rosidl_generator_cpp/cmake)
[0.343s] -- Using all available rosidl_typesupport_c: rosidl_typesupport_fastrtps_c;rosidl_typesupport_introspection_c
[0.352s] -- Using all available rosidl_typesupport_cpp: rosidl_typesupport_fastrtps_cpp;rosidl_typesupport_introspection_cpp
[0.376s] -- Found rmw_implementation_cmake: 6.1.2 (/opt/ros/humble/share/rmw_implementation_cmake/cmake)
[0.377s] -- Found rmw_fastrtps_cpp: 6.2.7 (/opt/ros/humble/share/rmw_fastrtps_cpp/cmake)
[0.425s] -- Found OpenSSL: /usr/lib/x86_64-linux-gnu/libcrypto.so (found version "3.0.2")  
[0.441s] -- Found FastRTPS: /opt/ros/humble/include  
[0.462s] -- Using RMW implementation 'rmw_fastrtps_cpp' as default
[0.468s] -- Looking for pthread.h
[0.512s] -- Looking for pthread.h - found
[0.512s] -- Performing Test CMAKE_HAVE_LIBC_PTHREAD
[0.554s] -- Performing Test CMAKE_HAVE_LIBC_PTHREAD - Success
[0.554s] -- Found Threads: TRUE  
[0.583s] -- Found ament_lint_auto: 0.12.11 (/opt/ros/humble/share/ament_lint_auto/cmake)
[0.625s] -- Added test 'cppcheck' to perform static code analysis on C / C++ code
[0.625s] -- Configured cppcheck include dirs: $<BUILD_INTERFACE:/home/yy/ros2_learning/my_helloworld/src/pkg_my_hello_world_cpp/include>
[0.625s] -- Configured cppcheck exclude dirs and/or files: 
[0.625s] -- Added test 'lint_cmake' to check CMake code style
[0.626s] -- Added test 'uncrustify' to check C / C++ code style
[0.626s] -- Configured uncrustify additional arguments: 
[0.626s] -- Added test 'xmllint' to check XML markup files
[0.626s] -- Configuring done
[0.630s] -- Generating done
[0.631s] -- Build files have been written to: /home/yy/ros2_learning/my_helloworld/build/pkg_my_hello_world_cpp
[0.639s] Invoked command in '/home/yy/ros2_learning/my_helloworld/build/pkg_my_hello_world_cpp' returned '0': CMAKE_PREFIX_PATH=/opt/ros/humble /usr/bin/cmake /home/yy/ros2_learning/my_helloworld/src/pkg_my_hello_world_cpp -DCMAKE_INSTALL_PREFIX=/home/yy/ros2_learning/my_helloworld/install/pkg_my_hello_world_cpp
[0.639s] Invoking command in '/home/yy/ros2_learning/my_helloworld/build/pkg_my_hello_world_cpp': CMAKE_PREFIX_PATH=/opt/ros/humble /usr/bin/cmake --build /home/yy/ros2_learning/my_helloworld/build/pkg_my_hello_world_cpp -- -j12 -l12
[0.665s] [ 50%] [32mBuilding CXX object CMakeFiles/my_helloworld.dir/src/my_helloworld.cpp.o[0m
[0.672s] [01m[K/home/yy/ros2_learning/my_helloworld/src/pkg_my_hello_world_cpp/src/my_helloworld.cpp:1:10:[m[K [01;31m[Kerror: [m[K#include expects "FILENAME" or <FILENAME>
[0.672s]     1 | #include [01;31m[K"rclcpp/rclcpp.hpp"int[m[K main(int argc, char **argv)
[0.672s]       |          [01;31m[K^~~~~~~~~~~~~~~~~~~~~~[m[K
[0.672s] [01m[K/home/yy/ros2_learning/my_helloworld/src/pkg_my_hello_world_cpp/src/my_helloworld.cpp:2:1:[m[K [01;31m[Kerror: [m[Kexpected unqualified-id before ‘[01m[K{[m[K’ token
[0.672s]     2 | [01;31m[K{[m[K
[0.672s]       | [01;31m[K^[m[K
[0.673s] gmake[2]: *** [CMakeFiles/my_helloworld.dir/build.make:76：CMakeFiles/my_helloworld.dir/src/my_helloworld.cpp.o] 错误 1
[0.673s] gmake[1]: *** [CMakeFiles/Makefile2:137：CMakeFiles/my_helloworld.dir/all] 错误 2
[0.673s] gmake: *** [Makefile:146：all] 错误 2
[0.675s] Invoked command in '/home/yy/ros2_learning/my_helloworld/build/pkg_my_hello_world_cpp' returned '2': CMAKE_PREFIX_PATH=/opt/ros/humble /usr/bin/cmake --build /home/yy/ros2_learning/my_helloworld/build/pkg_my_hello_world_cpp -- -j12 -l12
