[0.008s] Invoking command in '/home/yy/ros2_learning/interface_cpp/build/example_ros2_interfaces': CMAKE_PREFIX_PATH=${CMAKE_PREFIX_PATH}:/opt/ros/humble /usr/bin/cmake --build /home/yy/ros2_learning/interface_cpp/build/example_ros2_interfaces -- -j12 -l12
[0.028s] -- Found ament_cmake: 1.3.10 (/opt/ros/humble/share/ament_cmake/cmake)
[0.110s] -- Found rosidl_default_generators: 1.2.0 (/opt/ros/humble/share/rosidl_default_generators/cmake)
[0.111s] -- Using all available rosidl_typesupport_c: rosidl_typesupport_fastrtps_c;rosidl_typesupport_introspection_c
[0.112s] -- Found rosidl_adapter: 3.1.5 (/opt/ros/humble/share/rosidl_adapter/cmake)
[0.130s] -- Using all available rosidl_typesupport_cpp: rosidl_typesupport_fastrtps_cpp;rosidl_typesupport_introspection_cpp
[0.144s] -- Found geometry_msgs: 4.2.4 (/opt/ros/humble/share/geometry_msgs/cmake)
[0.168s] -- Found ament_lint_auto: 0.12.11 (/opt/ros/humble/share/ament_lint_auto/cmake)
[0.219s] -- Added test 'lint_cmake' to check CMake code style
[0.220s] -- Added test 'xmllint' to check XML markup files
[0.220s] [31mCMake Error at /opt/ros/humble/share/rosidl_cmake/cmake/rosidl_generate_interfaces.cmake:64 (message):
[0.220s]   rosidl_generate_interfaces() must be called before ament_package()
[0.220s] Call Stack (most recent call first):
[0.220s]   CMakeLists.txt:28 (rosidl_generate_interfaces)
[0.220s] 
[0.220s] [0m
[0.221s] -- Configuring incomplete, errors occurred!
[0.221s] See also "/home/yy/ros2_learning/interface_cpp/build/example_ros2_interfaces/CMakeFiles/CMakeOutput.log".
[0.224s] gmake: *** [Makefile:1179：cmake_check_build_system] 错误 1
[0.226s] Invoked command in '/home/yy/ros2_learning/interface_cpp/build/example_ros2_interfaces' returned '2': CMAKE_PREFIX_PATH=${CMAKE_PREFIX_PATH}:/opt/ros/humble /usr/bin/cmake --build /home/yy/ros2_learning/interface_cpp/build/example_ros2_interfaces -- -j12 -l12
