[0.006s] Invoking command in '/home/yy/ros2_learning/talksay/build/talksay_cpp': CMAKE_PREFIX_PATH=${CMAKE_PREFIX_PATH}:/opt/ros/humble /usr/bin/cmake /home/yy/ros2_learning/talksay/src/talksay_cpp -DCMAKE_INSTALL_PREFIX=/home/yy/ros2_learning/talksay/install/talksay_cpp
[0.013s] -- Found ament_cmake: 1.3.10 (/opt/ros/humble/share/ament_cmake/cmake)
[0.084s] -- Found rclcpp: 16.0.10 (/opt/ros/humble/share/rclcpp/cmake)
[0.099s] -- Found rosidl_generator_c: 3.1.5 (/opt/ros/humble/share/rosidl_generator_c/cmake)
[0.100s] -- Found rosidl_adapter: 3.1.5 (/opt/ros/humble/share/rosidl_adapter/cmake)
[0.103s] -- Found rosidl_generator_cpp: 3.1.5 (/opt/ros/humble/share/rosidl_generator_cpp/cmake)
[0.108s] -- Using all available rosidl_typesupport_c: rosidl_typesupport_fastrtps_c;rosidl_typesupport_introspection_c
[0.115s] -- Using all available rosidl_typesupport_cpp: rosidl_typesupport_fastrtps_cpp;rosidl_typesupport_introspection_cpp
[0.132s] -- Found rmw_implementation_cmake: 6.1.2 (/opt/ros/humble/share/rmw_implementation_cmake/cmake)
[0.132s] -- Found rmw_fastrtps_cpp: 6.2.7 (/opt/ros/humble/share/rmw_fastrtps_cpp/cmake)
[0.187s] -- Using RMW implementation 'rmw_fastrtps_cpp' as default
[0.213s] -- Found ament_lint_auto: 0.12.11 (/opt/ros/humble/share/ament_lint_auto/cmake)
[0.251s] -- Added test 'cppcheck' to perform static code analysis on C / C++ code
[0.251s] -- Configured cppcheck include dirs: 
[0.251s] -- Configured cppcheck exclude dirs and/or files: 
[0.251s] -- Added test 'lint_cmake' to check CMake code style
[0.252s] -- Added test 'uncrustify' to check C / C++ code style
[0.252s] -- Configured uncrustify additional arguments: 
[0.252s] -- Added test 'xmllint' to check XML markup files
[0.252s] -- Configuring done
[0.256s] -- Generating done
[0.257s] -- Build files have been written to: /home/yy/ros2_learning/talksay/build/talksay_cpp
[0.263s] Invoked command in '/home/yy/ros2_learning/talksay/build/talksay_cpp' returned '0': CMAKE_PREFIX_PATH=${CMAKE_PREFIX_PATH}:/opt/ros/humble /usr/bin/cmake /home/yy/ros2_learning/talksay/src/talksay_cpp -DCMAKE_INSTALL_PREFIX=/home/yy/ros2_learning/talksay/install/talksay_cpp
[0.263s] Invoking command in '/home/yy/ros2_learning/talksay/build/talksay_cpp': CMAKE_PREFIX_PATH=${CMAKE_PREFIX_PATH}:/opt/ros/humble /usr/bin/cmake --build /home/yy/ros2_learning/talksay/build/talksay_cpp -- -j12 -l12
[0.289s] [ 50%] [32mBuilding CXX object CMakeFiles/node_01.dir/src/talksay.cpp.o[0m
[1.870s] [100%] [32m[1mLinking CXX executable node_01[0m
[1.934s] [100%] Built target node_01
[1.942s] Invoked command in '/home/yy/ros2_learning/talksay/build/talksay_cpp' returned '0': CMAKE_PREFIX_PATH=${CMAKE_PREFIX_PATH}:/opt/ros/humble /usr/bin/cmake --build /home/yy/ros2_learning/talksay/build/talksay_cpp -- -j12 -l12
[1.960s] Invoking command in '/home/yy/ros2_learning/talksay/build/talksay_cpp': CMAKE_PREFIX_PATH=${CMAKE_PREFIX_PATH}:/opt/ros/humble /usr/bin/cmake --install /home/yy/ros2_learning/talksay/build/talksay_cpp
[1.963s] -- Install configuration: ""
[1.963s] -- Installing: /home/yy/ros2_learning/talksay/install/talksay_cpp/share/ament_index/resource_index/package_run_dependencies/talksay_cpp
[1.964s] -- Installing: /home/yy/ros2_learning/talksay/install/talksay_cpp/share/ament_index/resource_index/parent_prefix_path/talksay_cpp
[1.964s] -- Installing: /home/yy/ros2_learning/talksay/install/talksay_cpp/share/talksay_cpp/environment/ament_prefix_path.sh
[1.964s] -- Installing: /home/yy/ros2_learning/talksay/install/talksay_cpp/share/talksay_cpp/environment/ament_prefix_path.dsv
[1.964s] -- Installing: /home/yy/ros2_learning/talksay/install/talksay_cpp/share/talksay_cpp/environment/path.sh
[1.964s] -- Installing: /home/yy/ros2_learning/talksay/install/talksay_cpp/share/talksay_cpp/environment/path.dsv
[1.964s] -- Installing: /home/yy/ros2_learning/talksay/install/talksay_cpp/share/talksay_cpp/local_setup.bash
[1.964s] -- Installing: /home/yy/ros2_learning/talksay/install/talksay_cpp/share/talksay_cpp/local_setup.sh
[1.964s] -- Installing: /home/yy/ros2_learning/talksay/install/talksay_cpp/share/talksay_cpp/local_setup.zsh
[1.964s] -- Installing: /home/yy/ros2_learning/talksay/install/talksay_cpp/share/talksay_cpp/local_setup.dsv
[1.964s] -- Installing: /home/yy/ros2_learning/talksay/install/talksay_cpp/share/talksay_cpp/package.dsv
[1.964s] -- Installing: /home/yy/ros2_learning/talksay/install/talksay_cpp/share/ament_index/resource_index/packages/talksay_cpp
[1.964s] -- Installing: /home/yy/ros2_learning/talksay/install/talksay_cpp/share/talksay_cpp/cmake/talksay_cppConfig.cmake
[1.964s] -- Installing: /home/yy/ros2_learning/talksay/install/talksay_cpp/share/talksay_cpp/cmake/talksay_cppConfig-version.cmake
[1.964s] -- Installing: /home/yy/ros2_learning/talksay/install/talksay_cpp/share/talksay_cpp/package.xml
[1.965s] -- Installing: /home/yy/ros2_learning/talksay/install/talksay_cpp/lib/talksay_cpp/node_01
[1.965s] -- Set runtime path of "/home/yy/ros2_learning/talksay/install/talksay_cpp/lib/talksay_cpp/node_01" to ""
[1.965s] Invoked command in '/home/yy/ros2_learning/talksay/build/talksay_cpp' returned '0': CMAKE_PREFIX_PATH=${CMAKE_PREFIX_PATH}:/opt/ros/humble /usr/bin/cmake --install /home/yy/ros2_learning/talksay/build/talksay_cpp
