[0.006s] Invoking command in '/home/yy/ros2_learning/interface_cpp/build/example_interfaces_rclcpp': AMENT_PREFIX_PATH=/home/yy/ros2_learning/interface_cpp/install/example_ros2_interfaces:${AMENT_PREFIX_PATH} CMAKE_PREFIX_PATH=/home/yy/ros2_learning/interface_cpp/install/example_ros2_interfaces:/home/yy/ros2_learning/my_helloworld/install/pkg_my_hello_world_cpp:/opt/ros/humble LD_LIBRARY_PATH=/home/yy/ros2_learning/interface_cpp/install/example_ros2_interfaces/lib:${LD_LIBRARY_PATH} PYTHONPATH=/home/yy/ros2_learning/interface_cpp/install/example_ros2_interfaces/local/lib/python3.10/dist-packages:${PYTHONPATH} /usr/bin/cmake /home/yy/ros2_learning/interface_cpp/src/example_interfaces_rclcpp -DCMAKE_INSTALL_PREFIX=/home/yy/ros2_learning/interface_cpp/install/example_interfaces_rclcpp
[0.050s] -- The C compiler identification is GNU 11.4.0
[0.091s] -- The CXX compiler identification is GNU 11.4.0
[0.096s] -- Detecting C compiler ABI info
[0.152s] -- Detecting C compiler ABI info - done
[0.159s] -- Check for working C compiler: /usr/bin/cc - skipped
[0.159s] -- Detecting C compile features
[0.159s] -- Detecting C compile features - done
[0.161s] -- Detecting CXX compiler ABI info
[0.226s] -- Detecting CXX compiler ABI info - done
[0.234s] -- Check for working CXX compiler: /usr/bin/c++ - skipped
[0.234s] -- Detecting CXX compile features
[0.234s] -- Detecting CXX compile features - done
[0.235s] -- Found ament_cmake: 1.3.10 (/opt/ros/humble/share/ament_cmake/cmake)
[0.337s] -- Found Python3: /usr/bin/python3 (found version "3.10.12") found components: Interpreter 
[0.409s] -- Found rclcpp: 16.0.10 (/opt/ros/humble/share/rclcpp/cmake)
[0.432s] -- Found rosidl_generator_c: 3.1.5 (/opt/ros/humble/share/rosidl_generator_c/cmake)
[0.434s] -- Found rosidl_adapter: 3.1.5 (/opt/ros/humble/share/rosidl_adapter/cmake)
[0.438s] -- Found rosidl_generator_cpp: 3.1.5 (/opt/ros/humble/share/rosidl_generator_cpp/cmake)
[0.445s] -- Using all available rosidl_typesupport_c: rosidl_typesupport_fastrtps_c;rosidl_typesupport_introspection_c
[0.453s] -- Using all available rosidl_typesupport_cpp: rosidl_typesupport_fastrtps_cpp;rosidl_typesupport_introspection_cpp
[0.477s] -- Found rmw_implementation_cmake: 6.1.2 (/opt/ros/humble/share/rmw_implementation_cmake/cmake)
[0.478s] -- Found rmw_fastrtps_cpp: 6.2.7 (/opt/ros/humble/share/rmw_fastrtps_cpp/cmake)
[0.540s] -- Found OpenSSL: /usr/lib/x86_64-linux-gnu/libcrypto.so (found version "3.0.2")  
[0.562s] -- Found FastRTPS: /opt/ros/humble/include  
[0.592s] -- Using RMW implementation 'rmw_fastrtps_cpp' as default
[0.599s] -- Looking for pthread.h
[0.659s] -- Looking for pthread.h - found
[0.660s] -- Performing Test CMAKE_HAVE_LIBC_PTHREAD
[0.721s] -- Performing Test CMAKE_HAVE_LIBC_PTHREAD - Success
[0.722s] -- Found Threads: TRUE  
[0.753s] -- Found example_ros2_interfaces: 0.0.0 (/home/yy/ros2_learning/interface_cpp/install/example_ros2_interfaces/share/example_ros2_interfaces/cmake)
[0.771s] -- Found ament_lint_auto: 0.12.11 (/opt/ros/humble/share/ament_lint_auto/cmake)
[0.834s] -- Added test 'cppcheck' to perform static code analysis on C / C++ code
[0.834s] -- Configured cppcheck include dirs: $<BUILD_INTERFACE:/home/yy/ros2_learning/interface_cpp/src/example_interfaces_rclcpp/include>
[0.834s] -- Configured cppcheck exclude dirs and/or files: 
[0.835s] -- Added test 'lint_cmake' to check CMake code style
[0.835s] -- Added test 'uncrustify' to check C / C++ code style
[0.835s] -- Configured uncrustify additional arguments: 
[0.836s] -- Added test 'xmllint' to check XML markup files
[0.837s] -- Configuring done
[0.848s] -- Generating done
[0.849s] -- Build files have been written to: /home/yy/ros2_learning/interface_cpp/build/example_interfaces_rclcpp
[0.859s] Invoked command in '/home/yy/ros2_learning/interface_cpp/build/example_interfaces_rclcpp' returned '0': AMENT_PREFIX_PATH=/home/yy/ros2_learning/interface_cpp/install/example_ros2_interfaces:${AMENT_PREFIX_PATH} CMAKE_PREFIX_PATH=/home/yy/ros2_learning/interface_cpp/install/example_ros2_interfaces:/home/yy/ros2_learning/my_helloworld/install/pkg_my_hello_world_cpp:/opt/ros/humble LD_LIBRARY_PATH=/home/yy/ros2_learning/interface_cpp/install/example_ros2_interfaces/lib:${LD_LIBRARY_PATH} PYTHONPATH=/home/yy/ros2_learning/interface_cpp/install/example_ros2_interfaces/local/lib/python3.10/dist-packages:${PYTHONPATH} /usr/bin/cmake /home/yy/ros2_learning/interface_cpp/src/example_interfaces_rclcpp -DCMAKE_INSTALL_PREFIX=/home/yy/ros2_learning/interface_cpp/install/example_interfaces_rclcpp
[0.859s] Invoking command in '/home/yy/ros2_learning/interface_cpp/build/example_interfaces_rclcpp': AMENT_PREFIX_PATH=/home/yy/ros2_learning/interface_cpp/install/example_ros2_interfaces:${AMENT_PREFIX_PATH} CMAKE_PREFIX_PATH=/home/yy/ros2_learning/interface_cpp/install/example_ros2_interfaces:/home/yy/ros2_learning/my_helloworld/install/pkg_my_hello_world_cpp:/opt/ros/humble LD_LIBRARY_PATH=/home/yy/ros2_learning/interface_cpp/install/example_ros2_interfaces/lib:${LD_LIBRARY_PATH} PYTHONPATH=/home/yy/ros2_learning/interface_cpp/install/example_ros2_interfaces/local/lib/python3.10/dist-packages:${PYTHONPATH} /usr/bin/cmake --build /home/yy/ros2_learning/interface_cpp/build/example_interfaces_rclcpp -- -j12 -l12
[0.897s] [ 25%] [32mBuilding CXX object CMakeFiles/example_interfaces_robot_01.dir/src/example_interfaces_robot_01.cpp.o[0m
[0.897s] [ 50%] [32mBuilding CXX object CMakeFiles/example_interfaces_control_01.dir/src/example_interfaces_control_01.cpp.o[0m
[2.976s] [ 75%] [32m[1mLinking CXX executable example_interfaces_robot_01[0m
[3.058s] [100%] [32m[1mLinking CXX executable example_interfaces_control_01[0m
[3.064s] [100%] Built target example_interfaces_robot_01
[3.140s] [100%] Built target example_interfaces_control_01
[3.151s] Invoked command in '/home/yy/ros2_learning/interface_cpp/build/example_interfaces_rclcpp' returned '0': AMENT_PREFIX_PATH=/home/yy/ros2_learning/interface_cpp/install/example_ros2_interfaces:${AMENT_PREFIX_PATH} CMAKE_PREFIX_PATH=/home/yy/ros2_learning/interface_cpp/install/example_ros2_interfaces:/home/yy/ros2_learning/my_helloworld/install/pkg_my_hello_world_cpp:/opt/ros/humble LD_LIBRARY_PATH=/home/yy/ros2_learning/interface_cpp/install/example_ros2_interfaces/lib:${LD_LIBRARY_PATH} PYTHONPATH=/home/yy/ros2_learning/interface_cpp/install/example_ros2_interfaces/local/lib/python3.10/dist-packages:${PYTHONPATH} /usr/bin/cmake --build /home/yy/ros2_learning/interface_cpp/build/example_interfaces_rclcpp -- -j12 -l12
[3.172s] Invoking command in '/home/yy/ros2_learning/interface_cpp/build/example_interfaces_rclcpp': AMENT_PREFIX_PATH=/home/yy/ros2_learning/interface_cpp/install/example_ros2_interfaces:${AMENT_PREFIX_PATH} CMAKE_PREFIX_PATH=/home/yy/ros2_learning/interface_cpp/install/example_ros2_interfaces:/home/yy/ros2_learning/my_helloworld/install/pkg_my_hello_world_cpp:/opt/ros/humble LD_LIBRARY_PATH=/home/yy/ros2_learning/interface_cpp/install/example_ros2_interfaces/lib:${LD_LIBRARY_PATH} PYTHONPATH=/home/yy/ros2_learning/interface_cpp/install/example_ros2_interfaces/local/lib/python3.10/dist-packages:${PYTHONPATH} /usr/bin/cmake --install /home/yy/ros2_learning/interface_cpp/build/example_interfaces_rclcpp
[3.177s] -- Install configuration: ""
[3.177s] -- Installing: /home/yy/ros2_learning/interface_cpp/install/example_interfaces_rclcpp/lib/example_interfaces_rclcpp/example_interfaces_robot_01
[3.178s] -- Set runtime path of "/home/yy/ros2_learning/interface_cpp/install/example_interfaces_rclcpp/lib/example_interfaces_rclcpp/example_interfaces_robot_01" to ""
[3.178s] -- Installing: /home/yy/ros2_learning/interface_cpp/install/example_interfaces_rclcpp/lib/example_interfaces_rclcpp/example_interfaces_control_01
[3.178s] -- Set runtime path of "/home/yy/ros2_learning/interface_cpp/install/example_interfaces_rclcpp/lib/example_interfaces_rclcpp/example_interfaces_control_01" to ""
[3.178s] -- Installing: /home/yy/ros2_learning/interface_cpp/install/example_interfaces_rclcpp/share/ament_index/resource_index/package_run_dependencies/example_interfaces_rclcpp
[3.178s] -- Installing: /home/yy/ros2_learning/interface_cpp/install/example_interfaces_rclcpp/share/ament_index/resource_index/parent_prefix_path/example_interfaces_rclcpp
[3.178s] -- Installing: /home/yy/ros2_learning/interface_cpp/install/example_interfaces_rclcpp/share/example_interfaces_rclcpp/environment/ament_prefix_path.sh
[3.179s] -- Installing: /home/yy/ros2_learning/interface_cpp/install/example_interfaces_rclcpp/share/example_interfaces_rclcpp/environment/ament_prefix_path.dsv
[3.179s] -- Installing: /home/yy/ros2_learning/interface_cpp/install/example_interfaces_rclcpp/share/example_interfaces_rclcpp/environment/path.sh
[3.179s] -- Installing: /home/yy/ros2_learning/interface_cpp/install/example_interfaces_rclcpp/share/example_interfaces_rclcpp/environment/path.dsv
[3.179s] -- Installing: /home/yy/ros2_learning/interface_cpp/install/example_interfaces_rclcpp/share/example_interfaces_rclcpp/local_setup.bash
[3.179s] -- Installing: /home/yy/ros2_learning/interface_cpp/install/example_interfaces_rclcpp/share/example_interfaces_rclcpp/local_setup.sh
[3.179s] -- Installing: /home/yy/ros2_learning/interface_cpp/install/example_interfaces_rclcpp/share/example_interfaces_rclcpp/local_setup.zsh
[3.179s] -- Installing: /home/yy/ros2_learning/interface_cpp/install/example_interfaces_rclcpp/share/example_interfaces_rclcpp/local_setup.dsv
[3.179s] -- Installing: /home/yy/ros2_learning/interface_cpp/install/example_interfaces_rclcpp/share/example_interfaces_rclcpp/package.dsv
[3.179s] -- Installing: /home/yy/ros2_learning/interface_cpp/install/example_interfaces_rclcpp/share/ament_index/resource_index/packages/example_interfaces_rclcpp
[3.179s] -- Installing: /home/yy/ros2_learning/interface_cpp/install/example_interfaces_rclcpp/share/example_interfaces_rclcpp/cmake/example_interfaces_rclcppConfig.cmake
[3.179s] -- Installing: /home/yy/ros2_learning/interface_cpp/install/example_interfaces_rclcpp/share/example_interfaces_rclcpp/cmake/example_interfaces_rclcppConfig-version.cmake
[3.179s] -- Installing: /home/yy/ros2_learning/interface_cpp/install/example_interfaces_rclcpp/share/example_interfaces_rclcpp/package.xml
[3.181s] Invoked command in '/home/yy/ros2_learning/interface_cpp/build/example_interfaces_rclcpp' returned '0': AMENT_PREFIX_PATH=/home/yy/ros2_learning/interface_cpp/install/example_ros2_interfaces:${AMENT_PREFIX_PATH} CMAKE_PREFIX_PATH=/home/yy/ros2_learning/interface_cpp/install/example_ros2_interfaces:/home/yy/ros2_learning/my_helloworld/install/pkg_my_hello_world_cpp:/opt/ros/humble LD_LIBRARY_PATH=/home/yy/ros2_learning/interface_cpp/install/example_ros2_interfaces/lib:${LD_LIBRARY_PATH} PYTHONPATH=/home/yy/ros2_learning/interface_cpp/install/example_ros2_interfaces/local/lib/python3.10/dist-packages:${PYTHONPATH} /usr/bin/cmake --install /home/yy/ros2_learning/interface_cpp/build/example_interfaces_rclcpp
