[0.062s] DEBUG:colcon:Command line arguments: ['/usr/bin/colcon', 'build']
[0.062s] DEBUG:colcon:Parsed command line arguments: Namespace(log_base=None, log_level=None, verb_name='build', build_base='build', install_base='install', merge_install=False, symlink_install=False, test_result_base=None, continue_on_error=False, executor='parallel', parallel_workers=12, event_handlers=None, ignore_user_meta=False, metas=['./colcon.meta'], base_paths=['.'], packages_ignore=None, packages_ignore_regex=None, paths=None, packages_up_to=None, packages_up_to_regex=None, packages_above=None, packages_above_and_dependencies=None, packages_above_depth=None, packages_select_by_dep=None, packages_skip_by_dep=None, packages_skip_up_to=None, packages_select_build_failed=False, packages_skip_build_finished=False, packages_select_test_failures=False, packages_skip_test_passed=False, packages_select=None, packages_skip=None, packages_select_regex=None, packages_skip_regex=None, packages_start=None, packages_end=None, allow_overriding=[], cmake_args=None, cmake_target=None, cmake_target_skip_unavailable=False, cmake_clean_cache=False, cmake_clean_first=False, cmake_force_configure=False, ament_cmake_args=None, catkin_cmake_args=None, catkin_skip_building_tests=False, mixin_files=None, mixin=None, verb_parser=<colcon_mixin.mixin.mixin_argument.MixinArgumentDecorator object at 0x70654bbe5f60>, verb_extension=<colcon_core.verb.build.BuildVerb object at 0x70654bbe5960>, main=<bound method BuildVerb.main of <colcon_core.verb.build.BuildVerb object at 0x70654bbe5960>>, mixin_verb=('build',))
[0.138s] Level 1:colcon.colcon_core.package_discovery:discover_packages(colcon_meta) check parameters
[0.138s] Level 1:colcon.colcon_core.package_discovery:discover_packages(recursive) check parameters
[0.138s] Level 1:colcon.colcon_core.package_discovery:discover_packages(ignore) check parameters
[0.138s] Level 1:colcon.colcon_core.package_discovery:discover_packages(path) check parameters
[0.138s] Level 1:colcon.colcon_core.package_discovery:discover_packages(colcon_meta) discover
[0.138s] Level 1:colcon.colcon_core.package_discovery:discover_packages(recursive) discover
[0.138s] INFO:colcon.colcon_core.package_discovery:Crawling recursively for packages in '/home/yy/ros2_learning/topic_cpp'
[0.139s] Level 1:colcon.colcon_core.package_identification:_identify(.) by extensions ['ignore', 'ignore_ament_install']
[0.139s] Level 1:colcon.colcon_core.package_identification:_identify(.) by extension 'ignore'
[0.139s] Level 1:colcon.colcon_core.package_identification:_identify(.) by extension 'ignore_ament_install'
[0.139s] Level 1:colcon.colcon_core.package_identification:_identify(.) by extensions ['colcon_pkg']
[0.139s] Level 1:colcon.colcon_core.package_identification:_identify(.) by extension 'colcon_pkg'
[0.139s] Level 1:colcon.colcon_core.package_identification:_identify(.) by extensions ['colcon_meta']
[0.139s] Level 1:colcon.colcon_core.package_identification:_identify(.) by extension 'colcon_meta'
[0.139s] Level 1:colcon.colcon_core.package_identification:_identify(.) by extensions ['ros']
[0.139s] Level 1:colcon.colcon_core.package_identification:_identify(.) by extension 'ros'
[0.147s] Level 1:colcon.colcon_core.package_identification:_identify(.) by extensions ['cmake', 'python']
[0.147s] Level 1:colcon.colcon_core.package_identification:_identify(.) by extension 'cmake'
[0.147s] Level 1:colcon.colcon_core.package_identification:_identify(.) by extension 'python'
[0.147s] Level 1:colcon.colcon_core.package_identification:_identify(.) by extensions ['python_setup_py']
[0.147s] Level 1:colcon.colcon_core.package_identification:_identify(.) by extension 'python_setup_py'
[0.147s] Level 1:colcon.colcon_core.package_identification:_identify(build) by extensions ['ignore', 'ignore_ament_install']
[0.147s] Level 1:colcon.colcon_core.package_identification:_identify(build) by extension 'ignore'
[0.147s] Level 1:colcon.colcon_core.package_identification:_identify(build) ignored
[0.147s] Level 1:colcon.colcon_core.package_identification:_identify(install) by extensions ['ignore', 'ignore_ament_install']
[0.147s] Level 1:colcon.colcon_core.package_identification:_identify(install) by extension 'ignore'
[0.147s] Level 1:colcon.colcon_core.package_identification:_identify(install) ignored
[0.147s] Level 1:colcon.colcon_core.package_identification:_identify(log) by extensions ['ignore', 'ignore_ament_install']
[0.147s] Level 1:colcon.colcon_core.package_identification:_identify(log) by extension 'ignore'
[0.147s] Level 1:colcon.colcon_core.package_identification:_identify(log) ignored
[0.147s] Level 1:colcon.colcon_core.package_identification:_identify(src) by extensions ['ignore', 'ignore_ament_install']
[0.147s] Level 1:colcon.colcon_core.package_identification:_identify(src) by extension 'ignore'
[0.147s] Level 1:colcon.colcon_core.package_identification:_identify(src) by extension 'ignore_ament_install'
[0.148s] Level 1:colcon.colcon_core.package_identification:_identify(src) by extensions ['colcon_pkg']
[0.148s] Level 1:colcon.colcon_core.package_identification:_identify(src) by extension 'colcon_pkg'
[0.148s] Level 1:colcon.colcon_core.package_identification:_identify(src) by extensions ['colcon_meta']
[0.148s] Level 1:colcon.colcon_core.package_identification:_identify(src) by extension 'colcon_meta'
[0.148s] Level 1:colcon.colcon_core.package_identification:_identify(src) by extensions ['ros']
[0.148s] Level 1:colcon.colcon_core.package_identification:_identify(src) by extension 'ros'
[0.148s] Level 1:colcon.colcon_core.package_identification:_identify(src) by extensions ['cmake', 'python']
[0.148s] Level 1:colcon.colcon_core.package_identification:_identify(src) by extension 'cmake'
[0.148s] Level 1:colcon.colcon_core.package_identification:_identify(src) by extension 'python'
[0.148s] Level 1:colcon.colcon_core.package_identification:_identify(src) by extensions ['python_setup_py']
[0.148s] Level 1:colcon.colcon_core.package_identification:_identify(src) by extension 'python_setup_py'
[0.148s] Level 1:colcon.colcon_core.package_identification:_identify(src/example_topic_rclcpp) by extensions ['ignore', 'ignore_ament_install']
[0.148s] Level 1:colcon.colcon_core.package_identification:_identify(src/example_topic_rclcpp) by extension 'ignore'
[0.148s] Level 1:colcon.colcon_core.package_identification:_identify(src/example_topic_rclcpp) by extension 'ignore_ament_install'
[0.148s] Level 1:colcon.colcon_core.package_identification:_identify(src/example_topic_rclcpp) by extensions ['colcon_pkg']
[0.148s] Level 1:colcon.colcon_core.package_identification:_identify(src/example_topic_rclcpp) by extension 'colcon_pkg'
[0.148s] Level 1:colcon.colcon_core.package_identification:_identify(src/example_topic_rclcpp) by extensions ['colcon_meta']
[0.148s] Level 1:colcon.colcon_core.package_identification:_identify(src/example_topic_rclcpp) by extension 'colcon_meta'
[0.148s] Level 1:colcon.colcon_core.package_identification:_identify(src/example_topic_rclcpp) by extensions ['ros']
[0.148s] Level 1:colcon.colcon_core.package_identification:_identify(src/example_topic_rclcpp) by extension 'ros'
[0.150s] DEBUG:colcon.colcon_core.package_identification:Package 'src/example_topic_rclcpp' with type 'ros.ament_cmake' and name 'example_topic_rclcpp'
[0.150s] Level 1:colcon.colcon_core.package_discovery:discover_packages(recursive) using defaults
[0.150s] Level 1:colcon.colcon_core.package_discovery:discover_packages(ignore) discover
[0.150s] Level 1:colcon.colcon_core.package_discovery:discover_packages(ignore) using defaults
[0.150s] Level 1:colcon.colcon_core.package_discovery:discover_packages(path) discover
[0.150s] Level 1:colcon.colcon_core.package_discovery:discover_packages(path) using defaults
[0.162s] Level 1:colcon.colcon_core.package_discovery:discover_packages(prefix_path) check parameters
[0.162s] Level 1:colcon.colcon_core.package_discovery:discover_packages(prefix_path) discover
[0.163s] DEBUG:colcon.colcon_installed_package_information.package_discovery:Found 1 installed packages in /home/yy/ros2_learning/my_helloworld/install
[0.164s] DEBUG:colcon.colcon_installed_package_information.package_discovery:Found 344 installed packages in /opt/ros/humble
[0.172s] Level 1:colcon.colcon_core.package_discovery:discover_packages(prefix_path) using defaults
[0.193s] Level 5:colcon.colcon_core.verb:set package 'example_topic_rclcpp' build argument 'cmake_args' from command line to 'None'
[0.193s] Level 5:colcon.colcon_core.verb:set package 'example_topic_rclcpp' build argument 'cmake_target' from command line to 'None'
[0.193s] Level 5:colcon.colcon_core.verb:set package 'example_topic_rclcpp' build argument 'cmake_target_skip_unavailable' from command line to 'False'
[0.193s] Level 5:colcon.colcon_core.verb:set package 'example_topic_rclcpp' build argument 'cmake_clean_cache' from command line to 'False'
[0.193s] Level 5:colcon.colcon_core.verb:set package 'example_topic_rclcpp' build argument 'cmake_clean_first' from command line to 'False'
[0.193s] Level 5:colcon.colcon_core.verb:set package 'example_topic_rclcpp' build argument 'cmake_force_configure' from command line to 'False'
[0.193s] Level 5:colcon.colcon_core.verb:set package 'example_topic_rclcpp' build argument 'ament_cmake_args' from command line to 'None'
[0.193s] Level 5:colcon.colcon_core.verb:set package 'example_topic_rclcpp' build argument 'catkin_cmake_args' from command line to 'None'
[0.193s] Level 5:colcon.colcon_core.verb:set package 'example_topic_rclcpp' build argument 'catkin_skip_building_tests' from command line to 'False'
[0.193s] DEBUG:colcon.colcon_core.verb:Building package 'example_topic_rclcpp' with the following arguments: {'ament_cmake_args': None, 'build_base': '/home/yy/ros2_learning/topic_cpp/build/example_topic_rclcpp', 'catkin_cmake_args': None, 'catkin_skip_building_tests': False, 'cmake_args': None, 'cmake_clean_cache': False, 'cmake_clean_first': False, 'cmake_force_configure': False, 'cmake_target': None, 'cmake_target_skip_unavailable': False, 'install_base': '/home/yy/ros2_learning/topic_cpp/install/example_topic_rclcpp', 'merge_install': False, 'path': '/home/yy/ros2_learning/topic_cpp/src/example_topic_rclcpp', 'symlink_install': False, 'test_result_base': None}
[0.193s] INFO:colcon.colcon_core.executor:Executing jobs using 'parallel' executor
[0.194s] DEBUG:colcon.colcon_parallel_executor.executor.parallel:run_until_complete
[0.194s] INFO:colcon.colcon_ros.task.ament_cmake.build:Building ROS package in '/home/yy/ros2_learning/topic_cpp/src/example_topic_rclcpp' with build type 'ament_cmake'
[0.194s] INFO:colcon.colcon_cmake.task.cmake.build:Building CMake package in '/home/yy/ros2_learning/topic_cpp/src/example_topic_rclcpp'
[0.195s] INFO:colcon.colcon_core.plugin_system:Skipping extension 'colcon_core.shell.bat': Not used on non-Windows systems
[0.195s] INFO:colcon.colcon_core.shell:Skip shell extension 'powershell' for command environment: Not usable outside of PowerShell
[0.195s] DEBUG:colcon.colcon_core.shell:Skip shell extension 'dsv' for command environment
[0.201s] DEBUG:colcon.colcon_core.event_handler.log_command:Invoking command in '/home/yy/ros2_learning/topic_cpp/build/example_topic_rclcpp': CMAKE_PREFIX_PATH=${CMAKE_PREFIX_PATH}:/opt/ros/humble /usr/bin/cmake --build /home/yy/ros2_learning/topic_cpp/build/example_topic_rclcpp -- -j12 -l12
[5.772s] DEBUG:colcon.colcon_core.event_handler.log_command:Invoked command in '/home/yy/ros2_learning/topic_cpp/build/example_topic_rclcpp' returned '0': CMAKE_PREFIX_PATH=${CMAKE_PREFIX_PATH}:/opt/ros/humble /usr/bin/cmake --build /home/yy/ros2_learning/topic_cpp/build/example_topic_rclcpp -- -j12 -l12
[5.798s] DEBUG:colcon.colcon_core.event_handler.log_command:Invoking command in '/home/yy/ros2_learning/topic_cpp/build/example_topic_rclcpp': CMAKE_PREFIX_PATH=${CMAKE_PREFIX_PATH}:/opt/ros/humble /usr/bin/cmake --install /home/yy/ros2_learning/topic_cpp/build/example_topic_rclcpp
[5.808s] Level 1:colcon.colcon_core.environment:create_environment_scripts_only(example_topic_rclcpp)
[5.808s] DEBUG:colcon.colcon_core.event_handler.log_command:Invoked command in '/home/yy/ros2_learning/topic_cpp/build/example_topic_rclcpp' returned '0': CMAKE_PREFIX_PATH=${CMAKE_PREFIX_PATH}:/opt/ros/humble /usr/bin/cmake --install /home/yy/ros2_learning/topic_cpp/build/example_topic_rclcpp
[5.810s] Level 1:colcon.colcon_core.environment:checking '/home/yy/ros2_learning/topic_cpp/install/example_topic_rclcpp' for CMake module files
[5.811s] Level 1:colcon.colcon_core.environment:checking '/home/yy/ros2_learning/topic_cpp/install/example_topic_rclcpp' for CMake config files
[5.811s] Level 1:colcon.colcon_core.shell:create_environment_hook('example_topic_rclcpp', 'cmake_prefix_path')
[5.811s] INFO:colcon.colcon_core.shell:Creating environment hook '/home/yy/ros2_learning/topic_cpp/install/example_topic_rclcpp/share/example_topic_rclcpp/hook/cmake_prefix_path.ps1'
[5.812s] INFO:colcon.colcon_core.shell:Creating environment descriptor '/home/yy/ros2_learning/topic_cpp/install/example_topic_rclcpp/share/example_topic_rclcpp/hook/cmake_prefix_path.dsv'
[5.812s] INFO:colcon.colcon_core.shell:Creating environment hook '/home/yy/ros2_learning/topic_cpp/install/example_topic_rclcpp/share/example_topic_rclcpp/hook/cmake_prefix_path.sh'
[5.813s] Level 1:colcon.colcon_core.environment:checking '/home/yy/ros2_learning/topic_cpp/install/example_topic_rclcpp/lib'
[5.813s] Level 1:colcon.colcon_core.environment:checking '/home/yy/ros2_learning/topic_cpp/install/example_topic_rclcpp/bin'
[5.813s] Level 1:colcon.colcon_core.environment:checking '/home/yy/ros2_learning/topic_cpp/install/example_topic_rclcpp/lib/pkgconfig/example_topic_rclcpp.pc'
[5.813s] Level 1:colcon.colcon_core.environment:checking '/home/yy/ros2_learning/topic_cpp/install/example_topic_rclcpp/lib/python3.10/site-packages'
[5.813s] Level 1:colcon.colcon_core.environment:checking '/home/yy/ros2_learning/topic_cpp/install/example_topic_rclcpp/bin'
[5.814s] INFO:colcon.colcon_core.shell:Creating package script '/home/yy/ros2_learning/topic_cpp/install/example_topic_rclcpp/share/example_topic_rclcpp/package.ps1'
[5.814s] INFO:colcon.colcon_core.shell:Creating package descriptor '/home/yy/ros2_learning/topic_cpp/install/example_topic_rclcpp/share/example_topic_rclcpp/package.dsv'
[5.814s] INFO:colcon.colcon_core.shell:Creating package script '/home/yy/ros2_learning/topic_cpp/install/example_topic_rclcpp/share/example_topic_rclcpp/package.sh'
[5.815s] INFO:colcon.colcon_core.shell:Creating package script '/home/yy/ros2_learning/topic_cpp/install/example_topic_rclcpp/share/example_topic_rclcpp/package.bash'
[5.815s] INFO:colcon.colcon_core.shell:Creating package script '/home/yy/ros2_learning/topic_cpp/install/example_topic_rclcpp/share/example_topic_rclcpp/package.zsh'
[5.815s] Level 1:colcon.colcon_core.environment:create_file_with_runtime_dependencies(/home/yy/ros2_learning/topic_cpp/install/example_topic_rclcpp/share/colcon-core/packages/example_topic_rclcpp)
[5.836s] Level 1:colcon.colcon_core.environment:create_environment_scripts_only(example_topic_rclcpp)
[5.837s] Level 1:colcon.colcon_core.environment:checking '/home/yy/ros2_learning/topic_cpp/install/example_topic_rclcpp' for CMake module files
[5.837s] Level 1:colcon.colcon_core.environment:checking '/home/yy/ros2_learning/topic_cpp/install/example_topic_rclcpp' for CMake config files
[5.837s] Level 1:colcon.colcon_core.shell:create_environment_hook('example_topic_rclcpp', 'cmake_prefix_path')
[5.837s] INFO:colcon.colcon_core.shell:Creating environment hook '/home/yy/ros2_learning/topic_cpp/install/example_topic_rclcpp/share/example_topic_rclcpp/hook/cmake_prefix_path.ps1'
[5.837s] INFO:colcon.colcon_core.shell:Creating environment descriptor '/home/yy/ros2_learning/topic_cpp/install/example_topic_rclcpp/share/example_topic_rclcpp/hook/cmake_prefix_path.dsv'
[5.837s] INFO:colcon.colcon_core.shell:Creating environment hook '/home/yy/ros2_learning/topic_cpp/install/example_topic_rclcpp/share/example_topic_rclcpp/hook/cmake_prefix_path.sh'
[5.838s] Level 1:colcon.colcon_core.environment:checking '/home/yy/ros2_learning/topic_cpp/install/example_topic_rclcpp/lib'
[5.838s] Level 1:colcon.colcon_core.environment:checking '/home/yy/ros2_learning/topic_cpp/install/example_topic_rclcpp/bin'
[5.838s] Level 1:colcon.colcon_core.environment:checking '/home/yy/ros2_learning/topic_cpp/install/example_topic_rclcpp/lib/pkgconfig/example_topic_rclcpp.pc'
[5.838s] Level 1:colcon.colcon_core.environment:checking '/home/yy/ros2_learning/topic_cpp/install/example_topic_rclcpp/lib/python3.10/site-packages'
[5.838s] Level 1:colcon.colcon_core.environment:checking '/home/yy/ros2_learning/topic_cpp/install/example_topic_rclcpp/bin'
[5.838s] INFO:colcon.colcon_core.shell:Creating package script '/home/yy/ros2_learning/topic_cpp/install/example_topic_rclcpp/share/example_topic_rclcpp/package.ps1'
[5.839s] INFO:colcon.colcon_core.shell:Creating package descriptor '/home/yy/ros2_learning/topic_cpp/install/example_topic_rclcpp/share/example_topic_rclcpp/package.dsv'
[5.839s] INFO:colcon.colcon_core.shell:Creating package script '/home/yy/ros2_learning/topic_cpp/install/example_topic_rclcpp/share/example_topic_rclcpp/package.sh'
[5.839s] INFO:colcon.colcon_core.shell:Creating package script '/home/yy/ros2_learning/topic_cpp/install/example_topic_rclcpp/share/example_topic_rclcpp/package.bash'
[5.839s] INFO:colcon.colcon_core.shell:Creating package script '/home/yy/ros2_learning/topic_cpp/install/example_topic_rclcpp/share/example_topic_rclcpp/package.zsh'
[5.839s] Level 1:colcon.colcon_core.environment:create_file_with_runtime_dependencies(/home/yy/ros2_learning/topic_cpp/install/example_topic_rclcpp/share/colcon-core/packages/example_topic_rclcpp)
[5.840s] DEBUG:colcon.colcon_parallel_executor.executor.parallel:closing loop
[5.840s] DEBUG:colcon.colcon_parallel_executor.executor.parallel:loop closed
[5.840s] DEBUG:colcon.colcon_parallel_executor.executor.parallel:run_until_complete finished with '0'
[5.840s] DEBUG:colcon.colcon_core.event_reactor:joining thread
[5.845s] INFO:colcon.colcon_core.plugin_system:Skipping extension 'colcon_notification.desktop_notification.terminal_notifier': Not used on non-Darwin systems
[5.845s] INFO:colcon.colcon_core.plugin_system:Skipping extension 'colcon_notification.desktop_notification.win32': Not used on non-Windows systems
[5.845s] INFO:colcon.colcon_notification.desktop_notification:Sending desktop notification using 'notify2'
[5.857s] DEBUG:colcon.colcon_core.event_reactor:joined thread
[5.858s] INFO:colcon.colcon_core.shell:Creating prefix script '/home/yy/ros2_learning/topic_cpp/install/local_setup.ps1'
[5.859s] INFO:colcon.colcon_core.shell:Creating prefix util module '/home/yy/ros2_learning/topic_cpp/install/_local_setup_util_ps1.py'
[5.860s] INFO:colcon.colcon_core.shell:Creating prefix chain script '/home/yy/ros2_learning/topic_cpp/install/setup.ps1'
[5.861s] INFO:colcon.colcon_core.shell:Creating prefix script '/home/yy/ros2_learning/topic_cpp/install/local_setup.sh'
[5.862s] INFO:colcon.colcon_core.shell:Creating prefix util module '/home/yy/ros2_learning/topic_cpp/install/_local_setup_util_sh.py'
[5.862s] INFO:colcon.colcon_core.shell:Creating prefix chain script '/home/yy/ros2_learning/topic_cpp/install/setup.sh'
[5.863s] INFO:colcon.colcon_core.shell:Creating prefix script '/home/yy/ros2_learning/topic_cpp/install/local_setup.bash'
[5.864s] INFO:colcon.colcon_core.shell:Creating prefix chain script '/home/yy/ros2_learning/topic_cpp/install/setup.bash'
[5.865s] INFO:colcon.colcon_core.shell:Creating prefix script '/home/yy/ros2_learning/topic_cpp/install/local_setup.zsh'
[5.865s] INFO:colcon.colcon_core.shell:Creating prefix chain script '/home/yy/ros2_learning/topic_cpp/install/setup.zsh'
