[0.007s] Invoking command in '/home/yy/code/hello_world/build/pkg_01_helloworld_cpp': CMAKE_PREFIX_PATH=${CMAKE_PREFIX_PATH}:/opt/ros/humble /usr/bin/cmake --build /home/yy/code/hello_world/build/pkg_01_helloworld_cpp -- -j12 -l12
[0.031s] [35m[1mConsolidate compiler generated dependencies of target helloworld[0m
[0.041s] [100%] Built target helloworld
[0.047s] Invoked command in '/home/yy/code/hello_world/build/pkg_01_helloworld_cpp' returned '0': CMAKE_PREFIX_PATH=${CMAKE_PREFIX_PATH}:/opt/ros/humble /usr/bin/cmake --build /home/yy/code/hello_world/build/pkg_01_helloworld_cpp -- -j12 -l12
[0.066s] Invoking command in '/home/yy/code/hello_world/build/pkg_01_helloworld_cpp': CMAKE_PREFIX_PATH=${CMAKE_PREFIX_PATH}:/opt/ros/humble /usr/bin/cmake --install /home/yy/code/hello_world/build/pkg_01_helloworld_cpp
[0.071s] -- Install configuration: ""
[0.071s] -- Up-to-date: /home/yy/code/hello_world/install/pkg_01_helloworld_cpp/lib/pkg_01_helloworld_cpp/helloworld
[0.071s] -- Up-to-date: /home/yy/code/hello_world/install/pkg_01_helloworld_cpp/share/ament_index/resource_index/package_run_dependencies/pkg_01_helloworld_cpp
[0.071s] -- Up-to-date: /home/yy/code/hello_world/install/pkg_01_helloworld_cpp/share/ament_index/resource_index/parent_prefix_path/pkg_01_helloworld_cpp
[0.071s] -- Up-to-date: /home/yy/code/hello_world/install/pkg_01_helloworld_cpp/share/pkg_01_helloworld_cpp/environment/ament_prefix_path.sh
[0.072s] -- Up-to-date: /home/yy/code/hello_world/install/pkg_01_helloworld_cpp/share/pkg_01_helloworld_cpp/environment/ament_prefix_path.dsv
[0.072s] -- Up-to-date: /home/yy/code/hello_world/install/pkg_01_helloworld_cpp/share/pkg_01_helloworld_cpp/environment/path.sh
[0.072s] -- Up-to-date: /home/yy/code/hello_world/install/pkg_01_helloworld_cpp/share/pkg_01_helloworld_cpp/environment/path.dsv
[0.072s] -- Up-to-date: /home/yy/code/hello_world/install/pkg_01_helloworld_cpp/share/pkg_01_helloworld_cpp/local_setup.bash
[0.072s] -- Up-to-date: /home/yy/code/hello_world/install/pkg_01_helloworld_cpp/share/pkg_01_helloworld_cpp/local_setup.sh
[0.072s] -- Up-to-date: /home/yy/code/hello_world/install/pkg_01_helloworld_cpp/share/pkg_01_helloworld_cpp/local_setup.zsh
[0.072s] -- Up-to-date: /home/yy/code/hello_world/install/pkg_01_helloworld_cpp/share/pkg_01_helloworld_cpp/local_setup.dsv
[0.072s] -- Installing: /home/yy/code/hello_world/install/pkg_01_helloworld_cpp/share/pkg_01_helloworld_cpp/package.dsv
[0.072s] -- Up-to-date: /home/yy/code/hello_world/install/pkg_01_helloworld_cpp/share/ament_index/resource_index/packages/pkg_01_helloworld_cpp
[0.072s] -- Up-to-date: /home/yy/code/hello_world/install/pkg_01_helloworld_cpp/share/pkg_01_helloworld_cpp/cmake/pkg_01_helloworld_cppConfig.cmake
[0.072s] -- Up-to-date: /home/yy/code/hello_world/install/pkg_01_helloworld_cpp/share/pkg_01_helloworld_cpp/cmake/pkg_01_helloworld_cppConfig-version.cmake
[0.072s] -- Up-to-date: /home/yy/code/hello_world/install/pkg_01_helloworld_cpp/share/pkg_01_helloworld_cpp/package.xml
[0.073s] Invoked command in '/home/yy/code/hello_world/build/pkg_01_helloworld_cpp' returned '0': CMAKE_PREFIX_PATH=${CMAKE_PREFIX_PATH}:/opt/ros/humble /usr/bin/cmake --install /home/yy/code/hello_world/build/pkg_01_helloworld_cpp
