[0.006s] Invoking command in '/home/yy/ros2_learning/interface_cpp/build/example_ros2_interfaces': CMAKE_PREFIX_PATH=${CMAKE_PREFIX_PATH}:/opt/ros/humble /usr/bin/cmake --build /home/yy/ros2_learning/interface_cpp/build/example_ros2_interfaces -- -j12 -l12
[0.045s] [ 10%] Built target example_ros2_interfaces__rosidl_generator_c
[0.045s] [ 12%] Built target example_ros2_interfaces__cpp
[0.053s] [ 12%] Built target ament_cmake_python_copy_example_ros2_interfaces
[0.061s] [ 23%] Built target example_ros2_interfaces__rosidl_typesupport_c
[0.062s] [ 34%] Built target example_ros2_interfaces__rosidl_typesupport_fastrtps_c
[0.063s] [ 44%] Built target example_ros2_interfaces__rosidl_typesupport_introspection_c
[0.064s] [ 55%] Built target example_ros2_interfaces__rosidl_typesupport_introspection_cpp
[0.064s] [ 65%] Built target example_ros2_interfaces__rosidl_typesupport_cpp
[0.065s] [ 76%] Built target example_ros2_interfaces__rosidl_typesupport_fastrtps_cpp
[0.079s] [ 76%] Built target example_ros2_interfaces
[0.095s] [ 78%] Built target example_ros2_interfaces__py
[0.114s] [ 87%] Built target example_ros2_interfaces__rosidl_generator_py
[0.132s] [ 91%] Built target example_ros2_interfaces__rosidl_typesupport_introspection_c__pyext
[0.132s] [ 95%] Built target example_ros2_interfaces__rosidl_typesupport_fastrtps_c__pyext
[0.132s] [100%] Built target example_ros2_interfaces__rosidl_typesupport_c__pyext
[0.180s] running egg_info
[0.181s] writing example_ros2_interfaces.egg-info/PKG-INFO
[0.181s] writing dependency_links to example_ros2_interfaces.egg-info/dependency_links.txt
[0.181s] writing top-level names to example_ros2_interfaces.egg-info/top_level.txt
[0.182s] reading manifest file 'example_ros2_interfaces.egg-info/SOURCES.txt'
[0.182s] writing manifest file 'example_ros2_interfaces.egg-info/SOURCES.txt'
[0.201s] [100%] Built target ament_cmake_python_build_example_ros2_interfaces_egg
[0.210s] Invoked command in '/home/yy/ros2_learning/interface_cpp/build/example_ros2_interfaces' returned '0': CMAKE_PREFIX_PATH=${CMAKE_PREFIX_PATH}:/opt/ros/humble /usr/bin/cmake --build /home/yy/ros2_learning/interface_cpp/build/example_ros2_interfaces -- -j12 -l12
[0.286s] Invoking command in '/home/yy/ros2_learning/interface_cpp/build/example_ros2_interfaces': CMAKE_PREFIX_PATH=${CMAKE_PREFIX_PATH}:/opt/ros/humble /usr/bin/cmake --install /home/yy/ros2_learning/interface_cpp/build/example_ros2_interfaces
[0.291s] -- Install configuration: ""
[0.292s] -- Up-to-date: /home/yy/ros2_learning/interface_cpp/install/example_ros2_interfaces/share/ament_index/resource_index/rosidl_interfaces/example_ros2_interfaces
[0.292s] -- Up-to-date: /home/yy/ros2_learning/interface_cpp/install/example_ros2_interfaces/include/example_ros2_interfaces/example_ros2_interfaces
[0.292s] -- Up-to-date: /home/yy/ros2_learning/interface_cpp/install/example_ros2_interfaces/include/example_ros2_interfaces/example_ros2_interfaces/msg
[0.292s] -- Up-to-date: /home/yy/ros2_learning/interface_cpp/install/example_ros2_interfaces/include/example_ros2_interfaces/example_ros2_interfaces/msg/robot_pose.h
[0.292s] -- Up-to-date: /home/yy/ros2_learning/interface_cpp/install/example_ros2_interfaces/include/example_ros2_interfaces/example_ros2_interfaces/msg/rosidl_generator_c__visibility_control.h
[0.292s] -- Up-to-date: /home/yy/ros2_learning/interface_cpp/install/example_ros2_interfaces/include/example_ros2_interfaces/example_ros2_interfaces/msg/robot_status.h
[0.292s] -- Up-to-date: /home/yy/ros2_learning/interface_cpp/install/example_ros2_interfaces/include/example_ros2_interfaces/example_ros2_interfaces/msg/detail
[0.292s] -- Up-to-date: /home/yy/ros2_learning/interface_cpp/install/example_ros2_interfaces/include/example_ros2_interfaces/example_ros2_interfaces/msg/detail/robot_status__struct.h
[0.292s] -- Up-to-date: /home/yy/ros2_learning/interface_cpp/install/example_ros2_interfaces/include/example_ros2_interfaces/example_ros2_interfaces/msg/detail/robot_pose__functions.h
[0.292s] -- Up-to-date: /home/yy/ros2_learning/interface_cpp/install/example_ros2_interfaces/include/example_ros2_interfaces/example_ros2_interfaces/msg/detail/robot_status__functions.c
[0.293s] -- Up-to-date: /home/yy/ros2_learning/interface_cpp/install/example_ros2_interfaces/include/example_ros2_interfaces/example_ros2_interfaces/msg/detail/robot_status__type_support.h
[0.293s] -- Up-to-date: /home/yy/ros2_learning/interface_cpp/install/example_ros2_interfaces/include/example_ros2_interfaces/example_ros2_interfaces/msg/detail/robot_status__functions.h
[0.293s] -- Up-to-date: /home/yy/ros2_learning/interface_cpp/install/example_ros2_interfaces/include/example_ros2_interfaces/example_ros2_interfaces/msg/detail/robot_pose__functions.c
[0.293s] -- Up-to-date: /home/yy/ros2_learning/interface_cpp/install/example_ros2_interfaces/include/example_ros2_interfaces/example_ros2_interfaces/msg/detail/robot_pose__struct.h
[0.293s] -- Up-to-date: /home/yy/ros2_learning/interface_cpp/install/example_ros2_interfaces/include/example_ros2_interfaces/example_ros2_interfaces/msg/detail/robot_pose__type_support.h
[0.293s] -- Up-to-date: /home/yy/ros2_learning/interface_cpp/install/example_ros2_interfaces/include/example_ros2_interfaces/example_ros2_interfaces/srv
[0.293s] -- Up-to-date: /home/yy/ros2_learning/interface_cpp/install/example_ros2_interfaces/include/example_ros2_interfaces/example_ros2_interfaces/srv/move_robot.h
[0.293s] -- Up-to-date: /home/yy/ros2_learning/interface_cpp/install/example_ros2_interfaces/include/example_ros2_interfaces/example_ros2_interfaces/srv/detail
[0.293s] -- Up-to-date: /home/yy/ros2_learning/interface_cpp/install/example_ros2_interfaces/include/example_ros2_interfaces/example_ros2_interfaces/srv/detail/move_robot__functions.h
[0.293s] -- Up-to-date: /home/yy/ros2_learning/interface_cpp/install/example_ros2_interfaces/include/example_ros2_interfaces/example_ros2_interfaces/srv/detail/move_robot__struct.h
[0.293s] -- Up-to-date: /home/yy/ros2_learning/interface_cpp/install/example_ros2_interfaces/include/example_ros2_interfaces/example_ros2_interfaces/srv/detail/move_robot__functions.c
[0.293s] -- Up-to-date: /home/yy/ros2_learning/interface_cpp/install/example_ros2_interfaces/include/example_ros2_interfaces/example_ros2_interfaces/srv/detail/move_robot__type_support.h
[0.293s] -- Up-to-date: /home/yy/ros2_learning/interface_cpp/install/example_ros2_interfaces/share/example_ros2_interfaces/environment/library_path.sh
[0.294s] -- Up-to-date: /home/yy/ros2_learning/interface_cpp/install/example_ros2_interfaces/share/example_ros2_interfaces/environment/library_path.dsv
[0.294s] -- Up-to-date: /home/yy/ros2_learning/interface_cpp/install/example_ros2_interfaces/lib/libexample_ros2_interfaces__rosidl_generator_c.so
[0.294s] -- Up-to-date: /home/yy/ros2_learning/interface_cpp/install/example_ros2_interfaces/include/example_ros2_interfaces/example_ros2_interfaces
[0.294s] -- Up-to-date: /home/yy/ros2_learning/interface_cpp/install/example_ros2_interfaces/include/example_ros2_interfaces/example_ros2_interfaces/msg
[0.294s] -- Up-to-date: /home/yy/ros2_learning/interface_cpp/install/example_ros2_interfaces/include/example_ros2_interfaces/example_ros2_interfaces/msg/detail
[0.294s] -- Up-to-date: /home/yy/ros2_learning/interface_cpp/install/example_ros2_interfaces/include/example_ros2_interfaces/example_ros2_interfaces/msg/detail/robot_status__rosidl_typesupport_fastrtps_c.h
[0.294s] -- Up-to-date: /home/yy/ros2_learning/interface_cpp/install/example_ros2_interfaces/include/example_ros2_interfaces/example_ros2_interfaces/msg/detail/robot_pose__rosidl_typesupport_fastrtps_c.h
[0.294s] -- Up-to-date: /home/yy/ros2_learning/interface_cpp/install/example_ros2_interfaces/include/example_ros2_interfaces/example_ros2_interfaces/msg/rosidl_typesupport_fastrtps_c__visibility_control.h
[0.294s] -- Up-to-date: /home/yy/ros2_learning/interface_cpp/install/example_ros2_interfaces/include/example_ros2_interfaces/example_ros2_interfaces/srv
[0.294s] -- Up-to-date: /home/yy/ros2_learning/interface_cpp/install/example_ros2_interfaces/include/example_ros2_interfaces/example_ros2_interfaces/srv/detail
[0.294s] -- Up-to-date: /home/yy/ros2_learning/interface_cpp/install/example_ros2_interfaces/include/example_ros2_interfaces/example_ros2_interfaces/srv/detail/move_robot__rosidl_typesupport_fastrtps_c.h
[0.294s] -- Up-to-date: /home/yy/ros2_learning/interface_cpp/install/example_ros2_interfaces/lib/libexample_ros2_interfaces__rosidl_typesupport_fastrtps_c.so
[0.294s] -- Up-to-date: /home/yy/ros2_learning/interface_cpp/install/example_ros2_interfaces/include/example_ros2_interfaces/example_ros2_interfaces
[0.294s] -- Up-to-date: /home/yy/ros2_learning/interface_cpp/install/example_ros2_interfaces/include/example_ros2_interfaces/example_ros2_interfaces/msg
[0.294s] -- Up-to-date: /home/yy/ros2_learning/interface_cpp/install/example_ros2_interfaces/include/example_ros2_interfaces/example_ros2_interfaces/msg/rosidl_typesupport_introspection_c__visibility_control.h
[0.294s] -- Up-to-date: /home/yy/ros2_learning/interface_cpp/install/example_ros2_interfaces/include/example_ros2_interfaces/example_ros2_interfaces/msg/detail
[0.294s] -- Up-to-date: /home/yy/ros2_learning/interface_cpp/install/example_ros2_interfaces/include/example_ros2_interfaces/example_ros2_interfaces/msg/detail/robot_status__type_support.c
[0.295s] -- Up-to-date: /home/yy/ros2_learning/interface_cpp/install/example_ros2_interfaces/include/example_ros2_interfaces/example_ros2_interfaces/msg/detail/robot_status__rosidl_typesupport_introspection_c.h
[0.295s] -- Up-to-date: /home/yy/ros2_learning/interface_cpp/install/example_ros2_interfaces/include/example_ros2_interfaces/example_ros2_interfaces/msg/detail/robot_pose__rosidl_typesupport_introspection_c.h
[0.295s] -- Up-to-date: /home/yy/ros2_learning/interface_cpp/install/example_ros2_interfaces/include/example_ros2_interfaces/example_ros2_interfaces/msg/detail/robot_pose__type_support.c
[0.295s] -- Up-to-date: /home/yy/ros2_learning/interface_cpp/install/example_ros2_interfaces/include/example_ros2_interfaces/example_ros2_interfaces/srv
[0.295s] -- Up-to-date: /home/yy/ros2_learning/interface_cpp/install/example_ros2_interfaces/include/example_ros2_interfaces/example_ros2_interfaces/srv/detail
[0.295s] -- Up-to-date: /home/yy/ros2_learning/interface_cpp/install/example_ros2_interfaces/include/example_ros2_interfaces/example_ros2_interfaces/srv/detail/move_robot__type_support.c
[0.295s] -- Up-to-date: /home/yy/ros2_learning/interface_cpp/install/example_ros2_interfaces/include/example_ros2_interfaces/example_ros2_interfaces/srv/detail/move_robot__rosidl_typesupport_introspection_c.h
[0.295s] -- Up-to-date: /home/yy/ros2_learning/interface_cpp/install/example_ros2_interfaces/lib/libexample_ros2_interfaces__rosidl_typesupport_introspection_c.so
[0.295s] -- Up-to-date: /home/yy/ros2_learning/interface_cpp/install/example_ros2_interfaces/lib/libexample_ros2_interfaces__rosidl_typesupport_c.so
[0.295s] -- Up-to-date: /home/yy/ros2_learning/interface_cpp/install/example_ros2_interfaces/include/example_ros2_interfaces/example_ros2_interfaces
[0.295s] -- Up-to-date: /home/yy/ros2_learning/interface_cpp/install/example_ros2_interfaces/include/example_ros2_interfaces/example_ros2_interfaces/msg
[0.295s] -- Up-to-date: /home/yy/ros2_learning/interface_cpp/install/example_ros2_interfaces/include/example_ros2_interfaces/example_ros2_interfaces/msg/robot_pose.hpp
[0.295s] -- Up-to-date: /home/yy/ros2_learning/interface_cpp/install/example_ros2_interfaces/include/example_ros2_interfaces/example_ros2_interfaces/msg/robot_status.hpp
[0.295s] -- Up-to-date: /home/yy/ros2_learning/interface_cpp/install/example_ros2_interfaces/include/example_ros2_interfaces/example_ros2_interfaces/msg/detail
[0.295s] -- Up-to-date: /home/yy/ros2_learning/interface_cpp/install/example_ros2_interfaces/include/example_ros2_interfaces/example_ros2_interfaces/msg/detail/robot_pose__builder.hpp
[0.295s] -- Up-to-date: /home/yy/ros2_learning/interface_cpp/install/example_ros2_interfaces/include/example_ros2_interfaces/example_ros2_interfaces/msg/detail/robot_status__struct.hpp
[0.295s] -- Up-to-date: /home/yy/ros2_learning/interface_cpp/install/example_ros2_interfaces/include/example_ros2_interfaces/example_ros2_interfaces/msg/detail/robot_status__traits.hpp
[0.296s] -- Up-to-date: /home/yy/ros2_learning/interface_cpp/install/example_ros2_interfaces/include/example_ros2_interfaces/example_ros2_interfaces/msg/detail/robot_pose__traits.hpp
[0.296s] -- Up-to-date: /home/yy/ros2_learning/interface_cpp/install/example_ros2_interfaces/include/example_ros2_interfaces/example_ros2_interfaces/msg/detail/robot_pose__struct.hpp
[0.296s] -- Up-to-date: /home/yy/ros2_learning/interface_cpp/install/example_ros2_interfaces/include/example_ros2_interfaces/example_ros2_interfaces/msg/detail/robot_status__builder.hpp
[0.296s] -- Up-to-date: /home/yy/ros2_learning/interface_cpp/install/example_ros2_interfaces/include/example_ros2_interfaces/example_ros2_interfaces/srv
[0.296s] -- Up-to-date: /home/yy/ros2_learning/interface_cpp/install/example_ros2_interfaces/include/example_ros2_interfaces/example_ros2_interfaces/srv/detail
[0.296s] -- Up-to-date: /home/yy/ros2_learning/interface_cpp/install/example_ros2_interfaces/include/example_ros2_interfaces/example_ros2_interfaces/srv/detail/move_robot__builder.hpp
[0.296s] -- Up-to-date: /home/yy/ros2_learning/interface_cpp/install/example_ros2_interfaces/include/example_ros2_interfaces/example_ros2_interfaces/srv/detail/move_robot__traits.hpp
[0.296s] -- Up-to-date: /home/yy/ros2_learning/interface_cpp/install/example_ros2_interfaces/include/example_ros2_interfaces/example_ros2_interfaces/srv/detail/move_robot__struct.hpp
[0.296s] -- Up-to-date: /home/yy/ros2_learning/interface_cpp/install/example_ros2_interfaces/include/example_ros2_interfaces/example_ros2_interfaces/srv/move_robot.hpp
[0.296s] -- Up-to-date: /home/yy/ros2_learning/interface_cpp/install/example_ros2_interfaces/include/example_ros2_interfaces/example_ros2_interfaces
[0.296s] -- Up-to-date: /home/yy/ros2_learning/interface_cpp/install/example_ros2_interfaces/include/example_ros2_interfaces/example_ros2_interfaces/msg
[0.296s] -- Up-to-date: /home/yy/ros2_learning/interface_cpp/install/example_ros2_interfaces/include/example_ros2_interfaces/example_ros2_interfaces/msg/rosidl_typesupport_fastrtps_cpp__visibility_control.h
[0.296s] -- Up-to-date: /home/yy/ros2_learning/interface_cpp/install/example_ros2_interfaces/include/example_ros2_interfaces/example_ros2_interfaces/msg/detail
[0.296s] -- Up-to-date: /home/yy/ros2_learning/interface_cpp/install/example_ros2_interfaces/include/example_ros2_interfaces/example_ros2_interfaces/msg/detail/robot_pose__rosidl_typesupport_fastrtps_cpp.hpp
[0.296s] -- Up-to-date: /home/yy/ros2_learning/interface_cpp/install/example_ros2_interfaces/include/example_ros2_interfaces/example_ros2_interfaces/msg/detail/dds_fastrtps
[0.296s] -- Up-to-date: /home/yy/ros2_learning/interface_cpp/install/example_ros2_interfaces/include/example_ros2_interfaces/example_ros2_interfaces/msg/detail/robot_status__rosidl_typesupport_fastrtps_cpp.hpp
[0.296s] -- Up-to-date: /home/yy/ros2_learning/interface_cpp/install/example_ros2_interfaces/include/example_ros2_interfaces/example_ros2_interfaces/srv
[0.296s] -- Up-to-date: /home/yy/ros2_learning/interface_cpp/install/example_ros2_interfaces/include/example_ros2_interfaces/example_ros2_interfaces/srv/detail
[0.297s] -- Up-to-date: /home/yy/ros2_learning/interface_cpp/install/example_ros2_interfaces/include/example_ros2_interfaces/example_ros2_interfaces/srv/detail/move_robot__rosidl_typesupport_fastrtps_cpp.hpp
[0.297s] -- Up-to-date: /home/yy/ros2_learning/interface_cpp/install/example_ros2_interfaces/include/example_ros2_interfaces/example_ros2_interfaces/srv/detail/dds_fastrtps
[0.297s] -- Up-to-date: /home/yy/ros2_learning/interface_cpp/install/example_ros2_interfaces/lib/libexample_ros2_interfaces__rosidl_typesupport_fastrtps_cpp.so
[0.297s] -- Up-to-date: /home/yy/ros2_learning/interface_cpp/install/example_ros2_interfaces/include/example_ros2_interfaces/example_ros2_interfaces
[0.297s] -- Up-to-date: /home/yy/ros2_learning/interface_cpp/install/example_ros2_interfaces/include/example_ros2_interfaces/example_ros2_interfaces/msg
[0.297s] -- Up-to-date: /home/yy/ros2_learning/interface_cpp/install/example_ros2_interfaces/include/example_ros2_interfaces/example_ros2_interfaces/msg/detail
[0.297s] -- Up-to-date: /home/yy/ros2_learning/interface_cpp/install/example_ros2_interfaces/include/example_ros2_interfaces/example_ros2_interfaces/msg/detail/robot_pose__rosidl_typesupport_introspection_cpp.hpp
[0.297s] -- Up-to-date: /home/yy/ros2_learning/interface_cpp/install/example_ros2_interfaces/include/example_ros2_interfaces/example_ros2_interfaces/msg/detail/robot_status__rosidl_typesupport_introspection_cpp.hpp
[0.297s] -- Up-to-date: /home/yy/ros2_learning/interface_cpp/install/example_ros2_interfaces/include/example_ros2_interfaces/example_ros2_interfaces/msg/detail/robot_status__type_support.cpp
[0.297s] -- Up-to-date: /home/yy/ros2_learning/interface_cpp/install/example_ros2_interfaces/include/example_ros2_interfaces/example_ros2_interfaces/msg/detail/robot_pose__type_support.cpp
[0.297s] -- Up-to-date: /home/yy/ros2_learning/interface_cpp/install/example_ros2_interfaces/include/example_ros2_interfaces/example_ros2_interfaces/srv
[0.297s] -- Up-to-date: /home/yy/ros2_learning/interface_cpp/install/example_ros2_interfaces/include/example_ros2_interfaces/example_ros2_interfaces/srv/detail
[0.297s] -- Up-to-date: /home/yy/ros2_learning/interface_cpp/install/example_ros2_interfaces/include/example_ros2_interfaces/example_ros2_interfaces/srv/detail/move_robot__rosidl_typesupport_introspection_cpp.hpp
[0.297s] -- Up-to-date: /home/yy/ros2_learning/interface_cpp/install/example_ros2_interfaces/include/example_ros2_interfaces/example_ros2_interfaces/srv/detail/move_robot__type_support.cpp
[0.297s] -- Up-to-date: /home/yy/ros2_learning/interface_cpp/install/example_ros2_interfaces/lib/libexample_ros2_interfaces__rosidl_typesupport_introspection_cpp.so
[0.297s] -- Up-to-date: /home/yy/ros2_learning/interface_cpp/install/example_ros2_interfaces/lib/libexample_ros2_interfaces__rosidl_typesupport_cpp.so
[0.298s] -- Up-to-date: /home/yy/ros2_learning/interface_cpp/install/example_ros2_interfaces/share/example_ros2_interfaces/environment/pythonpath.sh
[0.298s] -- Up-to-date: /home/yy/ros2_learning/interface_cpp/install/example_ros2_interfaces/share/example_ros2_interfaces/environment/pythonpath.dsv
[0.298s] -- Up-to-date: /home/yy/ros2_learning/interface_cpp/install/example_ros2_interfaces/local/lib/python3.10/dist-packages/example_ros2_interfaces-0.0.0-py3.10.egg-info
[0.298s] -- Installing: /home/yy/ros2_learning/interface_cpp/install/example_ros2_interfaces/local/lib/python3.10/dist-packages/example_ros2_interfaces-0.0.0-py3.10.egg-info/SOURCES.txt
[0.298s] -- Installing: /home/yy/ros2_learning/interface_cpp/install/example_ros2_interfaces/local/lib/python3.10/dist-packages/example_ros2_interfaces-0.0.0-py3.10.egg-info/dependency_links.txt
[0.298s] -- Installing: /home/yy/ros2_learning/interface_cpp/install/example_ros2_interfaces/local/lib/python3.10/dist-packages/example_ros2_interfaces-0.0.0-py3.10.egg-info/PKG-INFO
[0.298s] -- Installing: /home/yy/ros2_learning/interface_cpp/install/example_ros2_interfaces/local/lib/python3.10/dist-packages/example_ros2_interfaces-0.0.0-py3.10.egg-info/top_level.txt
[0.298s] -- Up-to-date: /home/yy/ros2_learning/interface_cpp/install/example_ros2_interfaces/local/lib/python3.10/dist-packages/example_ros2_interfaces
[0.298s] -- Up-to-date: /home/yy/ros2_learning/interface_cpp/install/example_ros2_interfaces/local/lib/python3.10/dist-packages/example_ros2_interfaces/__init__.py
[0.298s] -- Up-to-date: /home/yy/ros2_learning/interface_cpp/install/example_ros2_interfaces/local/lib/python3.10/dist-packages/example_ros2_interfaces/_example_ros2_interfaces_s.ep.rosidl_typesupport_fastrtps_c.c
[0.298s] -- Up-to-date: /home/yy/ros2_learning/interface_cpp/install/example_ros2_interfaces/local/lib/python3.10/dist-packages/example_ros2_interfaces/example_ros2_interfaces_s__rosidl_typesupport_fastrtps_c.cpython-310-x86_64-linux-gnu.so
[0.298s] -- Up-to-date: /home/yy/ros2_learning/interface_cpp/install/example_ros2_interfaces/local/lib/python3.10/dist-packages/example_ros2_interfaces/_example_ros2_interfaces_s.ep.rosidl_typesupport_introspection_c.c
[0.298s] -- Up-to-date: /home/yy/ros2_learning/interface_cpp/install/example_ros2_interfaces/local/lib/python3.10/dist-packages/example_ros2_interfaces/libexample_ros2_interfaces__rosidl_generator_py.so
[0.298s] -- Up-to-date: /home/yy/ros2_learning/interface_cpp/install/example_ros2_interfaces/local/lib/python3.10/dist-packages/example_ros2_interfaces/msg
[0.298s] -- Up-to-date: /home/yy/ros2_learning/interface_cpp/install/example_ros2_interfaces/local/lib/python3.10/dist-packages/example_ros2_interfaces/msg/__init__.py
[0.298s] -- Up-to-date: /home/yy/ros2_learning/interface_cpp/install/example_ros2_interfaces/local/lib/python3.10/dist-packages/example_ros2_interfaces/msg/_robot_status.py
[0.298s] -- Up-to-date: /home/yy/ros2_learning/interface_cpp/install/example_ros2_interfaces/local/lib/python3.10/dist-packages/example_ros2_interfaces/msg/_robot_pose_s.c
[0.299s] -- Up-to-date: /home/yy/ros2_learning/interface_cpp/install/example_ros2_interfaces/local/lib/python3.10/dist-packages/example_ros2_interfaces/msg/_robot_status_s.c
[0.299s] -- Up-to-date: /home/yy/ros2_learning/interface_cpp/install/example_ros2_interfaces/local/lib/python3.10/dist-packages/example_ros2_interfaces/msg/_robot_pose.py
[0.299s] -- Up-to-date: /home/yy/ros2_learning/interface_cpp/install/example_ros2_interfaces/local/lib/python3.10/dist-packages/example_ros2_interfaces/_example_ros2_interfaces_s.ep.rosidl_typesupport_c.c
[0.299s] -- Up-to-date: /home/yy/ros2_learning/interface_cpp/install/example_ros2_interfaces/local/lib/python3.10/dist-packages/example_ros2_interfaces/example_ros2_interfaces_s__rosidl_typesupport_c.cpython-310-x86_64-linux-gnu.so
[0.299s] -- Up-to-date: /home/yy/ros2_learning/interface_cpp/install/example_ros2_interfaces/local/lib/python3.10/dist-packages/example_ros2_interfaces/srv
[0.299s] -- Up-to-date: /home/yy/ros2_learning/interface_cpp/install/example_ros2_interfaces/local/lib/python3.10/dist-packages/example_ros2_interfaces/srv/__init__.py
[0.299s] -- Up-to-date: /home/yy/ros2_learning/interface_cpp/install/example_ros2_interfaces/local/lib/python3.10/dist-packages/example_ros2_interfaces/srv/_move_robot.py
[0.299s] -- Up-to-date: /home/yy/ros2_learning/interface_cpp/install/example_ros2_interfaces/local/lib/python3.10/dist-packages/example_ros2_interfaces/srv/_move_robot_s.c
[0.299s] -- Up-to-date: /home/yy/ros2_learning/interface_cpp/install/example_ros2_interfaces/local/lib/python3.10/dist-packages/example_ros2_interfaces/example_ros2_interfaces_s__rosidl_typesupport_introspection_c.cpython-310-x86_64-linux-gnu.so
[0.312s] Listing '/home/yy/ros2_learning/interface_cpp/install/example_ros2_interfaces/local/lib/python3.10/dist-packages/example_ros2_interfaces'...
[0.313s] Listing '/home/yy/ros2_learning/interface_cpp/install/example_ros2_interfaces/local/lib/python3.10/dist-packages/example_ros2_interfaces/msg'...
[0.313s] Listing '/home/yy/ros2_learning/interface_cpp/install/example_ros2_interfaces/local/lib/python3.10/dist-packages/example_ros2_interfaces/srv'...
[0.315s] -- Up-to-date: /home/yy/ros2_learning/interface_cpp/install/example_ros2_interfaces/local/lib/python3.10/dist-packages/example_ros2_interfaces/example_ros2_interfaces_s__rosidl_typesupport_fastrtps_c.cpython-310-x86_64-linux-gnu.so
[0.316s] -- Up-to-date: /home/yy/ros2_learning/interface_cpp/install/example_ros2_interfaces/local/lib/python3.10/dist-packages/example_ros2_interfaces/example_ros2_interfaces_s__rosidl_typesupport_introspection_c.cpython-310-x86_64-linux-gnu.so
[0.316s] -- Up-to-date: /home/yy/ros2_learning/interface_cpp/install/example_ros2_interfaces/local/lib/python3.10/dist-packages/example_ros2_interfaces/example_ros2_interfaces_s__rosidl_typesupport_c.cpython-310-x86_64-linux-gnu.so
[0.316s] -- Up-to-date: /home/yy/ros2_learning/interface_cpp/install/example_ros2_interfaces/lib/libexample_ros2_interfaces__rosidl_generator_py.so
[0.316s] -- Up-to-date: /home/yy/ros2_learning/interface_cpp/install/example_ros2_interfaces/share/example_ros2_interfaces/msg/RobotPose.idl
[0.316s] -- Up-to-date: /home/yy/ros2_learning/interface_cpp/install/example_ros2_interfaces/share/example_ros2_interfaces/msg/RobotStatus.idl
[0.316s] -- Up-to-date: /home/yy/ros2_learning/interface_cpp/install/example_ros2_interfaces/share/example_ros2_interfaces/srv/MoveRobot.idl
[0.316s] -- Up-to-date: /home/yy/ros2_learning/interface_cpp/install/example_ros2_interfaces/share/example_ros2_interfaces/msg/RobotPose.msg
[0.317s] -- Up-to-date: /home/yy/ros2_learning/interface_cpp/install/example_ros2_interfaces/share/example_ros2_interfaces/msg/RobotStatus.msg
[0.317s] -- Up-to-date: /home/yy/ros2_learning/interface_cpp/install/example_ros2_interfaces/share/example_ros2_interfaces/srv/MoveRobot.srv
[0.317s] -- Up-to-date: /home/yy/ros2_learning/interface_cpp/install/example_ros2_interfaces/share/example_ros2_interfaces/srv/MoveRobot_Request.msg
[0.317s] -- Up-to-date: /home/yy/ros2_learning/interface_cpp/install/example_ros2_interfaces/share/example_ros2_interfaces/srv/MoveRobot_Response.msg
[0.317s] -- Up-to-date: /home/yy/ros2_learning/interface_cpp/install/example_ros2_interfaces/share/ament_index/resource_index/package_run_dependencies/example_ros2_interfaces
[0.317s] -- Up-to-date: /home/yy/ros2_learning/interface_cpp/install/example_ros2_interfaces/share/ament_index/resource_index/parent_prefix_path/example_ros2_interfaces
[0.317s] -- Up-to-date: /home/yy/ros2_learning/interface_cpp/install/example_ros2_interfaces/share/example_ros2_interfaces/environment/ament_prefix_path.sh
[0.317s] -- Up-to-date: /home/yy/ros2_learning/interface_cpp/install/example_ros2_interfaces/share/example_ros2_interfaces/environment/ament_prefix_path.dsv
[0.317s] -- Up-to-date: /home/yy/ros2_learning/interface_cpp/install/example_ros2_interfaces/share/example_ros2_interfaces/environment/path.sh
[0.317s] -- Up-to-date: /home/yy/ros2_learning/interface_cpp/install/example_ros2_interfaces/share/example_ros2_interfaces/environment/path.dsv
[0.317s] -- Up-to-date: /home/yy/ros2_learning/interface_cpp/install/example_ros2_interfaces/share/example_ros2_interfaces/local_setup.bash
[0.317s] -- Up-to-date: /home/yy/ros2_learning/interface_cpp/install/example_ros2_interfaces/share/example_ros2_interfaces/local_setup.sh
[0.318s] -- Up-to-date: /home/yy/ros2_learning/interface_cpp/install/example_ros2_interfaces/share/example_ros2_interfaces/local_setup.zsh
[0.318s] -- Up-to-date: /home/yy/ros2_learning/interface_cpp/install/example_ros2_interfaces/share/example_ros2_interfaces/local_setup.dsv
[0.318s] -- Installing: /home/yy/ros2_learning/interface_cpp/install/example_ros2_interfaces/share/example_ros2_interfaces/package.dsv
[0.318s] -- Up-to-date: /home/yy/ros2_learning/interface_cpp/install/example_ros2_interfaces/share/ament_index/resource_index/packages/example_ros2_interfaces
[0.318s] -- Up-to-date: /home/yy/ros2_learning/interface_cpp/install/example_ros2_interfaces/share/example_ros2_interfaces/cmake/export_example_ros2_interfaces__rosidl_generator_cExport.cmake
[0.318s] -- Up-to-date: /home/yy/ros2_learning/interface_cpp/install/example_ros2_interfaces/share/example_ros2_interfaces/cmake/export_example_ros2_interfaces__rosidl_generator_cExport-noconfig.cmake
[0.318s] -- Up-to-date: /home/yy/ros2_learning/interface_cpp/install/example_ros2_interfaces/share/example_ros2_interfaces/cmake/export_example_ros2_interfaces__rosidl_typesupport_fastrtps_cExport.cmake
[0.318s] -- Up-to-date: /home/yy/ros2_learning/interface_cpp/install/example_ros2_interfaces/share/example_ros2_interfaces/cmake/export_example_ros2_interfaces__rosidl_typesupport_fastrtps_cExport-noconfig.cmake
[0.318s] -- Up-to-date: /home/yy/ros2_learning/interface_cpp/install/example_ros2_interfaces/share/example_ros2_interfaces/cmake/example_ros2_interfaces__rosidl_typesupport_introspection_cExport.cmake
[0.318s] -- Up-to-date: /home/yy/ros2_learning/interface_cpp/install/example_ros2_interfaces/share/example_ros2_interfaces/cmake/example_ros2_interfaces__rosidl_typesupport_introspection_cExport-noconfig.cmake
[0.318s] -- Up-to-date: /home/yy/ros2_learning/interface_cpp/install/example_ros2_interfaces/share/example_ros2_interfaces/cmake/example_ros2_interfaces__rosidl_typesupport_cExport.cmake
[0.318s] -- Up-to-date: /home/yy/ros2_learning/interface_cpp/install/example_ros2_interfaces/share/example_ros2_interfaces/cmake/example_ros2_interfaces__rosidl_typesupport_cExport-noconfig.cmake
[0.319s] -- Up-to-date: /home/yy/ros2_learning/interface_cpp/install/example_ros2_interfaces/share/example_ros2_interfaces/cmake/export_example_ros2_interfaces__rosidl_generator_cppExport.cmake
[0.319s] -- Up-to-date: /home/yy/ros2_learning/interface_cpp/install/example_ros2_interfaces/share/example_ros2_interfaces/cmake/export_example_ros2_interfaces__rosidl_typesupport_fastrtps_cppExport.cmake
[0.319s] -- Up-to-date: /home/yy/ros2_learning/interface_cpp/install/example_ros2_interfaces/share/example_ros2_interfaces/cmake/export_example_ros2_interfaces__rosidl_typesupport_fastrtps_cppExport-noconfig.cmake
[0.319s] -- Up-to-date: /home/yy/ros2_learning/interface_cpp/install/example_ros2_interfaces/share/example_ros2_interfaces/cmake/example_ros2_interfaces__rosidl_typesupport_introspection_cppExport.cmake
[0.319s] -- Up-to-date: /home/yy/ros2_learning/interface_cpp/install/example_ros2_interfaces/share/example_ros2_interfaces/cmake/example_ros2_interfaces__rosidl_typesupport_introspection_cppExport-noconfig.cmake
[0.319s] -- Up-to-date: /home/yy/ros2_learning/interface_cpp/install/example_ros2_interfaces/share/example_ros2_interfaces/cmake/example_ros2_interfaces__rosidl_typesupport_cppExport.cmake
[0.319s] -- Up-to-date: /home/yy/ros2_learning/interface_cpp/install/example_ros2_interfaces/share/example_ros2_interfaces/cmake/example_ros2_interfaces__rosidl_typesupport_cppExport-noconfig.cmake
[0.319s] -- Up-to-date: /home/yy/ros2_learning/interface_cpp/install/example_ros2_interfaces/share/example_ros2_interfaces/cmake/export_example_ros2_interfaces__rosidl_generator_pyExport.cmake
[0.319s] -- Up-to-date: /home/yy/ros2_learning/interface_cpp/install/example_ros2_interfaces/share/example_ros2_interfaces/cmake/export_example_ros2_interfaces__rosidl_generator_pyExport-noconfig.cmake
[0.319s] -- Up-to-date: /home/yy/ros2_learning/interface_cpp/install/example_ros2_interfaces/share/example_ros2_interfaces/cmake/rosidl_cmake-extras.cmake
[0.319s] -- Up-to-date: /home/yy/ros2_learning/interface_cpp/install/example_ros2_interfaces/share/example_ros2_interfaces/cmake/ament_cmake_export_dependencies-extras.cmake
[0.319s] -- Up-to-date: /home/yy/ros2_learning/interface_cpp/install/example_ros2_interfaces/share/example_ros2_interfaces/cmake/ament_cmake_export_include_directories-extras.cmake
[0.319s] -- Up-to-date: /home/yy/ros2_learning/interface_cpp/install/example_ros2_interfaces/share/example_ros2_interfaces/cmake/ament_cmake_export_libraries-extras.cmake
[0.319s] -- Up-to-date: /home/yy/ros2_learning/interface_cpp/install/example_ros2_interfaces/share/example_ros2_interfaces/cmake/ament_cmake_export_targets-extras.cmake
[0.319s] -- Up-to-date: /home/yy/ros2_learning/interface_cpp/install/example_ros2_interfaces/share/example_ros2_interfaces/cmake/rosidl_cmake_export_typesupport_targets-extras.cmake
[0.319s] -- Up-to-date: /home/yy/ros2_learning/interface_cpp/install/example_ros2_interfaces/share/example_ros2_interfaces/cmake/rosidl_cmake_export_typesupport_libraries-extras.cmake
[0.319s] -- Up-to-date: /home/yy/ros2_learning/interface_cpp/install/example_ros2_interfaces/share/example_ros2_interfaces/cmake/example_ros2_interfacesConfig.cmake
[0.320s] -- Up-to-date: /home/yy/ros2_learning/interface_cpp/install/example_ros2_interfaces/share/example_ros2_interfaces/cmake/example_ros2_interfacesConfig-version.cmake
[0.320s] -- Up-to-date: /home/yy/ros2_learning/interface_cpp/install/example_ros2_interfaces/share/example_ros2_interfaces/package.xml
[0.321s] Invoked command in '/home/yy/ros2_learning/interface_cpp/build/example_ros2_interfaces' returned '0': CMAKE_PREFIX_PATH=${CMAKE_PREFIX_PATH}:/opt/ros/humble /usr/bin/cmake --install /home/yy/ros2_learning/interface_cpp/build/example_ros2_interfaces
