[0.064s] DEBUG:colcon:Command line arguments: ['/usr/bin/colcon', 'build']
[0.065s] DEBUG:colcon:Parsed command line arguments: Namespace(log_base=None, log_level=None, verb_name='build', build_base='build', install_base='install', merge_install=False, symlink_install=False, test_result_base=None, continue_on_error=False, executor='parallel', parallel_workers=12, event_handlers=None, ignore_user_meta=False, metas=['./colcon.meta'], base_paths=['.'], packages_ignore=None, packages_ignore_regex=None, paths=None, packages_up_to=None, packages_up_to_regex=None, packages_above=None, packages_above_and_dependencies=None, packages_above_depth=None, packages_select_by_dep=None, packages_skip_by_dep=None, packages_skip_up_to=None, packages_select_build_failed=False, packages_skip_build_finished=False, packages_select_test_failures=False, packages_skip_test_passed=False, packages_select=None, packages_skip=None, packages_select_regex=None, packages_skip_regex=None, packages_start=None, packages_end=None, allow_overriding=[], cmake_args=None, cmake_target=None, cmake_target_skip_unavailable=False, cmake_clean_cache=False, cmake_clean_first=False, cmake_force_configure=False, ament_cmake_args=None, catkin_cmake_args=None, catkin_skip_building_tests=False, mixin_files=None, mixin=None, verb_parser=<colcon_mixin.mixin.mixin_argument.MixinArgumentDecorator object at 0x718f864d9f60>, verb_extension=<colcon_core.verb.build.BuildVerb object at 0x718f864d9960>, main=<bound method BuildVerb.main of <colcon_core.verb.build.BuildVerb object at 0x718f864d9960>>, mixin_verb=('build',))
[0.140s] Level 1:colcon.colcon_core.package_discovery:discover_packages(colcon_meta) check parameters
[0.140s] Level 1:colcon.colcon_core.package_discovery:discover_packages(recursive) check parameters
[0.140s] Level 1:colcon.colcon_core.package_discovery:discover_packages(ignore) check parameters
[0.140s] Level 1:colcon.colcon_core.package_discovery:discover_packages(path) check parameters
[0.140s] Level 1:colcon.colcon_core.package_discovery:discover_packages(colcon_meta) discover
[0.140s] Level 1:colcon.colcon_core.package_discovery:discover_packages(recursive) discover
[0.140s] INFO:colcon.colcon_core.package_discovery:Crawling recursively for packages in '/home/yy/ros2_learning/interface_cpp'
[0.140s] Level 1:colcon.colcon_core.package_identification:_identify(.) by extensions ['ignore', 'ignore_ament_install']
[0.140s] Level 1:colcon.colcon_core.package_identification:_identify(.) by extension 'ignore'
[0.140s] Level 1:colcon.colcon_core.package_identification:_identify(.) by extension 'ignore_ament_install'
[0.140s] Level 1:colcon.colcon_core.package_identification:_identify(.) by extensions ['colcon_pkg']
[0.140s] Level 1:colcon.colcon_core.package_identification:_identify(.) by extension 'colcon_pkg'
[0.140s] Level 1:colcon.colcon_core.package_identification:_identify(.) by extensions ['colcon_meta']
[0.140s] Level 1:colcon.colcon_core.package_identification:_identify(.) by extension 'colcon_meta'
[0.141s] Level 1:colcon.colcon_core.package_identification:_identify(.) by extensions ['ros']
[0.141s] Level 1:colcon.colcon_core.package_identification:_identify(.) by extension 'ros'
[0.150s] Level 1:colcon.colcon_core.package_identification:_identify(.) by extensions ['cmake', 'python']
[0.150s] Level 1:colcon.colcon_core.package_identification:_identify(.) by extension 'cmake'
[0.150s] Level 1:colcon.colcon_core.package_identification:_identify(.) by extension 'python'
[0.150s] Level 1:colcon.colcon_core.package_identification:_identify(.) by extensions ['python_setup_py']
[0.150s] Level 1:colcon.colcon_core.package_identification:_identify(.) by extension 'python_setup_py'
[0.150s] Level 1:colcon.colcon_core.package_identification:_identify(build) by extensions ['ignore', 'ignore_ament_install']
[0.150s] Level 1:colcon.colcon_core.package_identification:_identify(build) by extension 'ignore'
[0.150s] Level 1:colcon.colcon_core.package_identification:_identify(build) ignored
[0.150s] Level 1:colcon.colcon_core.package_identification:_identify(example_ros2_interfaces) by extensions ['ignore', 'ignore_ament_install']
[0.150s] Level 1:colcon.colcon_core.package_identification:_identify(example_ros2_interfaces) by extension 'ignore'
[0.150s] Level 1:colcon.colcon_core.package_identification:_identify(example_ros2_interfaces) by extension 'ignore_ament_install'
[0.150s] Level 1:colcon.colcon_core.package_identification:_identify(example_ros2_interfaces) by extensions ['colcon_pkg']
[0.150s] Level 1:colcon.colcon_core.package_identification:_identify(example_ros2_interfaces) by extension 'colcon_pkg'
[0.150s] Level 1:colcon.colcon_core.package_identification:_identify(example_ros2_interfaces) by extensions ['colcon_meta']
[0.150s] Level 1:colcon.colcon_core.package_identification:_identify(example_ros2_interfaces) by extension 'colcon_meta'
[0.150s] Level 1:colcon.colcon_core.package_identification:_identify(example_ros2_interfaces) by extensions ['ros']
[0.151s] Level 1:colcon.colcon_core.package_identification:_identify(example_ros2_interfaces) by extension 'ros'
[0.153s] DEBUG:colcon.colcon_core.package_identification:Package 'example_ros2_interfaces' with type 'ros.ament_cmake' and name 'example_ros2_interfaces'
[0.153s] Level 1:colcon.colcon_core.package_identification:_identify(install) by extensions ['ignore', 'ignore_ament_install']
[0.154s] Level 1:colcon.colcon_core.package_identification:_identify(install) by extension 'ignore'
[0.154s] Level 1:colcon.colcon_core.package_identification:_identify(install) ignored
[0.154s] Level 1:colcon.colcon_core.package_identification:_identify(log) by extensions ['ignore', 'ignore_ament_install']
[0.154s] Level 1:colcon.colcon_core.package_identification:_identify(log) by extension 'ignore'
[0.154s] Level 1:colcon.colcon_core.package_identification:_identify(log) ignored
[0.154s] Level 1:colcon.colcon_core.package_identification:_identify(src) by extensions ['ignore', 'ignore_ament_install']
[0.154s] Level 1:colcon.colcon_core.package_identification:_identify(src) by extension 'ignore'
[0.154s] Level 1:colcon.colcon_core.package_identification:_identify(src) by extension 'ignore_ament_install'
[0.154s] Level 1:colcon.colcon_core.package_identification:_identify(src) by extensions ['colcon_pkg']
[0.154s] Level 1:colcon.colcon_core.package_identification:_identify(src) by extension 'colcon_pkg'
[0.154s] Level 1:colcon.colcon_core.package_identification:_identify(src) by extensions ['colcon_meta']
[0.154s] Level 1:colcon.colcon_core.package_identification:_identify(src) by extension 'colcon_meta'
[0.154s] Level 1:colcon.colcon_core.package_identification:_identify(src) by extensions ['ros']
[0.154s] Level 1:colcon.colcon_core.package_identification:_identify(src) by extension 'ros'
[0.154s] Level 1:colcon.colcon_core.package_identification:_identify(src) by extensions ['cmake', 'python']
[0.154s] Level 1:colcon.colcon_core.package_identification:_identify(src) by extension 'cmake'
[0.154s] Level 1:colcon.colcon_core.package_identification:_identify(src) by extension 'python'
[0.154s] Level 1:colcon.colcon_core.package_identification:_identify(src) by extensions ['python_setup_py']
[0.154s] Level 1:colcon.colcon_core.package_identification:_identify(src) by extension 'python_setup_py'
[0.155s] Level 1:colcon.colcon_core.package_identification:_identify(src/build) by extensions ['ignore', 'ignore_ament_install']
[0.155s] Level 1:colcon.colcon_core.package_identification:_identify(src/build) by extension 'ignore'
[0.155s] Level 1:colcon.colcon_core.package_identification:_identify(src/build) ignored
[0.155s] Level 1:colcon.colcon_core.package_identification:_identify(src/example_interfaces_rclcpp) by extensions ['ignore', 'ignore_ament_install']
[0.155s] Level 1:colcon.colcon_core.package_identification:_identify(src/example_interfaces_rclcpp) by extension 'ignore'
[0.155s] Level 1:colcon.colcon_core.package_identification:_identify(src/example_interfaces_rclcpp) by extension 'ignore_ament_install'
[0.155s] Level 1:colcon.colcon_core.package_identification:_identify(src/example_interfaces_rclcpp) by extensions ['colcon_pkg']
[0.155s] Level 1:colcon.colcon_core.package_identification:_identify(src/example_interfaces_rclcpp) by extension 'colcon_pkg'
[0.155s] Level 1:colcon.colcon_core.package_identification:_identify(src/example_interfaces_rclcpp) by extensions ['colcon_meta']
[0.155s] Level 1:colcon.colcon_core.package_identification:_identify(src/example_interfaces_rclcpp) by extension 'colcon_meta'
[0.155s] Level 1:colcon.colcon_core.package_identification:_identify(src/example_interfaces_rclcpp) by extensions ['ros']
[0.155s] Level 1:colcon.colcon_core.package_identification:_identify(src/example_interfaces_rclcpp) by extension 'ros'
[0.156s] DEBUG:colcon.colcon_core.package_identification:Package 'src/example_interfaces_rclcpp' with type 'ros.ament_cmake' and name 'example_interfaces_rclcpp'
[0.156s] Level 1:colcon.colcon_core.package_identification:_identify(src/install) by extensions ['ignore', 'ignore_ament_install']
[0.156s] Level 1:colcon.colcon_core.package_identification:_identify(src/install) by extension 'ignore'
[0.156s] Level 1:colcon.colcon_core.package_identification:_identify(src/install) ignored
[0.156s] Level 1:colcon.colcon_core.package_identification:_identify(src/log) by extensions ['ignore', 'ignore_ament_install']
[0.156s] Level 1:colcon.colcon_core.package_identification:_identify(src/log) by extension 'ignore'
[0.156s] Level 1:colcon.colcon_core.package_identification:_identify(src/log) ignored
[0.156s] Level 1:colcon.colcon_core.package_discovery:discover_packages(recursive) using defaults
[0.156s] Level 1:colcon.colcon_core.package_discovery:discover_packages(ignore) discover
[0.156s] Level 1:colcon.colcon_core.package_discovery:discover_packages(ignore) using defaults
[0.156s] Level 1:colcon.colcon_core.package_discovery:discover_packages(path) discover
[0.156s] Level 1:colcon.colcon_core.package_discovery:discover_packages(path) using defaults
[0.174s] Level 1:colcon.colcon_core.package_discovery:discover_packages(prefix_path) check parameters
[0.174s] Level 1:colcon.colcon_core.package_discovery:discover_packages(prefix_path) discover
[0.176s] DEBUG:colcon.colcon_installed_package_information.package_discovery:Found 1 installed packages in /home/yy/ros2_learning/my_helloworld/install
[0.177s] DEBUG:colcon.colcon_installed_package_information.package_discovery:Found 344 installed packages in /opt/ros/humble
[0.187s] Level 1:colcon.colcon_core.package_discovery:discover_packages(prefix_path) using defaults
[0.207s] Level 5:colcon.colcon_core.verb:set package 'example_ros2_interfaces' build argument 'cmake_args' from command line to 'None'
[0.207s] Level 5:colcon.colcon_core.verb:set package 'example_ros2_interfaces' build argument 'cmake_target' from command line to 'None'
[0.207s] Level 5:colcon.colcon_core.verb:set package 'example_ros2_interfaces' build argument 'cmake_target_skip_unavailable' from command line to 'False'
[0.207s] Level 5:colcon.colcon_core.verb:set package 'example_ros2_interfaces' build argument 'cmake_clean_cache' from command line to 'False'
[0.207s] Level 5:colcon.colcon_core.verb:set package 'example_ros2_interfaces' build argument 'cmake_clean_first' from command line to 'False'
[0.207s] Level 5:colcon.colcon_core.verb:set package 'example_ros2_interfaces' build argument 'cmake_force_configure' from command line to 'False'
[0.207s] Level 5:colcon.colcon_core.verb:set package 'example_ros2_interfaces' build argument 'ament_cmake_args' from command line to 'None'
[0.207s] Level 5:colcon.colcon_core.verb:set package 'example_ros2_interfaces' build argument 'catkin_cmake_args' from command line to 'None'
[0.207s] Level 5:colcon.colcon_core.verb:set package 'example_ros2_interfaces' build argument 'catkin_skip_building_tests' from command line to 'False'
[0.207s] DEBUG:colcon.colcon_core.verb:Building package 'example_ros2_interfaces' with the following arguments: {'ament_cmake_args': None, 'build_base': '/home/yy/ros2_learning/interface_cpp/build/example_ros2_interfaces', 'catkin_cmake_args': None, 'catkin_skip_building_tests': False, 'cmake_args': None, 'cmake_clean_cache': False, 'cmake_clean_first': False, 'cmake_force_configure': False, 'cmake_target': None, 'cmake_target_skip_unavailable': False, 'install_base': '/home/yy/ros2_learning/interface_cpp/install/example_ros2_interfaces', 'merge_install': False, 'path': '/home/yy/ros2_learning/interface_cpp/example_ros2_interfaces', 'symlink_install': False, 'test_result_base': None}
[0.208s] Level 5:colcon.colcon_core.verb:set package 'example_interfaces_rclcpp' build argument 'cmake_args' from command line to 'None'
[0.208s] Level 5:colcon.colcon_core.verb:set package 'example_interfaces_rclcpp' build argument 'cmake_target' from command line to 'None'
[0.208s] Level 5:colcon.colcon_core.verb:set package 'example_interfaces_rclcpp' build argument 'cmake_target_skip_unavailable' from command line to 'False'
[0.208s] Level 5:colcon.colcon_core.verb:set package 'example_interfaces_rclcpp' build argument 'cmake_clean_cache' from command line to 'False'
[0.208s] Level 5:colcon.colcon_core.verb:set package 'example_interfaces_rclcpp' build argument 'cmake_clean_first' from command line to 'False'
[0.208s] Level 5:colcon.colcon_core.verb:set package 'example_interfaces_rclcpp' build argument 'cmake_force_configure' from command line to 'False'
[0.208s] Level 5:colcon.colcon_core.verb:set package 'example_interfaces_rclcpp' build argument 'ament_cmake_args' from command line to 'None'
[0.208s] Level 5:colcon.colcon_core.verb:set package 'example_interfaces_rclcpp' build argument 'catkin_cmake_args' from command line to 'None'
[0.208s] Level 5:colcon.colcon_core.verb:set package 'example_interfaces_rclcpp' build argument 'catkin_skip_building_tests' from command line to 'False'
[0.208s] DEBUG:colcon.colcon_core.verb:Building package 'example_interfaces_rclcpp' with the following arguments: {'ament_cmake_args': None, 'build_base': '/home/yy/ros2_learning/interface_cpp/build/example_interfaces_rclcpp', 'catkin_cmake_args': None, 'catkin_skip_building_tests': False, 'cmake_args': None, 'cmake_clean_cache': False, 'cmake_clean_first': False, 'cmake_force_configure': False, 'cmake_target': None, 'cmake_target_skip_unavailable': False, 'install_base': '/home/yy/ros2_learning/interface_cpp/install/example_interfaces_rclcpp', 'merge_install': False, 'path': '/home/yy/ros2_learning/interface_cpp/src/example_interfaces_rclcpp', 'symlink_install': False, 'test_result_base': None}
[0.208s] INFO:colcon.colcon_core.executor:Executing jobs using 'parallel' executor
[0.208s] DEBUG:colcon.colcon_parallel_executor.executor.parallel:run_until_complete
[0.209s] INFO:colcon.colcon_ros.task.ament_cmake.build:Building ROS package in '/home/yy/ros2_learning/interface_cpp/example_ros2_interfaces' with build type 'ament_cmake'
[0.209s] INFO:colcon.colcon_cmake.task.cmake.build:Building CMake package in '/home/yy/ros2_learning/interface_cpp/example_ros2_interfaces'
[0.210s] INFO:colcon.colcon_core.plugin_system:Skipping extension 'colcon_core.shell.bat': Not used on non-Windows systems
[0.210s] INFO:colcon.colcon_core.shell:Skip shell extension 'powershell' for command environment: Not usable outside of PowerShell
[0.210s] DEBUG:colcon.colcon_core.shell:Skip shell extension 'dsv' for command environment
[0.216s] DEBUG:colcon.colcon_core.event_handler.log_command:Invoking command in '/home/yy/ros2_learning/interface_cpp/build/example_ros2_interfaces': CMAKE_PREFIX_PATH=${CMAKE_PREFIX_PATH}:/opt/ros/humble /usr/bin/cmake --build /home/yy/ros2_learning/interface_cpp/build/example_ros2_interfaces -- -j12 -l12
[0.419s] DEBUG:colcon.colcon_core.event_handler.log_command:Invoked command in '/home/yy/ros2_learning/interface_cpp/build/example_ros2_interfaces' returned '0': CMAKE_PREFIX_PATH=${CMAKE_PREFIX_PATH}:/opt/ros/humble /usr/bin/cmake --build /home/yy/ros2_learning/interface_cpp/build/example_ros2_interfaces -- -j12 -l12
[0.495s] DEBUG:colcon.colcon_core.event_handler.log_command:Invoking command in '/home/yy/ros2_learning/interface_cpp/build/example_ros2_interfaces': CMAKE_PREFIX_PATH=${CMAKE_PREFIX_PATH}:/opt/ros/humble /usr/bin/cmake --install /home/yy/ros2_learning/interface_cpp/build/example_ros2_interfaces
[0.529s] Level 1:colcon.colcon_core.environment:create_environment_scripts_only(example_ros2_interfaces)
[0.530s] DEBUG:colcon.colcon_core.event_handler.log_command:Invoked command in '/home/yy/ros2_learning/interface_cpp/build/example_ros2_interfaces' returned '0': CMAKE_PREFIX_PATH=${CMAKE_PREFIX_PATH}:/opt/ros/humble /usr/bin/cmake --install /home/yy/ros2_learning/interface_cpp/build/example_ros2_interfaces
[0.532s] Level 1:colcon.colcon_core.environment:checking '/home/yy/ros2_learning/interface_cpp/install/example_ros2_interfaces' for CMake module files
[0.532s] Level 1:colcon.colcon_core.environment:checking '/home/yy/ros2_learning/interface_cpp/install/example_ros2_interfaces' for CMake config files
[0.533s] Level 1:colcon.colcon_core.shell:create_environment_hook('example_ros2_interfaces', 'cmake_prefix_path')
[0.533s] INFO:colcon.colcon_core.shell:Creating environment hook '/home/yy/ros2_learning/interface_cpp/install/example_ros2_interfaces/share/example_ros2_interfaces/hook/cmake_prefix_path.ps1'
[0.533s] INFO:colcon.colcon_core.shell:Creating environment descriptor '/home/yy/ros2_learning/interface_cpp/install/example_ros2_interfaces/share/example_ros2_interfaces/hook/cmake_prefix_path.dsv'
[0.534s] INFO:colcon.colcon_core.shell:Creating environment hook '/home/yy/ros2_learning/interface_cpp/install/example_ros2_interfaces/share/example_ros2_interfaces/hook/cmake_prefix_path.sh'
[0.534s] Level 1:colcon.colcon_core.environment:checking '/home/yy/ros2_learning/interface_cpp/install/example_ros2_interfaces/lib'
[0.534s] Level 1:colcon.colcon_core.shell:create_environment_hook('example_ros2_interfaces', 'ld_library_path_lib')
[0.535s] INFO:colcon.colcon_core.shell:Creating environment hook '/home/yy/ros2_learning/interface_cpp/install/example_ros2_interfaces/share/example_ros2_interfaces/hook/ld_library_path_lib.ps1'
[0.535s] INFO:colcon.colcon_core.shell:Creating environment descriptor '/home/yy/ros2_learning/interface_cpp/install/example_ros2_interfaces/share/example_ros2_interfaces/hook/ld_library_path_lib.dsv'
[0.535s] INFO:colcon.colcon_core.shell:Creating environment hook '/home/yy/ros2_learning/interface_cpp/install/example_ros2_interfaces/share/example_ros2_interfaces/hook/ld_library_path_lib.sh'
[0.535s] Level 1:colcon.colcon_core.environment:checking '/home/yy/ros2_learning/interface_cpp/install/example_ros2_interfaces/bin'
[0.536s] Level 1:colcon.colcon_core.environment:checking '/home/yy/ros2_learning/interface_cpp/install/example_ros2_interfaces/lib/pkgconfig/example_ros2_interfaces.pc'
[0.536s] Level 1:colcon.colcon_core.environment:checking '/home/yy/ros2_learning/interface_cpp/install/example_ros2_interfaces/lib/python3.10/site-packages'
[0.536s] Level 1:colcon.colcon_core.environment:checking '/home/yy/ros2_learning/interface_cpp/install/example_ros2_interfaces/bin'
[0.536s] INFO:colcon.colcon_core.shell:Creating package script '/home/yy/ros2_learning/interface_cpp/install/example_ros2_interfaces/share/example_ros2_interfaces/package.ps1'
[0.537s] INFO:colcon.colcon_core.shell:Creating package descriptor '/home/yy/ros2_learning/interface_cpp/install/example_ros2_interfaces/share/example_ros2_interfaces/package.dsv'
[0.537s] INFO:colcon.colcon_core.shell:Creating package script '/home/yy/ros2_learning/interface_cpp/install/example_ros2_interfaces/share/example_ros2_interfaces/package.sh'
[0.537s] INFO:colcon.colcon_core.shell:Creating package script '/home/yy/ros2_learning/interface_cpp/install/example_ros2_interfaces/share/example_ros2_interfaces/package.bash'
[0.538s] INFO:colcon.colcon_core.shell:Creating package script '/home/yy/ros2_learning/interface_cpp/install/example_ros2_interfaces/share/example_ros2_interfaces/package.zsh'
[0.538s] Level 1:colcon.colcon_core.environment:create_file_with_runtime_dependencies(/home/yy/ros2_learning/interface_cpp/install/example_ros2_interfaces/share/colcon-core/packages/example_ros2_interfaces)
[0.606s] Level 1:colcon.colcon_core.environment:create_environment_scripts_only(example_ros2_interfaces)
[0.606s] Level 1:colcon.colcon_core.environment:checking '/home/yy/ros2_learning/interface_cpp/install/example_ros2_interfaces' for CMake module files
[0.607s] Level 1:colcon.colcon_core.environment:checking '/home/yy/ros2_learning/interface_cpp/install/example_ros2_interfaces' for CMake config files
[0.608s] Level 1:colcon.colcon_core.shell:create_environment_hook('example_ros2_interfaces', 'cmake_prefix_path')
[0.608s] INFO:colcon.colcon_core.shell:Creating environment hook '/home/yy/ros2_learning/interface_cpp/install/example_ros2_interfaces/share/example_ros2_interfaces/hook/cmake_prefix_path.ps1'
[0.608s] INFO:colcon.colcon_core.shell:Creating environment descriptor '/home/yy/ros2_learning/interface_cpp/install/example_ros2_interfaces/share/example_ros2_interfaces/hook/cmake_prefix_path.dsv'
[0.609s] INFO:colcon.colcon_core.shell:Creating environment hook '/home/yy/ros2_learning/interface_cpp/install/example_ros2_interfaces/share/example_ros2_interfaces/hook/cmake_prefix_path.sh'
[0.609s] Level 1:colcon.colcon_core.environment:checking '/home/yy/ros2_learning/interface_cpp/install/example_ros2_interfaces/lib'
[0.610s] Level 1:colcon.colcon_core.shell:create_environment_hook('example_ros2_interfaces', 'ld_library_path_lib')
[0.610s] INFO:colcon.colcon_core.shell:Creating environment hook '/home/yy/ros2_learning/interface_cpp/install/example_ros2_interfaces/share/example_ros2_interfaces/hook/ld_library_path_lib.ps1'
[0.610s] INFO:colcon.colcon_core.shell:Creating environment descriptor '/home/yy/ros2_learning/interface_cpp/install/example_ros2_interfaces/share/example_ros2_interfaces/hook/ld_library_path_lib.dsv'
[0.610s] INFO:colcon.colcon_core.shell:Creating environment hook '/home/yy/ros2_learning/interface_cpp/install/example_ros2_interfaces/share/example_ros2_interfaces/hook/ld_library_path_lib.sh'
[0.611s] Level 1:colcon.colcon_core.environment:checking '/home/yy/ros2_learning/interface_cpp/install/example_ros2_interfaces/bin'
[0.611s] Level 1:colcon.colcon_core.environment:checking '/home/yy/ros2_learning/interface_cpp/install/example_ros2_interfaces/lib/pkgconfig/example_ros2_interfaces.pc'
[0.611s] Level 1:colcon.colcon_core.environment:checking '/home/yy/ros2_learning/interface_cpp/install/example_ros2_interfaces/lib/python3.10/site-packages'
[0.611s] Level 1:colcon.colcon_core.environment:checking '/home/yy/ros2_learning/interface_cpp/install/example_ros2_interfaces/bin'
[0.611s] INFO:colcon.colcon_core.shell:Creating package script '/home/yy/ros2_learning/interface_cpp/install/example_ros2_interfaces/share/example_ros2_interfaces/package.ps1'
[0.612s] INFO:colcon.colcon_core.shell:Creating package descriptor '/home/yy/ros2_learning/interface_cpp/install/example_ros2_interfaces/share/example_ros2_interfaces/package.dsv'
[0.612s] INFO:colcon.colcon_core.shell:Creating package script '/home/yy/ros2_learning/interface_cpp/install/example_ros2_interfaces/share/example_ros2_interfaces/package.sh'
[0.612s] INFO:colcon.colcon_core.shell:Creating package script '/home/yy/ros2_learning/interface_cpp/install/example_ros2_interfaces/share/example_ros2_interfaces/package.bash'
[0.612s] INFO:colcon.colcon_core.shell:Creating package script '/home/yy/ros2_learning/interface_cpp/install/example_ros2_interfaces/share/example_ros2_interfaces/package.zsh'
[0.612s] Level 1:colcon.colcon_core.environment:create_file_with_runtime_dependencies(/home/yy/ros2_learning/interface_cpp/install/example_ros2_interfaces/share/colcon-core/packages/example_ros2_interfaces)
[0.612s] INFO:colcon.colcon_ros.task.ament_cmake.build:Building ROS package in '/home/yy/ros2_learning/interface_cpp/src/example_interfaces_rclcpp' with build type 'ament_cmake'
[0.613s] INFO:colcon.colcon_cmake.task.cmake.build:Building CMake package in '/home/yy/ros2_learning/interface_cpp/src/example_interfaces_rclcpp'
[0.613s] INFO:colcon.colcon_core.shell:Skip shell extension 'powershell' for command environment: Not usable outside of PowerShell
[0.613s] DEBUG:colcon.colcon_core.shell:Skip shell extension 'dsv' for command environment
[0.619s] DEBUG:colcon.colcon_core.event_handler.log_command:Invoking command in '/home/yy/ros2_learning/interface_cpp/build/example_interfaces_rclcpp': AMENT_PREFIX_PATH=/home/yy/ros2_learning/interface_cpp/install/example_ros2_interfaces:${AMENT_PREFIX_PATH} CMAKE_PREFIX_PATH=/home/yy/ros2_learning/interface_cpp/install/example_ros2_interfaces:/home/yy/ros2_learning/my_helloworld/install/pkg_my_hello_world_cpp:/opt/ros/humble LD_LIBRARY_PATH=/home/yy/ros2_learning/interface_cpp/install/example_ros2_interfaces/lib:${LD_LIBRARY_PATH} PYTHONPATH=/home/yy/ros2_learning/interface_cpp/install/example_ros2_interfaces/local/lib/python3.10/dist-packages:${PYTHONPATH} /usr/bin/cmake --build /home/yy/ros2_learning/interface_cpp/build/example_interfaces_rclcpp -- -j12 -l12
[6.483s] DEBUG:colcon.colcon_core.event_handler.log_command:Invoked command in '/home/yy/ros2_learning/interface_cpp/build/example_interfaces_rclcpp' returned '0': AMENT_PREFIX_PATH=/home/yy/ros2_learning/interface_cpp/install/example_ros2_interfaces:${AMENT_PREFIX_PATH} CMAKE_PREFIX_PATH=/home/yy/ros2_learning/interface_cpp/install/example_ros2_interfaces:/home/yy/ros2_learning/my_helloworld/install/pkg_my_hello_world_cpp:/opt/ros/humble LD_LIBRARY_PATH=/home/yy/ros2_learning/interface_cpp/install/example_ros2_interfaces/lib:${LD_LIBRARY_PATH} PYTHONPATH=/home/yy/ros2_learning/interface_cpp/install/example_ros2_interfaces/local/lib/python3.10/dist-packages:${PYTHONPATH} /usr/bin/cmake --build /home/yy/ros2_learning/interface_cpp/build/example_interfaces_rclcpp -- -j12 -l12
[6.505s] DEBUG:colcon.colcon_core.event_handler.log_command:Invoking command in '/home/yy/ros2_learning/interface_cpp/build/example_interfaces_rclcpp': AMENT_PREFIX_PATH=/home/yy/ros2_learning/interface_cpp/install/example_ros2_interfaces:${AMENT_PREFIX_PATH} CMAKE_PREFIX_PATH=/home/yy/ros2_learning/interface_cpp/install/example_ros2_interfaces:/home/yy/ros2_learning/my_helloworld/install/pkg_my_hello_world_cpp:/opt/ros/humble LD_LIBRARY_PATH=/home/yy/ros2_learning/interface_cpp/install/example_ros2_interfaces/lib:${LD_LIBRARY_PATH} PYTHONPATH=/home/yy/ros2_learning/interface_cpp/install/example_ros2_interfaces/local/lib/python3.10/dist-packages:${PYTHONPATH} /usr/bin/cmake --install /home/yy/ros2_learning/interface_cpp/build/example_interfaces_rclcpp
[6.516s] Level 1:colcon.colcon_core.environment:create_environment_scripts_only(example_interfaces_rclcpp)
[6.516s] Level 1:colcon.colcon_core.environment:checking '/home/yy/ros2_learning/interface_cpp/install/example_interfaces_rclcpp' for CMake module files
[6.516s] DEBUG:colcon.colcon_core.event_handler.log_command:Invoked command in '/home/yy/ros2_learning/interface_cpp/build/example_interfaces_rclcpp' returned '0': AMENT_PREFIX_PATH=/home/yy/ros2_learning/interface_cpp/install/example_ros2_interfaces:${AMENT_PREFIX_PATH} CMAKE_PREFIX_PATH=/home/yy/ros2_learning/interface_cpp/install/example_ros2_interfaces:/home/yy/ros2_learning/my_helloworld/install/pkg_my_hello_world_cpp:/opt/ros/humble LD_LIBRARY_PATH=/home/yy/ros2_learning/interface_cpp/install/example_ros2_interfaces/lib:${LD_LIBRARY_PATH} PYTHONPATH=/home/yy/ros2_learning/interface_cpp/install/example_ros2_interfaces/local/lib/python3.10/dist-packages:${PYTHONPATH} /usr/bin/cmake --install /home/yy/ros2_learning/interface_cpp/build/example_interfaces_rclcpp
[6.516s] Level 1:colcon.colcon_core.environment:checking '/home/yy/ros2_learning/interface_cpp/install/example_interfaces_rclcpp' for CMake config files
[6.517s] Level 1:colcon.colcon_core.shell:create_environment_hook('example_interfaces_rclcpp', 'cmake_prefix_path')
[6.517s] INFO:colcon.colcon_core.shell:Creating environment hook '/home/yy/ros2_learning/interface_cpp/install/example_interfaces_rclcpp/share/example_interfaces_rclcpp/hook/cmake_prefix_path.ps1'
[6.517s] INFO:colcon.colcon_core.shell:Creating environment descriptor '/home/yy/ros2_learning/interface_cpp/install/example_interfaces_rclcpp/share/example_interfaces_rclcpp/hook/cmake_prefix_path.dsv'
[6.517s] INFO:colcon.colcon_core.shell:Creating environment hook '/home/yy/ros2_learning/interface_cpp/install/example_interfaces_rclcpp/share/example_interfaces_rclcpp/hook/cmake_prefix_path.sh'
[6.518s] Level 1:colcon.colcon_core.environment:checking '/home/yy/ros2_learning/interface_cpp/install/example_interfaces_rclcpp/lib'
[6.518s] Level 1:colcon.colcon_core.environment:checking '/home/yy/ros2_learning/interface_cpp/install/example_interfaces_rclcpp/bin'
[6.518s] Level 1:colcon.colcon_core.environment:checking '/home/yy/ros2_learning/interface_cpp/install/example_interfaces_rclcpp/lib/pkgconfig/example_interfaces_rclcpp.pc'
[6.518s] Level 1:colcon.colcon_core.environment:checking '/home/yy/ros2_learning/interface_cpp/install/example_interfaces_rclcpp/lib/python3.10/site-packages'
[6.518s] Level 1:colcon.colcon_core.environment:checking '/home/yy/ros2_learning/interface_cpp/install/example_interfaces_rclcpp/bin'
[6.518s] INFO:colcon.colcon_core.shell:Creating package script '/home/yy/ros2_learning/interface_cpp/install/example_interfaces_rclcpp/share/example_interfaces_rclcpp/package.ps1'
[6.518s] INFO:colcon.colcon_core.shell:Creating package descriptor '/home/yy/ros2_learning/interface_cpp/install/example_interfaces_rclcpp/share/example_interfaces_rclcpp/package.dsv'
[6.519s] INFO:colcon.colcon_core.shell:Creating package script '/home/yy/ros2_learning/interface_cpp/install/example_interfaces_rclcpp/share/example_interfaces_rclcpp/package.sh'
[6.519s] INFO:colcon.colcon_core.shell:Creating package script '/home/yy/ros2_learning/interface_cpp/install/example_interfaces_rclcpp/share/example_interfaces_rclcpp/package.bash'
[6.519s] INFO:colcon.colcon_core.shell:Creating package script '/home/yy/ros2_learning/interface_cpp/install/example_interfaces_rclcpp/share/example_interfaces_rclcpp/package.zsh'
[6.519s] Level 1:colcon.colcon_core.environment:create_file_with_runtime_dependencies(/home/yy/ros2_learning/interface_cpp/install/example_interfaces_rclcpp/share/colcon-core/packages/example_interfaces_rclcpp)
[6.542s] Level 1:colcon.colcon_core.environment:create_environment_scripts_only(example_interfaces_rclcpp)
[6.543s] Level 1:colcon.colcon_core.environment:checking '/home/yy/ros2_learning/interface_cpp/install/example_interfaces_rclcpp' for CMake module files
[6.543s] Level 1:colcon.colcon_core.environment:checking '/home/yy/ros2_learning/interface_cpp/install/example_interfaces_rclcpp' for CMake config files
[6.543s] Level 1:colcon.colcon_core.shell:create_environment_hook('example_interfaces_rclcpp', 'cmake_prefix_path')
[6.543s] INFO:colcon.colcon_core.shell:Creating environment hook '/home/yy/ros2_learning/interface_cpp/install/example_interfaces_rclcpp/share/example_interfaces_rclcpp/hook/cmake_prefix_path.ps1'
[6.543s] INFO:colcon.colcon_core.shell:Creating environment descriptor '/home/yy/ros2_learning/interface_cpp/install/example_interfaces_rclcpp/share/example_interfaces_rclcpp/hook/cmake_prefix_path.dsv'
[6.544s] INFO:colcon.colcon_core.shell:Creating environment hook '/home/yy/ros2_learning/interface_cpp/install/example_interfaces_rclcpp/share/example_interfaces_rclcpp/hook/cmake_prefix_path.sh'
[6.544s] Level 1:colcon.colcon_core.environment:checking '/home/yy/ros2_learning/interface_cpp/install/example_interfaces_rclcpp/lib'
[6.544s] Level 1:colcon.colcon_core.environment:checking '/home/yy/ros2_learning/interface_cpp/install/example_interfaces_rclcpp/bin'
[6.544s] Level 1:colcon.colcon_core.environment:checking '/home/yy/ros2_learning/interface_cpp/install/example_interfaces_rclcpp/lib/pkgconfig/example_interfaces_rclcpp.pc'
[6.544s] Level 1:colcon.colcon_core.environment:checking '/home/yy/ros2_learning/interface_cpp/install/example_interfaces_rclcpp/lib/python3.10/site-packages'
[6.544s] Level 1:colcon.colcon_core.environment:checking '/home/yy/ros2_learning/interface_cpp/install/example_interfaces_rclcpp/bin'
[6.544s] INFO:colcon.colcon_core.shell:Creating package script '/home/yy/ros2_learning/interface_cpp/install/example_interfaces_rclcpp/share/example_interfaces_rclcpp/package.ps1'
[6.545s] INFO:colcon.colcon_core.shell:Creating package descriptor '/home/yy/ros2_learning/interface_cpp/install/example_interfaces_rclcpp/share/example_interfaces_rclcpp/package.dsv'
[6.545s] INFO:colcon.colcon_core.shell:Creating package script '/home/yy/ros2_learning/interface_cpp/install/example_interfaces_rclcpp/share/example_interfaces_rclcpp/package.sh'
[6.545s] INFO:colcon.colcon_core.shell:Creating package script '/home/yy/ros2_learning/interface_cpp/install/example_interfaces_rclcpp/share/example_interfaces_rclcpp/package.bash'
[6.545s] INFO:colcon.colcon_core.shell:Creating package script '/home/yy/ros2_learning/interface_cpp/install/example_interfaces_rclcpp/share/example_interfaces_rclcpp/package.zsh'
[6.546s] Level 1:colcon.colcon_core.environment:create_file_with_runtime_dependencies(/home/yy/ros2_learning/interface_cpp/install/example_interfaces_rclcpp/share/colcon-core/packages/example_interfaces_rclcpp)
[6.546s] DEBUG:colcon.colcon_parallel_executor.executor.parallel:closing loop
[6.546s] DEBUG:colcon.colcon_parallel_executor.executor.parallel:loop closed
[6.546s] DEBUG:colcon.colcon_parallel_executor.executor.parallel:run_until_complete finished with '0'
[6.546s] DEBUG:colcon.colcon_core.event_reactor:joining thread
[6.551s] INFO:colcon.colcon_core.plugin_system:Skipping extension 'colcon_notification.desktop_notification.terminal_notifier': Not used on non-Darwin systems
[6.551s] INFO:colcon.colcon_core.plugin_system:Skipping extension 'colcon_notification.desktop_notification.win32': Not used on non-Windows systems
[6.551s] INFO:colcon.colcon_notification.desktop_notification:Sending desktop notification using 'notify2'
[6.563s] DEBUG:colcon.colcon_core.event_reactor:joined thread
[6.563s] INFO:colcon.colcon_core.shell:Creating prefix script '/home/yy/ros2_learning/interface_cpp/install/local_setup.ps1'
[6.564s] INFO:colcon.colcon_core.shell:Creating prefix util module '/home/yy/ros2_learning/interface_cpp/install/_local_setup_util_ps1.py'
[6.565s] INFO:colcon.colcon_core.shell:Creating prefix chain script '/home/yy/ros2_learning/interface_cpp/install/setup.ps1'
[6.566s] INFO:colcon.colcon_core.shell:Creating prefix script '/home/yy/ros2_learning/interface_cpp/install/local_setup.sh'
[6.567s] INFO:colcon.colcon_core.shell:Creating prefix util module '/home/yy/ros2_learning/interface_cpp/install/_local_setup_util_sh.py'
[6.567s] INFO:colcon.colcon_core.shell:Creating prefix chain script '/home/yy/ros2_learning/interface_cpp/install/setup.sh'
[6.568s] INFO:colcon.colcon_core.shell:Creating prefix script '/home/yy/ros2_learning/interface_cpp/install/local_setup.bash'
[6.569s] INFO:colcon.colcon_core.shell:Creating prefix chain script '/home/yy/ros2_learning/interface_cpp/install/setup.bash'
[6.570s] INFO:colcon.colcon_core.shell:Creating prefix script '/home/yy/ros2_learning/interface_cpp/install/local_setup.zsh'
[6.570s] INFO:colcon.colcon_core.shell:Creating prefix chain script '/home/yy/ros2_learning/interface_cpp/install/setup.zsh'
