[0.007s] Invoking command in '/home/yy/ros2_learning/service_cpp/build/example_service_rclcpp': CMAKE_PREFIX_PATH=${CMAKE_PREFIX_PATH}:/opt/ros/humble /usr/bin/cmake /home/yy/ros2_learning/service_cpp/src/example_service_rclcpp -DCMAKE_INSTALL_PREFIX=/home/yy/ros2_learning/service_cpp/install/example_service_rclcpp
[0.047s] -- The C compiler identification is GNU 11.4.0
[0.083s] -- The CXX compiler identification is GNU 11.4.0
[0.087s] -- Detecting C compiler ABI info
[0.140s] -- Detecting C compiler ABI info - done
[0.145s] -- Check for working C compiler: /usr/bin/cc - skipped
[0.145s] -- Detecting C compile features
[0.145s] -- Detecting C compile features - done
[0.147s] -- Detecting CXX compiler ABI info
[0.200s] -- Detecting CXX compiler ABI info - done
[0.205s] -- Check for working CXX compiler: /usr/bin/c++ - skipped
[0.205s] -- Detecting CXX compile features
[0.205s] -- Detecting CXX compile features - done
[0.206s] -- Found ament_cmake: 1.3.10 (/opt/ros/humble/share/ament_cmake/cmake)
[0.304s] -- Found Python3: /usr/bin/python3 (found version "3.10.12") found components: Interpreter 
[0.360s] -- Found rclcpp: 16.0.10 (/opt/ros/humble/share/rclcpp/cmake)
[0.381s] -- Found rosidl_generator_c: 3.1.5 (/opt/ros/humble/share/rosidl_generator_c/cmake)
[0.383s] -- Found rosidl_adapter: 3.1.5 (/opt/ros/humble/share/rosidl_adapter/cmake)
[0.387s] -- Found rosidl_generator_cpp: 3.1.5 (/opt/ros/humble/share/rosidl_generator_cpp/cmake)
[0.393s] -- Using all available rosidl_typesupport_c: rosidl_typesupport_fastrtps_c;rosidl_typesupport_introspection_c
[0.401s] -- Using all available rosidl_typesupport_cpp: rosidl_typesupport_fastrtps_cpp;rosidl_typesupport_introspection_cpp
[0.424s] -- Found rmw_implementation_cmake: 6.1.2 (/opt/ros/humble/share/rmw_implementation_cmake/cmake)
[0.426s] -- Found rmw_fastrtps_cpp: 6.2.7 (/opt/ros/humble/share/rmw_fastrtps_cpp/cmake)
[0.483s] -- Found OpenSSL: /usr/lib/x86_64-linux-gnu/libcrypto.so (found version "3.0.2")  
[0.500s] -- Found FastRTPS: /opt/ros/humble/include  
[0.527s] -- Using RMW implementation 'rmw_fastrtps_cpp' as default
[0.532s] -- Looking for pthread.h
[0.583s] -- Looking for pthread.h - found
[0.584s] -- Performing Test CMAKE_HAVE_LIBC_PTHREAD
[0.637s] -- Performing Test CMAKE_HAVE_LIBC_PTHREAD - Success
[0.638s] -- Found Threads: TRUE  
[0.666s] -- Found ament_lint_auto: 0.12.11 (/opt/ros/humble/share/ament_lint_auto/cmake)
[0.710s] -- Added test 'cppcheck' to perform static code analysis on C / C++ code
[0.710s] -- Configured cppcheck include dirs: 
[0.710s] -- Configured cppcheck exclude dirs and/or files: 
[0.711s] -- Added test 'lint_cmake' to check CMake code style
[0.711s] -- Added test 'uncrustify' to check C / C++ code style
[0.711s] -- Configured uncrustify additional arguments: 
[0.711s] -- Added test 'xmllint' to check XML markup files
[0.713s] -- Configuring done
[0.719s] -- Generating done
[0.719s] -- Build files have been written to: /home/yy/ros2_learning/service_cpp/build/example_service_rclcpp
[0.727s] Invoked command in '/home/yy/ros2_learning/service_cpp/build/example_service_rclcpp' returned '0': CMAKE_PREFIX_PATH=${CMAKE_PREFIX_PATH}:/opt/ros/humble /usr/bin/cmake /home/yy/ros2_learning/service_cpp/src/example_service_rclcpp -DCMAKE_INSTALL_PREFIX=/home/yy/ros2_learning/service_cpp/install/example_service_rclcpp
[0.728s] Invoking command in '/home/yy/ros2_learning/service_cpp/build/example_service_rclcpp': CMAKE_PREFIX_PATH=${CMAKE_PREFIX_PATH}:/opt/ros/humble /usr/bin/cmake --build /home/yy/ros2_learning/service_cpp/build/example_service_rclcpp -- -j12 -l12
[0.764s] [ 25%] [32mBuilding CXX object CMakeFiles/service_client_01.dir/src/service_client_01.cpp.o[0m
[0.765s] [ 50%] [32mBuilding CXX object CMakeFiles/service_server_01.dir/src/service_server_01.cpp.o[0m
[2.455s] [ 75%] [32m[1mLinking CXX executable service_client_01[0m
[2.461s] [100%] [32m[1mLinking CXX executable service_server_01[0m
[2.531s] [100%] Built target service_client_01
[2.538s] [100%] Built target service_server_01
[2.548s] Invoked command in '/home/yy/ros2_learning/service_cpp/build/example_service_rclcpp' returned '0': CMAKE_PREFIX_PATH=${CMAKE_PREFIX_PATH}:/opt/ros/humble /usr/bin/cmake --build /home/yy/ros2_learning/service_cpp/build/example_service_rclcpp -- -j12 -l12
[2.574s] Invoking command in '/home/yy/ros2_learning/service_cpp/build/example_service_rclcpp': CMAKE_PREFIX_PATH=${CMAKE_PREFIX_PATH}:/opt/ros/humble /usr/bin/cmake --install /home/yy/ros2_learning/service_cpp/build/example_service_rclcpp
[2.578s] -- Install configuration: ""
[2.578s] -- Installing: /home/yy/ros2_learning/service_cpp/install/example_service_rclcpp/share/ament_index/resource_index/package_run_dependencies/example_service_rclcpp
[2.578s] -- Installing: /home/yy/ros2_learning/service_cpp/install/example_service_rclcpp/share/ament_index/resource_index/parent_prefix_path/example_service_rclcpp
[2.578s] -- Installing: /home/yy/ros2_learning/service_cpp/install/example_service_rclcpp/share/example_service_rclcpp/environment/ament_prefix_path.sh
[2.578s] -- Installing: /home/yy/ros2_learning/service_cpp/install/example_service_rclcpp/share/example_service_rclcpp/environment/ament_prefix_path.dsv
[2.578s] -- Installing: /home/yy/ros2_learning/service_cpp/install/example_service_rclcpp/share/example_service_rclcpp/environment/path.sh
[2.578s] -- Installing: /home/yy/ros2_learning/service_cpp/install/example_service_rclcpp/share/example_service_rclcpp/environment/path.dsv
[2.578s] -- Installing: /home/yy/ros2_learning/service_cpp/install/example_service_rclcpp/share/example_service_rclcpp/local_setup.bash
[2.578s] -- Installing: /home/yy/ros2_learning/service_cpp/install/example_service_rclcpp/share/example_service_rclcpp/local_setup.sh
[2.578s] -- Installing: /home/yy/ros2_learning/service_cpp/install/example_service_rclcpp/share/example_service_rclcpp/local_setup.zsh
[2.578s] -- Installing: /home/yy/ros2_learning/service_cpp/install/example_service_rclcpp/share/example_service_rclcpp/local_setup.dsv
[2.578s] -- Installing: /home/yy/ros2_learning/service_cpp/install/example_service_rclcpp/share/example_service_rclcpp/package.dsv
[2.578s] -- Installing: /home/yy/ros2_learning/service_cpp/install/example_service_rclcpp/share/ament_index/resource_index/packages/example_service_rclcpp
[2.578s] -- Installing: /home/yy/ros2_learning/service_cpp/install/example_service_rclcpp/share/example_service_rclcpp/cmake/example_service_rclcppConfig.cmake
[2.578s] -- Installing: /home/yy/ros2_learning/service_cpp/install/example_service_rclcpp/share/example_service_rclcpp/cmake/example_service_rclcppConfig-version.cmake
[2.578s] -- Installing: /home/yy/ros2_learning/service_cpp/install/example_service_rclcpp/share/example_service_rclcpp/package.xml
[2.579s] -- Installing: /home/yy/ros2_learning/service_cpp/install/example_service_rclcpp/lib/example_service_rclcpp/service_server_01
[2.579s] -- Set runtime path of "/home/yy/ros2_learning/service_cpp/install/example_service_rclcpp/lib/example_service_rclcpp/service_server_01" to ""
[2.579s] -- Installing: /home/yy/ros2_learning/service_cpp/install/example_service_rclcpp/lib/example_service_rclcpp/service_client_01
[2.579s] -- Set runtime path of "/home/yy/ros2_learning/service_cpp/install/example_service_rclcpp/lib/example_service_rclcpp/service_client_01" to ""
[2.580s] Invoked command in '/home/yy/ros2_learning/service_cpp/build/example_service_rclcpp' returned '0': CMAKE_PREFIX_PATH=${CMAKE_PREFIX_PATH}:/opt/ros/humble /usr/bin/cmake --install /home/yy/ros2_learning/service_cpp/build/example_service_rclcpp
