-- Found ament_cmake: 1.3.10 (/opt/ros/humble/share/ament_cmake/cmake)
-- Found rclcpp: 16.0.10 (/opt/ros/humble/share/rclcpp/cmake)
-- Found rosidl_generator_c: 3.1.5 (/opt/ros/humble/share/rosidl_generator_c/cmake)
-- Found rosidl_adapter: 3.1.5 (/opt/ros/humble/share/rosidl_adapter/cmake)
-- Found rosidl_generator_cpp: 3.1.5 (/opt/ros/humble/share/rosidl_generator_cpp/cmake)
-- Using all available rosidl_typesupport_c: rosidl_typesupport_fastrtps_c;rosidl_typesupport_introspection_c
-- Using all available rosidl_typesupport_cpp: rosidl_typesupport_fastrtps_cpp;rosidl_typesupport_introspection_cpp
-- Found rmw_implementation_cmake: 6.1.2 (/opt/ros/humble/share/rmw_implementation_cmake/cmake)
-- Found rmw_fastrtps_cpp: 6.2.7 (/opt/ros/humble/share/rmw_fastrtps_cpp/cmake)
-- Using RMW implementation 'rmw_fastrtps_cpp' as default
-- Found ament_lint_auto: 0.12.11 (/opt/ros/humble/share/ament_lint_auto/cmake)
-- Added test 'cppcheck' to perform static code analysis on C / C++ code
-- Configured cppcheck include dirs: 
-- Configured cppcheck exclude dirs and/or files: 
-- Added test 'lint_cmake' to check CMake code style
-- Added test 'uncrustify' to check C / C++ code style
-- Configured uncrustify additional arguments: 
-- Added test 'xmllint' to check XML markup files
-- Found example_interfaces: 0.9.3 (/opt/ros/humble/share/example_interfaces/cmake)
[31mCMake Error at CMakeLists.txt:45 (add_executable):
  add_executable cannot create target "service_client_01" because another
  target with the same name already exists.  The existing target is an
  executable created in source directory
  "/home/yy/ros2_learning/service_cpp/src/example_service_rclcpp".  See
  documentation for policy CMP0002 for more details.

[0m
[31mCMake Error at CMakeLists.txt:48 (add_executable):
  add_executable cannot create target "service_server_01" because another
  target with the same name already exists.  The existing target is an
  executable created in source directory
  "/home/yy/ros2_learning/service_cpp/src/example_service_rclcpp".  See
  documentation for policy CMP0002 for more details.

[0m
-- Configuring incomplete, errors occurred!
See also "/home/yy/ros2_learning/service_cpp/build/example_service_rclcpp/CMakeFiles/CMakeOutput.log".
gmake: *** [Makefile:308：cmake_check_build_system] 错误 1
