[0.007s] Invoking command in '/home/yy/ros2_learning/topic_cpp/build/example_topic_rclcpp': CMAKE_PREFIX_PATH=${CMAKE_PREFIX_PATH}:/opt/ros/humble /usr/bin/cmake --build /home/yy/ros2_learning/topic_cpp/build/example_topic_rclcpp -- -j12 -l12
[0.041s] [35m[1mConsolidate compiler generated dependencies of target topic_subscribe_01[0m
[0.050s] [ 25%] [32mBuilding CXX object CMakeFiles/topic_publisher_01.dir/src/topic_publisher_01.cpp.o[0m
[0.053s] [ 50%] [32mBuilding CXX object CMakeFiles/topic_subscribe_01.dir/src/topic_subscribe_01.cpp.o[0m
[2.770s] [ 75%] [32m[1mLinking CXX executable topic_publisher_01[0m
[2.898s] [ 75%] Built target topic_publisher_01
[5.331s] [100%] [32m[1mLinking CXX executable topic_subscribe_01[0m
[5.566s] [100%] Built target topic_subscribe_01
[5.577s] Invoked command in '/home/yy/ros2_learning/topic_cpp/build/example_topic_rclcpp' returned '0': CMAKE_PREFIX_PATH=${CMAKE_PREFIX_PATH}:/opt/ros/humble /usr/bin/cmake --build /home/yy/ros2_learning/topic_cpp/build/example_topic_rclcpp -- -j12 -l12
[5.603s] Invoking command in '/home/yy/ros2_learning/topic_cpp/build/example_topic_rclcpp': CMAKE_PREFIX_PATH=${CMAKE_PREFIX_PATH}:/opt/ros/humble /usr/bin/cmake --install /home/yy/ros2_learning/topic_cpp/build/example_topic_rclcpp
[5.609s] -- Install configuration: ""
[5.609s] -- Up-to-date: /home/yy/ros2_learning/topic_cpp/install/example_topic_rclcpp/share/ament_index/resource_index/package_run_dependencies/example_topic_rclcpp
[5.609s] -- Up-to-date: /home/yy/ros2_learning/topic_cpp/install/example_topic_rclcpp/share/ament_index/resource_index/parent_prefix_path/example_topic_rclcpp
[5.609s] -- Up-to-date: /home/yy/ros2_learning/topic_cpp/install/example_topic_rclcpp/share/example_topic_rclcpp/environment/ament_prefix_path.sh
[5.609s] -- Up-to-date: /home/yy/ros2_learning/topic_cpp/install/example_topic_rclcpp/share/example_topic_rclcpp/environment/ament_prefix_path.dsv
[5.610s] -- Up-to-date: /home/yy/ros2_learning/topic_cpp/install/example_topic_rclcpp/share/example_topic_rclcpp/environment/path.sh
[5.610s] -- Up-to-date: /home/yy/ros2_learning/topic_cpp/install/example_topic_rclcpp/share/example_topic_rclcpp/environment/path.dsv
[5.610s] -- Up-to-date: /home/yy/ros2_learning/topic_cpp/install/example_topic_rclcpp/share/example_topic_rclcpp/local_setup.bash
[5.610s] -- Up-to-date: /home/yy/ros2_learning/topic_cpp/install/example_topic_rclcpp/share/example_topic_rclcpp/local_setup.sh
[5.610s] -- Up-to-date: /home/yy/ros2_learning/topic_cpp/install/example_topic_rclcpp/share/example_topic_rclcpp/local_setup.zsh
[5.610s] -- Up-to-date: /home/yy/ros2_learning/topic_cpp/install/example_topic_rclcpp/share/example_topic_rclcpp/local_setup.dsv
[5.610s] -- Installing: /home/yy/ros2_learning/topic_cpp/install/example_topic_rclcpp/share/example_topic_rclcpp/package.dsv
[5.610s] -- Up-to-date: /home/yy/ros2_learning/topic_cpp/install/example_topic_rclcpp/share/ament_index/resource_index/packages/example_topic_rclcpp
[5.610s] -- Up-to-date: /home/yy/ros2_learning/topic_cpp/install/example_topic_rclcpp/share/example_topic_rclcpp/cmake/example_topic_rclcppConfig.cmake
[5.610s] -- Up-to-date: /home/yy/ros2_learning/topic_cpp/install/example_topic_rclcpp/share/example_topic_rclcpp/cmake/example_topic_rclcppConfig-version.cmake
[5.610s] -- Up-to-date: /home/yy/ros2_learning/topic_cpp/install/example_topic_rclcpp/share/example_topic_rclcpp/package.xml
[5.610s] -- Installing: /home/yy/ros2_learning/topic_cpp/install/example_topic_rclcpp/lib/example_topic_rclcpp/topic_publisher_01
[5.610s] -- Set runtime path of "/home/yy/ros2_learning/topic_cpp/install/example_topic_rclcpp/lib/example_topic_rclcpp/topic_publisher_01" to ""
[5.610s] -- Installing: /home/yy/ros2_learning/topic_cpp/install/example_topic_rclcpp/lib/example_topic_rclcpp/topic_subscribe_01
[5.612s] -- Set runtime path of "/home/yy/ros2_learning/topic_cpp/install/example_topic_rclcpp/lib/example_topic_rclcpp/topic_subscribe_01" to ""
[5.614s] Invoked command in '/home/yy/ros2_learning/topic_cpp/build/example_topic_rclcpp' returned '0': CMAKE_PREFIX_PATH=${CMAKE_PREFIX_PATH}:/opt/ros/humble /usr/bin/cmake --install /home/yy/ros2_learning/topic_cpp/build/example_topic_rclcpp
