[0.006s] Invoking command in '/home/yy/ros2_learning/interface_cpp/build/example_interfaces_rclcpp': AMENT_PREFIX_PATH=/home/yy/ros2_learning/interface_cpp/install/example_ros2_interfaces:${AMENT_PREFIX_PATH} CMAKE_PREFIX_PATH=/home/yy/ros2_learning/interface_cpp/install/example_ros2_interfaces:/home/yy/ros2_learning/my_helloworld/install/pkg_my_hello_world_cpp:/opt/ros/humble LD_LIBRARY_PATH=/home/yy/ros2_learning/interface_cpp/install/example_ros2_interfaces/lib:${LD_LIBRARY_PATH} PYTHONPATH=/home/yy/ros2_learning/interface_cpp/install/example_ros2_interfaces/local/lib/python3.10/dist-packages:${PYTHONPATH} /usr/bin/cmake --build /home/yy/ros2_learning/interface_cpp/build/example_interfaces_rclcpp -- -j12 -l12
[0.040s] [35m[1mConsolidate compiler generated dependencies of target example_interfaces_control_01[0m
[0.040s] [35m[1mConsolidate compiler generated dependencies of target example_interfaces_robot_01[0m
[0.054s] [ 50%] [32mBuilding CXX object CMakeFiles/example_interfaces_robot_01.dir/src/example_interfaces_robot_01.cpp.o[0m
[0.054s] [ 50%] [32mBuilding CXX object CMakeFiles/example_interfaces_control_01.dir/src/example_interfaces_control_01.cpp.o[0m
[3.728s] [ 75%] [32m[1mLinking CXX executable example_interfaces_robot_01[0m
[3.885s] [ 75%] Built target example_interfaces_robot_01
[5.571s] [100%] [32m[1mLinking CXX executable example_interfaces_control_01[0m
[5.858s] [100%] Built target example_interfaces_control_01
[5.870s] Invoked command in '/home/yy/ros2_learning/interface_cpp/build/example_interfaces_rclcpp' returned '0': AMENT_PREFIX_PATH=/home/yy/ros2_learning/interface_cpp/install/example_ros2_interfaces:${AMENT_PREFIX_PATH} CMAKE_PREFIX_PATH=/home/yy/ros2_learning/interface_cpp/install/example_ros2_interfaces:/home/yy/ros2_learning/my_helloworld/install/pkg_my_hello_world_cpp:/opt/ros/humble LD_LIBRARY_PATH=/home/yy/ros2_learning/interface_cpp/install/example_ros2_interfaces/lib:${LD_LIBRARY_PATH} PYTHONPATH=/home/yy/ros2_learning/interface_cpp/install/example_ros2_interfaces/local/lib/python3.10/dist-packages:${PYTHONPATH} /usr/bin/cmake --build /home/yy/ros2_learning/interface_cpp/build/example_interfaces_rclcpp -- -j12 -l12
[5.891s] Invoking command in '/home/yy/ros2_learning/interface_cpp/build/example_interfaces_rclcpp': AMENT_PREFIX_PATH=/home/yy/ros2_learning/interface_cpp/install/example_ros2_interfaces:${AMENT_PREFIX_PATH} CMAKE_PREFIX_PATH=/home/yy/ros2_learning/interface_cpp/install/example_ros2_interfaces:/home/yy/ros2_learning/my_helloworld/install/pkg_my_hello_world_cpp:/opt/ros/humble LD_LIBRARY_PATH=/home/yy/ros2_learning/interface_cpp/install/example_ros2_interfaces/lib:${LD_LIBRARY_PATH} PYTHONPATH=/home/yy/ros2_learning/interface_cpp/install/example_ros2_interfaces/local/lib/python3.10/dist-packages:${PYTHONPATH} /usr/bin/cmake --install /home/yy/ros2_learning/interface_cpp/build/example_interfaces_rclcpp
[5.898s] -- Install configuration: ""
[5.898s] -- Installing: /home/yy/ros2_learning/interface_cpp/install/example_interfaces_rclcpp/lib/example_interfaces_rclcpp/example_interfaces_robot_01
[5.899s] -- Set runtime path of "/home/yy/ros2_learning/interface_cpp/install/example_interfaces_rclcpp/lib/example_interfaces_rclcpp/example_interfaces_robot_01" to ""
[5.899s] -- Installing: /home/yy/ros2_learning/interface_cpp/install/example_interfaces_rclcpp/lib/example_interfaces_rclcpp/example_interfaces_control_01
[5.901s] -- Set runtime path of "/home/yy/ros2_learning/interface_cpp/install/example_interfaces_rclcpp/lib/example_interfaces_rclcpp/example_interfaces_control_01" to ""
[5.901s] -- Up-to-date: /home/yy/ros2_learning/interface_cpp/install/example_interfaces_rclcpp/share/ament_index/resource_index/package_run_dependencies/example_interfaces_rclcpp
[5.901s] -- Up-to-date: /home/yy/ros2_learning/interface_cpp/install/example_interfaces_rclcpp/share/ament_index/resource_index/parent_prefix_path/example_interfaces_rclcpp
[5.901s] -- Up-to-date: /home/yy/ros2_learning/interface_cpp/install/example_interfaces_rclcpp/share/example_interfaces_rclcpp/environment/ament_prefix_path.sh
[5.901s] -- Up-to-date: /home/yy/ros2_learning/interface_cpp/install/example_interfaces_rclcpp/share/example_interfaces_rclcpp/environment/ament_prefix_path.dsv
[5.901s] -- Up-to-date: /home/yy/ros2_learning/interface_cpp/install/example_interfaces_rclcpp/share/example_interfaces_rclcpp/environment/path.sh
[5.901s] -- Up-to-date: /home/yy/ros2_learning/interface_cpp/install/example_interfaces_rclcpp/share/example_interfaces_rclcpp/environment/path.dsv
[5.901s] -- Up-to-date: /home/yy/ros2_learning/interface_cpp/install/example_interfaces_rclcpp/share/example_interfaces_rclcpp/local_setup.bash
[5.901s] -- Up-to-date: /home/yy/ros2_learning/interface_cpp/install/example_interfaces_rclcpp/share/example_interfaces_rclcpp/local_setup.sh
[5.901s] -- Up-to-date: /home/yy/ros2_learning/interface_cpp/install/example_interfaces_rclcpp/share/example_interfaces_rclcpp/local_setup.zsh
[5.902s] -- Up-to-date: /home/yy/ros2_learning/interface_cpp/install/example_interfaces_rclcpp/share/example_interfaces_rclcpp/local_setup.dsv
[5.902s] -- Installing: /home/yy/ros2_learning/interface_cpp/install/example_interfaces_rclcpp/share/example_interfaces_rclcpp/package.dsv
[5.902s] -- Up-to-date: /home/yy/ros2_learning/interface_cpp/install/example_interfaces_rclcpp/share/ament_index/resource_index/packages/example_interfaces_rclcpp
[5.902s] -- Up-to-date: /home/yy/ros2_learning/interface_cpp/install/example_interfaces_rclcpp/share/example_interfaces_rclcpp/cmake/example_interfaces_rclcppConfig.cmake
[5.902s] -- Up-to-date: /home/yy/ros2_learning/interface_cpp/install/example_interfaces_rclcpp/share/example_interfaces_rclcpp/cmake/example_interfaces_rclcppConfig-version.cmake
[5.902s] -- Up-to-date: /home/yy/ros2_learning/interface_cpp/install/example_interfaces_rclcpp/share/example_interfaces_rclcpp/package.xml
[5.903s] Invoked command in '/home/yy/ros2_learning/interface_cpp/build/example_interfaces_rclcpp' returned '0': AMENT_PREFIX_PATH=/home/yy/ros2_learning/interface_cpp/install/example_ros2_interfaces:${AMENT_PREFIX_PATH} CMAKE_PREFIX_PATH=/home/yy/ros2_learning/interface_cpp/install/example_ros2_interfaces:/home/yy/ros2_learning/my_helloworld/install/pkg_my_hello_world_cpp:/opt/ros/humble LD_LIBRARY_PATH=/home/yy/ros2_learning/interface_cpp/install/example_ros2_interfaces/lib:${LD_LIBRARY_PATH} PYTHONPATH=/home/yy/ros2_learning/interface_cpp/install/example_ros2_interfaces/local/lib/python3.10/dist-packages:${PYTHONPATH} /usr/bin/cmake --install /home/yy/ros2_learning/interface_cpp/build/example_interfaces_rclcpp
