[0.007s] Invoking command in '/home/yy/ros2_learning/interface_cpp/build/example_ros2_interfaces': CMAKE_PREFIX_PATH=${CMAKE_PREFIX_PATH}:/opt/ros/humble /usr/bin/cmake --build /home/yy/ros2_learning/interface_cpp/build/example_ros2_interfaces -- -j12 -l12
[0.026s] -- Found ament_cmake: 1.3.10 (/opt/ros/humble/share/ament_cmake/cmake)
[0.104s] -- Found rosidl_default_generators: 1.2.0 (/opt/ros/humble/share/rosidl_default_generators/cmake)
[0.105s] -- Using all available rosidl_typesupport_c: rosidl_typesupport_fastrtps_c;rosidl_typesupport_introspection_c
[0.106s] -- Found rosidl_adapter: 3.1.5 (/opt/ros/humble/share/rosidl_adapter/cmake)
[0.122s] -- Using all available rosidl_typesupport_cpp: rosidl_typesupport_fastrtps_cpp;rosidl_typesupport_introspection_cpp
[0.135s] -- Found geometry_msgs: 4.2.4 (/opt/ros/humble/share/geometry_msgs/cmake)
[0.154s] -- Found ament_lint_auto: 0.12.11 (/opt/ros/humble/share/ament_lint_auto/cmake)
[0.343s] -- Found ament_cmake_ros: 0.10.0 (/opt/ros/humble/share/ament_cmake_ros/cmake)
[0.515s] -- Using all available rosidl_typesupport_c: rosidl_typesupport_fastrtps_c;rosidl_typesupport_introspection_c
[0.734s] -- Using all available rosidl_typesupport_cpp: rosidl_typesupport_fastrtps_cpp;rosidl_typesupport_introspection_cpp
[0.748s] -- Found python_cmake_module: 0.10.0 (/opt/ros/humble/share/python_cmake_module/cmake)
[0.762s] -- Using PYTHON_EXECUTABLE: /usr/bin/python3
[0.762s] -- Using PYTHON_INCLUDE_DIRS: /usr/include/python3.10
[0.762s] -- Using PYTHON_LIBRARIES: /usr/lib/x86_64-linux-gnu/libpython3.10.so
[0.783s] -- Added test 'lint_cmake' to check CMake code style
[0.783s] -- Added test 'xmllint' to check XML markup files
[0.785s] -- Configuring done
[0.805s] -- Generating done
[0.806s] -- Build files have been written to: /home/yy/ros2_learning/interface_cpp/build/example_ros2_interfaces
[0.828s] [35m[1mConsolidate compiler generated dependencies of target example_ros2_interfaces__rosidl_generator_c[0m
[0.835s] [  2%] Built target example_ros2_interfaces__cpp
[0.836s] [ 12%] Built target example_ros2_interfaces__rosidl_generator_c
[0.843s] [ 12%] Built target ament_cmake_python_copy_example_ros2_interfaces
[0.843s] [35m[1mConsolidate compiler generated dependencies of target example_ros2_interfaces__rosidl_typesupport_introspection_c[0m
[0.843s] [35m[1mConsolidate compiler generated dependencies of target example_ros2_interfaces__rosidl_typesupport_fastrtps_cpp[0m
[0.844s] [35m[1mConsolidate compiler generated dependencies of target example_ros2_interfaces__rosidl_typesupport_cpp[0m
[0.844s] [35m[1mConsolidate compiler generated dependencies of target example_ros2_interfaces__rosidl_typesupport_introspection_cpp[0m
[0.845s] [35m[1mConsolidate compiler generated dependencies of target example_ros2_interfaces__rosidl_typesupport_fastrtps_c[0m
[0.845s] [35m[1mConsolidate compiler generated dependencies of target example_ros2_interfaces__rosidl_typesupport_c[0m
[0.852s] [ 34%] Built target example_ros2_interfaces__rosidl_typesupport_fastrtps_cpp
[0.853s] [ 34%] Built target example_ros2_interfaces__rosidl_typesupport_introspection_c
[0.854s] [ 48%] Built target example_ros2_interfaces__rosidl_typesupport_cpp
[0.854s] [ 55%] Built target example_ros2_interfaces__rosidl_typesupport_c
[0.856s] [ 65%] Built target example_ros2_interfaces__rosidl_typesupport_introspection_cpp
[0.857s] [ 76%] Built target example_ros2_interfaces__rosidl_typesupport_fastrtps_c
[0.873s] [ 76%] Built target example_ros2_interfaces
[0.889s] [ 78%] Built target example_ros2_interfaces__py
[0.897s] [35m[1mConsolidate compiler generated dependencies of target example_ros2_interfaces__rosidl_generator_py[0m
[0.908s] [ 87%] Built target example_ros2_interfaces__rosidl_generator_py
[0.917s] [35m[1mConsolidate compiler generated dependencies of target example_ros2_interfaces__rosidl_typesupport_fastrtps_c__pyext[0m
[0.917s] [35m[1mConsolidate compiler generated dependencies of target example_ros2_interfaces__rosidl_typesupport_introspection_c__pyext[0m
[0.917s] [35m[1mConsolidate compiler generated dependencies of target example_ros2_interfaces__rosidl_typesupport_c__pyext[0m
[0.929s] [100%] Built target example_ros2_interfaces__rosidl_typesupport_c__pyext
[0.929s] [100%] Built target example_ros2_interfaces__rosidl_typesupport_introspection_c__pyext
[0.929s] [100%] Built target example_ros2_interfaces__rosidl_typesupport_fastrtps_c__pyext
[0.976s] running egg_info
[0.977s] writing example_ros2_interfaces.egg-info/PKG-INFO
[0.977s] writing dependency_links to example_ros2_interfaces.egg-info/dependency_links.txt
[0.977s] writing top-level names to example_ros2_interfaces.egg-info/top_level.txt
[0.978s] reading manifest file 'example_ros2_interfaces.egg-info/SOURCES.txt'
[0.978s] writing manifest file 'example_ros2_interfaces.egg-info/SOURCES.txt'
[0.996s] [100%] Built target ament_cmake_python_build_example_ros2_interfaces_egg
[1.005s] Invoked command in '/home/yy/ros2_learning/interface_cpp/build/example_ros2_interfaces' returned '0': CMAKE_PREFIX_PATH=${CMAKE_PREFIX_PATH}:/opt/ros/humble /usr/bin/cmake --build /home/yy/ros2_learning/interface_cpp/build/example_ros2_interfaces -- -j12 -l12
[1.077s] Invoking command in '/home/yy/ros2_learning/interface_cpp/build/example_ros2_interfaces': CMAKE_PREFIX_PATH=${CMAKE_PREFIX_PATH}:/opt/ros/humble /usr/bin/cmake --install /home/yy/ros2_learning/interface_cpp/build/example_ros2_interfaces
[1.083s] -- Install configuration: ""
[1.083s] -- Up-to-date: /home/yy/ros2_learning/interface_cpp/install/example_ros2_interfaces/share/ament_index/resource_index/rosidl_interfaces/example_ros2_interfaces
[1.083s] -- Up-to-date: /home/yy/ros2_learning/interface_cpp/install/example_ros2_interfaces/include/example_ros2_interfaces/example_ros2_interfaces
[1.084s] -- Up-to-date: /home/yy/ros2_learning/interface_cpp/install/example_ros2_interfaces/include/example_ros2_interfaces/example_ros2_interfaces/msg
[1.084s] -- Up-to-date: /home/yy/ros2_learning/interface_cpp/install/example_ros2_interfaces/include/example_ros2_interfaces/example_ros2_interfaces/msg/robot_pose.h
[1.084s] -- Up-to-date: /home/yy/ros2_learning/interface_cpp/install/example_ros2_interfaces/include/example_ros2_interfaces/example_ros2_interfaces/msg/rosidl_generator_c__visibility_control.h
[1.084s] -- Up-to-date: /home/yy/ros2_learning/interface_cpp/install/example_ros2_interfaces/include/example_ros2_interfaces/example_ros2_interfaces/msg/robot_status.h
[1.084s] -- Up-to-date: /home/yy/ros2_learning/interface_cpp/install/example_ros2_interfaces/include/example_ros2_interfaces/example_ros2_interfaces/msg/detail
[1.084s] -- Up-to-date: /home/yy/ros2_learning/interface_cpp/install/example_ros2_interfaces/include/example_ros2_interfaces/example_ros2_interfaces/msg/detail/robot_status__struct.h
[1.084s] -- Up-to-date: /home/yy/ros2_learning/interface_cpp/install/example_ros2_interfaces/include/example_ros2_interfaces/example_ros2_interfaces/msg/detail/robot_pose__functions.h
[1.084s] -- Up-to-date: /home/yy/ros2_learning/interface_cpp/install/example_ros2_interfaces/include/example_ros2_interfaces/example_ros2_interfaces/msg/detail/robot_status__functions.c
[1.084s] -- Up-to-date: /home/yy/ros2_learning/interface_cpp/install/example_ros2_interfaces/include/example_ros2_interfaces/example_ros2_interfaces/msg/detail/robot_status__type_support.h
[1.084s] -- Up-to-date: /home/yy/ros2_learning/interface_cpp/install/example_ros2_interfaces/include/example_ros2_interfaces/example_ros2_interfaces/msg/detail/robot_status__functions.h
[1.084s] -- Up-to-date: /home/yy/ros2_learning/interface_cpp/install/example_ros2_interfaces/include/example_ros2_interfaces/example_ros2_interfaces/msg/detail/robot_pose__functions.c
[1.084s] -- Up-to-date: /home/yy/ros2_learning/interface_cpp/install/example_ros2_interfaces/include/example_ros2_interfaces/example_ros2_interfaces/msg/detail/robot_pose__struct.h
[1.084s] -- Up-to-date: /home/yy/ros2_learning/interface_cpp/install/example_ros2_interfaces/include/example_ros2_interfaces/example_ros2_interfaces/msg/detail/robot_pose__type_support.h
[1.084s] -- Up-to-date: /home/yy/ros2_learning/interface_cpp/install/example_ros2_interfaces/include/example_ros2_interfaces/example_ros2_interfaces/srv
[1.084s] -- Up-to-date: /home/yy/ros2_learning/interface_cpp/install/example_ros2_interfaces/include/example_ros2_interfaces/example_ros2_interfaces/srv/move_robot.h
[1.084s] -- Up-to-date: /home/yy/ros2_learning/interface_cpp/install/example_ros2_interfaces/include/example_ros2_interfaces/example_ros2_interfaces/srv/detail
[1.084s] -- Up-to-date: /home/yy/ros2_learning/interface_cpp/install/example_ros2_interfaces/include/example_ros2_interfaces/example_ros2_interfaces/srv/detail/move_robot__functions.h
[1.084s] -- Up-to-date: /home/yy/ros2_learning/interface_cpp/install/example_ros2_interfaces/include/example_ros2_interfaces/example_ros2_interfaces/srv/detail/move_robot__struct.h
[1.084s] -- Up-to-date: /home/yy/ros2_learning/interface_cpp/install/example_ros2_interfaces/include/example_ros2_interfaces/example_ros2_interfaces/srv/detail/move_robot__functions.c
[1.084s] -- Up-to-date: /home/yy/ros2_learning/interface_cpp/install/example_ros2_interfaces/include/example_ros2_interfaces/example_ros2_interfaces/srv/detail/move_robot__type_support.h
[1.084s] -- Up-to-date: /home/yy/ros2_learning/interface_cpp/install/example_ros2_interfaces/share/example_ros2_interfaces/environment/library_path.sh
[1.084s] -- Installing: /home/yy/ros2_learning/interface_cpp/install/example_ros2_interfaces/share/example_ros2_interfaces/environment/library_path.dsv
[1.084s] -- Up-to-date: /home/yy/ros2_learning/interface_cpp/install/example_ros2_interfaces/lib/libexample_ros2_interfaces__rosidl_generator_c.so
[1.084s] -- Up-to-date: /home/yy/ros2_learning/interface_cpp/install/example_ros2_interfaces/include/example_ros2_interfaces/example_ros2_interfaces
[1.084s] -- Up-to-date: /home/yy/ros2_learning/interface_cpp/install/example_ros2_interfaces/include/example_ros2_interfaces/example_ros2_interfaces/msg
[1.084s] -- Up-to-date: /home/yy/ros2_learning/interface_cpp/install/example_ros2_interfaces/include/example_ros2_interfaces/example_ros2_interfaces/msg/detail
[1.084s] -- Up-to-date: /home/yy/ros2_learning/interface_cpp/install/example_ros2_interfaces/include/example_ros2_interfaces/example_ros2_interfaces/msg/detail/robot_status__rosidl_typesupport_fastrtps_c.h
[1.084s] -- Up-to-date: /home/yy/ros2_learning/interface_cpp/install/example_ros2_interfaces/include/example_ros2_interfaces/example_ros2_interfaces/msg/detail/robot_pose__rosidl_typesupport_fastrtps_c.h
[1.084s] -- Up-to-date: /home/yy/ros2_learning/interface_cpp/install/example_ros2_interfaces/include/example_ros2_interfaces/example_ros2_interfaces/msg/rosidl_typesupport_fastrtps_c__visibility_control.h
[1.084s] -- Up-to-date: /home/yy/ros2_learning/interface_cpp/install/example_ros2_interfaces/include/example_ros2_interfaces/example_ros2_interfaces/srv
[1.084s] -- Up-to-date: /home/yy/ros2_learning/interface_cpp/install/example_ros2_interfaces/include/example_ros2_interfaces/example_ros2_interfaces/srv/detail
[1.085s] -- Up-to-date: /home/yy/ros2_learning/interface_cpp/install/example_ros2_interfaces/include/example_ros2_interfaces/example_ros2_interfaces/srv/detail/move_robot__rosidl_typesupport_fastrtps_c.h
[1.085s] -- Up-to-date: /home/yy/ros2_learning/interface_cpp/install/example_ros2_interfaces/lib/libexample_ros2_interfaces__rosidl_typesupport_fastrtps_c.so
[1.085s] -- Up-to-date: /home/yy/ros2_learning/interface_cpp/install/example_ros2_interfaces/include/example_ros2_interfaces/example_ros2_interfaces
[1.085s] -- Up-to-date: /home/yy/ros2_learning/interface_cpp/install/example_ros2_interfaces/include/example_ros2_interfaces/example_ros2_interfaces/msg
[1.085s] -- Up-to-date: /home/yy/ros2_learning/interface_cpp/install/example_ros2_interfaces/include/example_ros2_interfaces/example_ros2_interfaces/msg/rosidl_typesupport_introspection_c__visibility_control.h
[1.085s] -- Up-to-date: /home/yy/ros2_learning/interface_cpp/install/example_ros2_interfaces/include/example_ros2_interfaces/example_ros2_interfaces/msg/detail
[1.085s] -- Up-to-date: /home/yy/ros2_learning/interface_cpp/install/example_ros2_interfaces/include/example_ros2_interfaces/example_ros2_interfaces/msg/detail/robot_status__type_support.c
[1.085s] -- Up-to-date: /home/yy/ros2_learning/interface_cpp/install/example_ros2_interfaces/include/example_ros2_interfaces/example_ros2_interfaces/msg/detail/robot_status__rosidl_typesupport_introspection_c.h
[1.085s] -- Up-to-date: /home/yy/ros2_learning/interface_cpp/install/example_ros2_interfaces/include/example_ros2_interfaces/example_ros2_interfaces/msg/detail/robot_pose__rosidl_typesupport_introspection_c.h
[1.085s] -- Up-to-date: /home/yy/ros2_learning/interface_cpp/install/example_ros2_interfaces/include/example_ros2_interfaces/example_ros2_interfaces/msg/detail/robot_pose__type_support.c
[1.085s] -- Up-to-date: /home/yy/ros2_learning/interface_cpp/install/example_ros2_interfaces/include/example_ros2_interfaces/example_ros2_interfaces/srv
[1.085s] -- Up-to-date: /home/yy/ros2_learning/interface_cpp/install/example_ros2_interfaces/include/example_ros2_interfaces/example_ros2_interfaces/srv/detail
[1.085s] -- Up-to-date: /home/yy/ros2_learning/interface_cpp/install/example_ros2_interfaces/include/example_ros2_interfaces/example_ros2_interfaces/srv/detail/move_robot__type_support.c
[1.085s] -- Up-to-date: /home/yy/ros2_learning/interface_cpp/install/example_ros2_interfaces/include/example_ros2_interfaces/example_ros2_interfaces/srv/detail/move_robot__rosidl_typesupport_introspection_c.h
[1.085s] -- Up-to-date: /home/yy/ros2_learning/interface_cpp/install/example_ros2_interfaces/lib/libexample_ros2_interfaces__rosidl_typesupport_introspection_c.so
[1.085s] -- Up-to-date: /home/yy/ros2_learning/interface_cpp/install/example_ros2_interfaces/lib/libexample_ros2_interfaces__rosidl_typesupport_c.so
[1.085s] -- Up-to-date: /home/yy/ros2_learning/interface_cpp/install/example_ros2_interfaces/include/example_ros2_interfaces/example_ros2_interfaces
[1.085s] -- Up-to-date: /home/yy/ros2_learning/interface_cpp/install/example_ros2_interfaces/include/example_ros2_interfaces/example_ros2_interfaces/msg
[1.085s] -- Up-to-date: /home/yy/ros2_learning/interface_cpp/install/example_ros2_interfaces/include/example_ros2_interfaces/example_ros2_interfaces/msg/robot_pose.hpp
[1.085s] -- Up-to-date: /home/yy/ros2_learning/interface_cpp/install/example_ros2_interfaces/include/example_ros2_interfaces/example_ros2_interfaces/msg/robot_status.hpp
[1.085s] -- Up-to-date: /home/yy/ros2_learning/interface_cpp/install/example_ros2_interfaces/include/example_ros2_interfaces/example_ros2_interfaces/msg/detail
[1.085s] -- Up-to-date: /home/yy/ros2_learning/interface_cpp/install/example_ros2_interfaces/include/example_ros2_interfaces/example_ros2_interfaces/msg/detail/robot_pose__builder.hpp
[1.085s] -- Up-to-date: /home/yy/ros2_learning/interface_cpp/install/example_ros2_interfaces/include/example_ros2_interfaces/example_ros2_interfaces/msg/detail/robot_status__struct.hpp
[1.085s] -- Up-to-date: /home/yy/ros2_learning/interface_cpp/install/example_ros2_interfaces/include/example_ros2_interfaces/example_ros2_interfaces/msg/detail/robot_status__traits.hpp
[1.086s] -- Up-to-date: /home/yy/ros2_learning/interface_cpp/install/example_ros2_interfaces/include/example_ros2_interfaces/example_ros2_interfaces/msg/detail/robot_pose__traits.hpp
[1.086s] -- Up-to-date: /home/yy/ros2_learning/interface_cpp/install/example_ros2_interfaces/include/example_ros2_interfaces/example_ros2_interfaces/msg/detail/robot_pose__struct.hpp
[1.086s] -- Up-to-date: /home/yy/ros2_learning/interface_cpp/install/example_ros2_interfaces/include/example_ros2_interfaces/example_ros2_interfaces/msg/detail/robot_status__builder.hpp
[1.086s] -- Up-to-date: /home/yy/ros2_learning/interface_cpp/install/example_ros2_interfaces/include/example_ros2_interfaces/example_ros2_interfaces/srv
[1.086s] -- Up-to-date: /home/yy/ros2_learning/interface_cpp/install/example_ros2_interfaces/include/example_ros2_interfaces/example_ros2_interfaces/srv/detail
[1.086s] -- Up-to-date: /home/yy/ros2_learning/interface_cpp/install/example_ros2_interfaces/include/example_ros2_interfaces/example_ros2_interfaces/srv/detail/move_robot__builder.hpp
[1.086s] -- Up-to-date: /home/yy/ros2_learning/interface_cpp/install/example_ros2_interfaces/include/example_ros2_interfaces/example_ros2_interfaces/srv/detail/move_robot__traits.hpp
[1.086s] -- Up-to-date: /home/yy/ros2_learning/interface_cpp/install/example_ros2_interfaces/include/example_ros2_interfaces/example_ros2_interfaces/srv/detail/move_robot__struct.hpp
[1.086s] -- Up-to-date: /home/yy/ros2_learning/interface_cpp/install/example_ros2_interfaces/include/example_ros2_interfaces/example_ros2_interfaces/srv/move_robot.hpp
[1.086s] -- Up-to-date: /home/yy/ros2_learning/interface_cpp/install/example_ros2_interfaces/include/example_ros2_interfaces/example_ros2_interfaces
[1.086s] -- Up-to-date: /home/yy/ros2_learning/interface_cpp/install/example_ros2_interfaces/include/example_ros2_interfaces/example_ros2_interfaces/msg
[1.086s] -- Up-to-date: /home/yy/ros2_learning/interface_cpp/install/example_ros2_interfaces/include/example_ros2_interfaces/example_ros2_interfaces/msg/rosidl_typesupport_fastrtps_cpp__visibility_control.h
[1.086s] -- Up-to-date: /home/yy/ros2_learning/interface_cpp/install/example_ros2_interfaces/include/example_ros2_interfaces/example_ros2_interfaces/msg/detail
[1.086s] -- Up-to-date: /home/yy/ros2_learning/interface_cpp/install/example_ros2_interfaces/include/example_ros2_interfaces/example_ros2_interfaces/msg/detail/robot_pose__rosidl_typesupport_fastrtps_cpp.hpp
[1.086s] -- Up-to-date: /home/yy/ros2_learning/interface_cpp/install/example_ros2_interfaces/include/example_ros2_interfaces/example_ros2_interfaces/msg/detail/dds_fastrtps
[1.086s] -- Up-to-date: /home/yy/ros2_learning/interface_cpp/install/example_ros2_interfaces/include/example_ros2_interfaces/example_ros2_interfaces/msg/detail/robot_status__rosidl_typesupport_fastrtps_cpp.hpp
[1.086s] -- Up-to-date: /home/yy/ros2_learning/interface_cpp/install/example_ros2_interfaces/include/example_ros2_interfaces/example_ros2_interfaces/srv
[1.086s] -- Up-to-date: /home/yy/ros2_learning/interface_cpp/install/example_ros2_interfaces/include/example_ros2_interfaces/example_ros2_interfaces/srv/detail
[1.086s] -- Up-to-date: /home/yy/ros2_learning/interface_cpp/install/example_ros2_interfaces/include/example_ros2_interfaces/example_ros2_interfaces/srv/detail/move_robot__rosidl_typesupport_fastrtps_cpp.hpp
[1.086s] -- Up-to-date: /home/yy/ros2_learning/interface_cpp/install/example_ros2_interfaces/include/example_ros2_interfaces/example_ros2_interfaces/srv/detail/dds_fastrtps
[1.086s] -- Up-to-date: /home/yy/ros2_learning/interface_cpp/install/example_ros2_interfaces/lib/libexample_ros2_interfaces__rosidl_typesupport_fastrtps_cpp.so
[1.086s] -- Up-to-date: /home/yy/ros2_learning/interface_cpp/install/example_ros2_interfaces/include/example_ros2_interfaces/example_ros2_interfaces
[1.086s] -- Up-to-date: /home/yy/ros2_learning/interface_cpp/install/example_ros2_interfaces/include/example_ros2_interfaces/example_ros2_interfaces/msg
[1.086s] -- Up-to-date: /home/yy/ros2_learning/interface_cpp/install/example_ros2_interfaces/include/example_ros2_interfaces/example_ros2_interfaces/msg/detail
[1.086s] -- Up-to-date: /home/yy/ros2_learning/interface_cpp/install/example_ros2_interfaces/include/example_ros2_interfaces/example_ros2_interfaces/msg/detail/robot_pose__rosidl_typesupport_introspection_cpp.hpp
[1.086s] -- Up-to-date: /home/yy/ros2_learning/interface_cpp/install/example_ros2_interfaces/include/example_ros2_interfaces/example_ros2_interfaces/msg/detail/robot_status__rosidl_typesupport_introspection_cpp.hpp
[1.086s] -- Up-to-date: /home/yy/ros2_learning/interface_cpp/install/example_ros2_interfaces/include/example_ros2_interfaces/example_ros2_interfaces/msg/detail/robot_status__type_support.cpp
[1.086s] -- Up-to-date: /home/yy/ros2_learning/interface_cpp/install/example_ros2_interfaces/include/example_ros2_interfaces/example_ros2_interfaces/msg/detail/robot_pose__type_support.cpp
[1.086s] -- Up-to-date: /home/yy/ros2_learning/interface_cpp/install/example_ros2_interfaces/include/example_ros2_interfaces/example_ros2_interfaces/srv
[1.086s] -- Up-to-date: /home/yy/ros2_learning/interface_cpp/install/example_ros2_interfaces/include/example_ros2_interfaces/example_ros2_interfaces/srv/detail
[1.087s] -- Up-to-date: /home/yy/ros2_learning/interface_cpp/install/example_ros2_interfaces/include/example_ros2_interfaces/example_ros2_interfaces/srv/detail/move_robot__rosidl_typesupport_introspection_cpp.hpp
[1.087s] -- Up-to-date: /home/yy/ros2_learning/interface_cpp/install/example_ros2_interfaces/include/example_ros2_interfaces/example_ros2_interfaces/srv/detail/move_robot__type_support.cpp
[1.087s] -- Up-to-date: /home/yy/ros2_learning/interface_cpp/install/example_ros2_interfaces/lib/libexample_ros2_interfaces__rosidl_typesupport_introspection_cpp.so
[1.087s] -- Up-to-date: /home/yy/ros2_learning/interface_cpp/install/example_ros2_interfaces/lib/libexample_ros2_interfaces__rosidl_typesupport_cpp.so
[1.087s] -- Up-to-date: /home/yy/ros2_learning/interface_cpp/install/example_ros2_interfaces/share/example_ros2_interfaces/environment/pythonpath.sh
[1.087s] -- Installing: /home/yy/ros2_learning/interface_cpp/install/example_ros2_interfaces/share/example_ros2_interfaces/environment/pythonpath.dsv
[1.087s] -- Up-to-date: /home/yy/ros2_learning/interface_cpp/install/example_ros2_interfaces/local/lib/python3.10/dist-packages/example_ros2_interfaces-0.0.0-py3.10.egg-info
[1.087s] -- Installing: /home/yy/ros2_learning/interface_cpp/install/example_ros2_interfaces/local/lib/python3.10/dist-packages/example_ros2_interfaces-0.0.0-py3.10.egg-info/SOURCES.txt
[1.087s] -- Installing: /home/yy/ros2_learning/interface_cpp/install/example_ros2_interfaces/local/lib/python3.10/dist-packages/example_ros2_interfaces-0.0.0-py3.10.egg-info/dependency_links.txt
[1.087s] -- Installing: /home/yy/ros2_learning/interface_cpp/install/example_ros2_interfaces/local/lib/python3.10/dist-packages/example_ros2_interfaces-0.0.0-py3.10.egg-info/PKG-INFO
[1.087s] -- Installing: /home/yy/ros2_learning/interface_cpp/install/example_ros2_interfaces/local/lib/python3.10/dist-packages/example_ros2_interfaces-0.0.0-py3.10.egg-info/top_level.txt
[1.087s] -- Up-to-date: /home/yy/ros2_learning/interface_cpp/install/example_ros2_interfaces/local/lib/python3.10/dist-packages/example_ros2_interfaces
[1.087s] -- Installing: /home/yy/ros2_learning/interface_cpp/install/example_ros2_interfaces/local/lib/python3.10/dist-packages/example_ros2_interfaces/__init__.py
[1.088s] -- Up-to-date: /home/yy/ros2_learning/interface_cpp/install/example_ros2_interfaces/local/lib/python3.10/dist-packages/example_ros2_interfaces/_example_ros2_interfaces_s.ep.rosidl_typesupport_fastrtps_c.c
[1.088s] -- Up-to-date: /home/yy/ros2_learning/interface_cpp/install/example_ros2_interfaces/local/lib/python3.10/dist-packages/example_ros2_interfaces/example_ros2_interfaces_s__rosidl_typesupport_fastrtps_c.cpython-310-x86_64-linux-gnu.so
[1.088s] -- Up-to-date: /home/yy/ros2_learning/interface_cpp/install/example_ros2_interfaces/local/lib/python3.10/dist-packages/example_ros2_interfaces/_example_ros2_interfaces_s.ep.rosidl_typesupport_introspection_c.c
[1.088s] -- Up-to-date: /home/yy/ros2_learning/interface_cpp/install/example_ros2_interfaces/local/lib/python3.10/dist-packages/example_ros2_interfaces/libexample_ros2_interfaces__rosidl_generator_py.so
[1.088s] -- Up-to-date: /home/yy/ros2_learning/interface_cpp/install/example_ros2_interfaces/local/lib/python3.10/dist-packages/example_ros2_interfaces/msg
[1.088s] -- Up-to-date: /home/yy/ros2_learning/interface_cpp/install/example_ros2_interfaces/local/lib/python3.10/dist-packages/example_ros2_interfaces/msg/__init__.py
[1.088s] -- Up-to-date: /home/yy/ros2_learning/interface_cpp/install/example_ros2_interfaces/local/lib/python3.10/dist-packages/example_ros2_interfaces/msg/_robot_status.py
[1.088s] -- Up-to-date: /home/yy/ros2_learning/interface_cpp/install/example_ros2_interfaces/local/lib/python3.10/dist-packages/example_ros2_interfaces/msg/_robot_pose_s.c
[1.088s] -- Up-to-date: /home/yy/ros2_learning/interface_cpp/install/example_ros2_interfaces/local/lib/python3.10/dist-packages/example_ros2_interfaces/msg/_robot_status_s.c
[1.088s] -- Up-to-date: /home/yy/ros2_learning/interface_cpp/install/example_ros2_interfaces/local/lib/python3.10/dist-packages/example_ros2_interfaces/msg/_robot_pose.py
[1.088s] -- Up-to-date: /home/yy/ros2_learning/interface_cpp/install/example_ros2_interfaces/local/lib/python3.10/dist-packages/example_ros2_interfaces/_example_ros2_interfaces_s.ep.rosidl_typesupport_c.c
[1.088s] -- Up-to-date: /home/yy/ros2_learning/interface_cpp/install/example_ros2_interfaces/local/lib/python3.10/dist-packages/example_ros2_interfaces/example_ros2_interfaces_s__rosidl_typesupport_c.cpython-310-x86_64-linux-gnu.so
[1.088s] -- Up-to-date: /home/yy/ros2_learning/interface_cpp/install/example_ros2_interfaces/local/lib/python3.10/dist-packages/example_ros2_interfaces/srv
[1.088s] -- Up-to-date: /home/yy/ros2_learning/interface_cpp/install/example_ros2_interfaces/local/lib/python3.10/dist-packages/example_ros2_interfaces/srv/__init__.py
[1.088s] -- Up-to-date: /home/yy/ros2_learning/interface_cpp/install/example_ros2_interfaces/local/lib/python3.10/dist-packages/example_ros2_interfaces/srv/_move_robot.py
[1.088s] -- Up-to-date: /home/yy/ros2_learning/interface_cpp/install/example_ros2_interfaces/local/lib/python3.10/dist-packages/example_ros2_interfaces/srv/_move_robot_s.c
[1.088s] -- Up-to-date: /home/yy/ros2_learning/interface_cpp/install/example_ros2_interfaces/local/lib/python3.10/dist-packages/example_ros2_interfaces/example_ros2_interfaces_s__rosidl_typesupport_introspection_c.cpython-310-x86_64-linux-gnu.so
[1.107s] Listing '/home/yy/ros2_learning/interface_cpp/install/example_ros2_interfaces/local/lib/python3.10/dist-packages/example_ros2_interfaces'...
[1.107s] Compiling '/home/yy/ros2_learning/interface_cpp/install/example_ros2_interfaces/local/lib/python3.10/dist-packages/example_ros2_interfaces/__init__.py'...
[1.107s] Listing '/home/yy/ros2_learning/interface_cpp/install/example_ros2_interfaces/local/lib/python3.10/dist-packages/example_ros2_interfaces/msg'...
[1.107s] Listing '/home/yy/ros2_learning/interface_cpp/install/example_ros2_interfaces/local/lib/python3.10/dist-packages/example_ros2_interfaces/srv'...
[1.110s] -- Up-to-date: /home/yy/ros2_learning/interface_cpp/install/example_ros2_interfaces/local/lib/python3.10/dist-packages/example_ros2_interfaces/example_ros2_interfaces_s__rosidl_typesupport_fastrtps_c.cpython-310-x86_64-linux-gnu.so
[1.110s] -- Up-to-date: /home/yy/ros2_learning/interface_cpp/install/example_ros2_interfaces/local/lib/python3.10/dist-packages/example_ros2_interfaces/example_ros2_interfaces_s__rosidl_typesupport_introspection_c.cpython-310-x86_64-linux-gnu.so
[1.111s] -- Up-to-date: /home/yy/ros2_learning/interface_cpp/install/example_ros2_interfaces/local/lib/python3.10/dist-packages/example_ros2_interfaces/example_ros2_interfaces_s__rosidl_typesupport_c.cpython-310-x86_64-linux-gnu.so
[1.111s] -- Up-to-date: /home/yy/ros2_learning/interface_cpp/install/example_ros2_interfaces/lib/libexample_ros2_interfaces__rosidl_generator_py.so
[1.111s] -- Up-to-date: /home/yy/ros2_learning/interface_cpp/install/example_ros2_interfaces/share/example_ros2_interfaces/msg/RobotPose.idl
[1.111s] -- Up-to-date: /home/yy/ros2_learning/interface_cpp/install/example_ros2_interfaces/share/example_ros2_interfaces/msg/RobotStatus.idl
[1.111s] -- Up-to-date: /home/yy/ros2_learning/interface_cpp/install/example_ros2_interfaces/share/example_ros2_interfaces/srv/MoveRobot.idl
[1.111s] -- Up-to-date: /home/yy/ros2_learning/interface_cpp/install/example_ros2_interfaces/share/example_ros2_interfaces/msg/RobotPose.msg
[1.111s] -- Up-to-date: /home/yy/ros2_learning/interface_cpp/install/example_ros2_interfaces/share/example_ros2_interfaces/msg/RobotStatus.msg
[1.111s] -- Up-to-date: /home/yy/ros2_learning/interface_cpp/install/example_ros2_interfaces/share/example_ros2_interfaces/srv/MoveRobot.srv
[1.111s] -- Up-to-date: /home/yy/ros2_learning/interface_cpp/install/example_ros2_interfaces/share/example_ros2_interfaces/srv/MoveRobot_Request.msg
[1.111s] -- Up-to-date: /home/yy/ros2_learning/interface_cpp/install/example_ros2_interfaces/share/example_ros2_interfaces/srv/MoveRobot_Response.msg
[1.111s] -- Up-to-date: /home/yy/ros2_learning/interface_cpp/install/example_ros2_interfaces/share/ament_index/resource_index/package_run_dependencies/example_ros2_interfaces
[1.111s] -- Up-to-date: /home/yy/ros2_learning/interface_cpp/install/example_ros2_interfaces/share/ament_index/resource_index/parent_prefix_path/example_ros2_interfaces
[1.112s] -- Up-to-date: /home/yy/ros2_learning/interface_cpp/install/example_ros2_interfaces/share/example_ros2_interfaces/environment/ament_prefix_path.sh
[1.112s] -- Installing: /home/yy/ros2_learning/interface_cpp/install/example_ros2_interfaces/share/example_ros2_interfaces/environment/ament_prefix_path.dsv
[1.112s] -- Up-to-date: /home/yy/ros2_learning/interface_cpp/install/example_ros2_interfaces/share/example_ros2_interfaces/environment/path.sh
[1.112s] -- Installing: /home/yy/ros2_learning/interface_cpp/install/example_ros2_interfaces/share/example_ros2_interfaces/environment/path.dsv
[1.112s] -- Up-to-date: /home/yy/ros2_learning/interface_cpp/install/example_ros2_interfaces/share/example_ros2_interfaces/local_setup.bash
[1.112s] -- Installing: /home/yy/ros2_learning/interface_cpp/install/example_ros2_interfaces/share/example_ros2_interfaces/local_setup.sh
[1.112s] -- Up-to-date: /home/yy/ros2_learning/interface_cpp/install/example_ros2_interfaces/share/example_ros2_interfaces/local_setup.zsh
[1.112s] -- Installing: /home/yy/ros2_learning/interface_cpp/install/example_ros2_interfaces/share/example_ros2_interfaces/local_setup.dsv
[1.112s] -- Installing: /home/yy/ros2_learning/interface_cpp/install/example_ros2_interfaces/share/example_ros2_interfaces/package.dsv
[1.112s] -- Up-to-date: /home/yy/ros2_learning/interface_cpp/install/example_ros2_interfaces/share/ament_index/resource_index/packages/example_ros2_interfaces
[1.112s] -- Up-to-date: /home/yy/ros2_learning/interface_cpp/install/example_ros2_interfaces/share/example_ros2_interfaces/cmake/export_example_ros2_interfaces__rosidl_generator_cExport.cmake
[1.112s] -- Up-to-date: /home/yy/ros2_learning/interface_cpp/install/example_ros2_interfaces/share/example_ros2_interfaces/cmake/export_example_ros2_interfaces__rosidl_generator_cExport-noconfig.cmake
[1.112s] -- Up-to-date: /home/yy/ros2_learning/interface_cpp/install/example_ros2_interfaces/share/example_ros2_interfaces/cmake/export_example_ros2_interfaces__rosidl_typesupport_fastrtps_cExport.cmake
[1.112s] -- Up-to-date: /home/yy/ros2_learning/interface_cpp/install/example_ros2_interfaces/share/example_ros2_interfaces/cmake/export_example_ros2_interfaces__rosidl_typesupport_fastrtps_cExport-noconfig.cmake
[1.112s] -- Up-to-date: /home/yy/ros2_learning/interface_cpp/install/example_ros2_interfaces/share/example_ros2_interfaces/cmake/example_ros2_interfaces__rosidl_typesupport_introspection_cExport.cmake
[1.112s] -- Up-to-date: /home/yy/ros2_learning/interface_cpp/install/example_ros2_interfaces/share/example_ros2_interfaces/cmake/example_ros2_interfaces__rosidl_typesupport_introspection_cExport-noconfig.cmake
[1.112s] -- Up-to-date: /home/yy/ros2_learning/interface_cpp/install/example_ros2_interfaces/share/example_ros2_interfaces/cmake/example_ros2_interfaces__rosidl_typesupport_cExport.cmake
[1.113s] -- Up-to-date: /home/yy/ros2_learning/interface_cpp/install/example_ros2_interfaces/share/example_ros2_interfaces/cmake/example_ros2_interfaces__rosidl_typesupport_cExport-noconfig.cmake
[1.113s] -- Up-to-date: /home/yy/ros2_learning/interface_cpp/install/example_ros2_interfaces/share/example_ros2_interfaces/cmake/export_example_ros2_interfaces__rosidl_generator_cppExport.cmake
[1.113s] -- Up-to-date: /home/yy/ros2_learning/interface_cpp/install/example_ros2_interfaces/share/example_ros2_interfaces/cmake/export_example_ros2_interfaces__rosidl_typesupport_fastrtps_cppExport.cmake
[1.113s] -- Up-to-date: /home/yy/ros2_learning/interface_cpp/install/example_ros2_interfaces/share/example_ros2_interfaces/cmake/export_example_ros2_interfaces__rosidl_typesupport_fastrtps_cppExport-noconfig.cmake
[1.113s] -- Up-to-date: /home/yy/ros2_learning/interface_cpp/install/example_ros2_interfaces/share/example_ros2_interfaces/cmake/example_ros2_interfaces__rosidl_typesupport_introspection_cppExport.cmake
[1.113s] -- Up-to-date: /home/yy/ros2_learning/interface_cpp/install/example_ros2_interfaces/share/example_ros2_interfaces/cmake/example_ros2_interfaces__rosidl_typesupport_introspection_cppExport-noconfig.cmake
[1.113s] -- Up-to-date: /home/yy/ros2_learning/interface_cpp/install/example_ros2_interfaces/share/example_ros2_interfaces/cmake/example_ros2_interfaces__rosidl_typesupport_cppExport.cmake
[1.114s] -- Up-to-date: /home/yy/ros2_learning/interface_cpp/install/example_ros2_interfaces/share/example_ros2_interfaces/cmake/example_ros2_interfaces__rosidl_typesupport_cppExport-noconfig.cmake
[1.114s] -- Up-to-date: /home/yy/ros2_learning/interface_cpp/install/example_ros2_interfaces/share/example_ros2_interfaces/cmake/export_example_ros2_interfaces__rosidl_generator_pyExport.cmake
[1.114s] -- Up-to-date: /home/yy/ros2_learning/interface_cpp/install/example_ros2_interfaces/share/example_ros2_interfaces/cmake/export_example_ros2_interfaces__rosidl_generator_pyExport-noconfig.cmake
[1.114s] -- Up-to-date: /home/yy/ros2_learning/interface_cpp/install/example_ros2_interfaces/share/example_ros2_interfaces/cmake/rosidl_cmake-extras.cmake
[1.114s] -- Up-to-date: /home/yy/ros2_learning/interface_cpp/install/example_ros2_interfaces/share/example_ros2_interfaces/cmake/ament_cmake_export_dependencies-extras.cmake
[1.114s] -- Up-to-date: /home/yy/ros2_learning/interface_cpp/install/example_ros2_interfaces/share/example_ros2_interfaces/cmake/ament_cmake_export_include_directories-extras.cmake
[1.115s] -- Up-to-date: /home/yy/ros2_learning/interface_cpp/install/example_ros2_interfaces/share/example_ros2_interfaces/cmake/ament_cmake_export_libraries-extras.cmake
[1.115s] -- Up-to-date: /home/yy/ros2_learning/interface_cpp/install/example_ros2_interfaces/share/example_ros2_interfaces/cmake/ament_cmake_export_targets-extras.cmake
[1.115s] -- Up-to-date: /home/yy/ros2_learning/interface_cpp/install/example_ros2_interfaces/share/example_ros2_interfaces/cmake/rosidl_cmake_export_typesupport_targets-extras.cmake
[1.115s] -- Up-to-date: /home/yy/ros2_learning/interface_cpp/install/example_ros2_interfaces/share/example_ros2_interfaces/cmake/rosidl_cmake_export_typesupport_libraries-extras.cmake
[1.115s] -- Installing: /home/yy/ros2_learning/interface_cpp/install/example_ros2_interfaces/share/example_ros2_interfaces/cmake/example_ros2_interfacesConfig.cmake
[1.115s] -- Up-to-date: /home/yy/ros2_learning/interface_cpp/install/example_ros2_interfaces/share/example_ros2_interfaces/cmake/example_ros2_interfacesConfig-version.cmake
[1.115s] -- Up-to-date: /home/yy/ros2_learning/interface_cpp/install/example_ros2_interfaces/share/example_ros2_interfaces/package.xml
[1.115s] Invoked command in '/home/yy/ros2_learning/interface_cpp/build/example_ros2_interfaces' returned '0': CMAKE_PREFIX_PATH=${CMAKE_PREFIX_PATH}:/opt/ros/humble /usr/bin/cmake --install /home/yy/ros2_learning/interface_cpp/build/example_ros2_interfaces
