[0.009s] Invoking command in '/home/yy/ros2_learning/service_cpp/build/example_service_rclcpp': CMAKE_PREFIX_PATH=${CMAKE_PREFIX_PATH}:/opt/ros/humble /usr/bin/cmake --build /home/yy/ros2_learning/service_cpp/build/example_service_rclcpp -- -j12 -l12
[0.028s] -- Found ament_cmake: 1.3.10 (/opt/ros/humble/share/ament_cmake/cmake)
[0.113s] -- Found rclcpp: 16.0.10 (/opt/ros/humble/share/rclcpp/cmake)
[0.128s] -- Found rosidl_generator_c: 3.1.5 (/opt/ros/humble/share/rosidl_generator_c/cmake)
[0.129s] -- Found rosidl_adapter: 3.1.5 (/opt/ros/humble/share/rosidl_adapter/cmake)
[0.132s] -- Found rosidl_generator_cpp: 3.1.5 (/opt/ros/humble/share/rosidl_generator_cpp/cmake)
[0.137s] -- Using all available rosidl_typesupport_c: rosidl_typesupport_fastrtps_c;rosidl_typesupport_introspection_c
[0.143s] -- Using all available rosidl_typesupport_cpp: rosidl_typesupport_fastrtps_cpp;rosidl_typesupport_introspection_cpp
[0.160s] -- Found rmw_implementation_cmake: 6.1.2 (/opt/ros/humble/share/rmw_implementation_cmake/cmake)
[0.160s] -- Found rmw_fastrtps_cpp: 6.2.7 (/opt/ros/humble/share/rmw_fastrtps_cpp/cmake)
[0.217s] -- Using RMW implementation 'rmw_fastrtps_cpp' as default
[0.246s] -- Found example_interfaces: 0.9.3 (/opt/ros/humble/share/example_interfaces/cmake)
[0.265s] -- Found ament_lint_auto: 0.12.11 (/opt/ros/humble/share/ament_lint_auto/cmake)
[0.305s] -- Added test 'cppcheck' to perform static code analysis on C / C++ code
[0.305s] -- Configured cppcheck include dirs: 
[0.305s] -- Configured cppcheck exclude dirs and/or files: 
[0.305s] -- Added test 'lint_cmake' to check CMake code style
[0.305s] -- Added test 'uncrustify' to check C / C++ code style
[0.305s] -- Configured uncrustify additional arguments: 
[0.305s] -- Added test 'xmllint' to check XML markup files
[0.307s] -- Configuring done
[0.313s] -- Generating done
[0.314s] -- Build files have been written to: /home/yy/ros2_learning/service_cpp/build/example_service_rclcpp
[0.333s] [35m[1mConsolidate compiler generated dependencies of target service_client_01[0m
[0.333s] [35m[1mConsolidate compiler generated dependencies of target service_server_01[0m
[0.345s] [ 25%] [32mBuilding CXX object CMakeFiles/service_client_01.dir/src/service_client_01.cpp.o[0m
[0.346s] [ 50%] [32mBuilding CXX object CMakeFiles/service_server_01.dir/src/service_server_01.cpp.o[0m
[2.024s] [ 75%] [32m[1mLinking CXX executable service_client_01[0m
[2.113s] [ 75%] Built target service_client_01
[2.441s] [100%] [32m[1mLinking CXX executable service_server_01[0m
[2.533s] [100%] Built target service_server_01
[2.543s] Invoked command in '/home/yy/ros2_learning/service_cpp/build/example_service_rclcpp' returned '0': CMAKE_PREFIX_PATH=${CMAKE_PREFIX_PATH}:/opt/ros/humble /usr/bin/cmake --build /home/yy/ros2_learning/service_cpp/build/example_service_rclcpp -- -j12 -l12
[2.570s] Invoking command in '/home/yy/ros2_learning/service_cpp/build/example_service_rclcpp': CMAKE_PREFIX_PATH=${CMAKE_PREFIX_PATH}:/opt/ros/humble /usr/bin/cmake --install /home/yy/ros2_learning/service_cpp/build/example_service_rclcpp
[2.575s] -- Install configuration: ""
[2.575s] -- Installing: /home/yy/ros2_learning/service_cpp/install/example_service_rclcpp/share/ament_index/resource_index/package_run_dependencies/example_service_rclcpp
[2.575s] -- Up-to-date: /home/yy/ros2_learning/service_cpp/install/example_service_rclcpp/share/ament_index/resource_index/parent_prefix_path/example_service_rclcpp
[2.576s] -- Up-to-date: /home/yy/ros2_learning/service_cpp/install/example_service_rclcpp/share/example_service_rclcpp/environment/ament_prefix_path.sh
[2.576s] -- Installing: /home/yy/ros2_learning/service_cpp/install/example_service_rclcpp/share/example_service_rclcpp/environment/ament_prefix_path.dsv
[2.576s] -- Up-to-date: /home/yy/ros2_learning/service_cpp/install/example_service_rclcpp/share/example_service_rclcpp/environment/path.sh
[2.576s] -- Installing: /home/yy/ros2_learning/service_cpp/install/example_service_rclcpp/share/example_service_rclcpp/environment/path.dsv
[2.576s] -- Up-to-date: /home/yy/ros2_learning/service_cpp/install/example_service_rclcpp/share/example_service_rclcpp/local_setup.bash
[2.576s] -- Up-to-date: /home/yy/ros2_learning/service_cpp/install/example_service_rclcpp/share/example_service_rclcpp/local_setup.sh
[2.576s] -- Up-to-date: /home/yy/ros2_learning/service_cpp/install/example_service_rclcpp/share/example_service_rclcpp/local_setup.zsh
[2.576s] -- Installing: /home/yy/ros2_learning/service_cpp/install/example_service_rclcpp/share/example_service_rclcpp/local_setup.dsv
[2.576s] -- Installing: /home/yy/ros2_learning/service_cpp/install/example_service_rclcpp/share/example_service_rclcpp/package.dsv
[2.576s] -- Up-to-date: /home/yy/ros2_learning/service_cpp/install/example_service_rclcpp/share/ament_index/resource_index/packages/example_service_rclcpp
[2.576s] -- Up-to-date: /home/yy/ros2_learning/service_cpp/install/example_service_rclcpp/share/example_service_rclcpp/cmake/example_service_rclcppConfig.cmake
[2.576s] -- Up-to-date: /home/yy/ros2_learning/service_cpp/install/example_service_rclcpp/share/example_service_rclcpp/cmake/example_service_rclcppConfig-version.cmake
[2.576s] -- Installing: /home/yy/ros2_learning/service_cpp/install/example_service_rclcpp/share/example_service_rclcpp/package.xml
[2.576s] -- Installing: /home/yy/ros2_learning/service_cpp/install/example_service_rclcpp/lib/example_service_rclcpp/service_server_01
[2.576s] -- Set runtime path of "/home/yy/ros2_learning/service_cpp/install/example_service_rclcpp/lib/example_service_rclcpp/service_server_01" to ""
[2.578s] Invoked command in '/home/yy/ros2_learning/service_cpp/build/example_service_rclcpp' returned '0': CMAKE_PREFIX_PATH=${CMAKE_PREFIX_PATH}:/opt/ros/humble /usr/bin/cmake --install /home/yy/ros2_learning/service_cpp/build/example_service_rclcpp
