[0.007s] Invoking command in '/home/yy/ros2_learning/topic_cpp/build/example_topic_rclcpp': CMAKE_PREFIX_PATH=${CMAKE_PREFIX_PATH}:/opt/ros/humble /usr/bin/cmake --build /home/yy/ros2_learning/topic_cpp/build/example_topic_rclcpp -- -j12 -l12
[0.024s] -- Found ament_cmake: 1.3.10 (/opt/ros/humble/share/ament_cmake/cmake)
[0.105s] -- Found rclcpp: 16.0.10 (/opt/ros/humble/share/rclcpp/cmake)
[0.122s] -- Found rosidl_generator_c: 3.1.5 (/opt/ros/humble/share/rosidl_generator_c/cmake)
[0.123s] -- Found rosidl_adapter: 3.1.5 (/opt/ros/humble/share/rosidl_adapter/cmake)
[0.127s] -- Found rosidl_generator_cpp: 3.1.5 (/opt/ros/humble/share/rosidl_generator_cpp/cmake)
[0.132s] -- Using all available rosidl_typesupport_c: rosidl_typesupport_fastrtps_c;rosidl_typesupport_introspection_c
[0.139s] -- Using all available rosidl_typesupport_cpp: rosidl_typesupport_fastrtps_cpp;rosidl_typesupport_introspection_cpp
[0.161s] -- Found rmw_implementation_cmake: 6.1.2 (/opt/ros/humble/share/rmw_implementation_cmake/cmake)
[0.162s] -- Found rmw_fastrtps_cpp: 6.2.7 (/opt/ros/humble/share/rmw_fastrtps_cpp/cmake)
[0.233s] -- Using RMW implementation 'rmw_fastrtps_cpp' as default
[0.268s] -- Found ament_lint_auto: 0.12.11 (/opt/ros/humble/share/ament_lint_auto/cmake)
[0.309s] -- Added test 'cppcheck' to perform static code analysis on C / C++ code
[0.309s] -- Configured cppcheck include dirs: 
[0.309s] -- Configured cppcheck exclude dirs and/or files: 
[0.310s] -- Added test 'lint_cmake' to check CMake code style
[0.310s] -- Added test 'uncrustify' to check C / C++ code style
[0.310s] -- Configured uncrustify additional arguments: 
[0.310s] -- Added test 'xmllint' to check XML markup files
[0.311s] -- Configuring done
[0.318s] -- Generating done
[0.319s] -- Build files have been written to: /home/yy/ros2_learning/topic_cpp/build/example_topic_rclcpp
[0.339s] [35m[1mConsolidate compiler generated dependencies of target topic_subscribe_01[0m
[0.341s] [35m[1mConsolidate compiler generated dependencies of target topic_publisher_01[0m
[0.350s] [ 50%] Built target topic_subscribe_01
[0.355s] [100%] Built target topic_publisher_01
[0.363s] Invoked command in '/home/yy/ros2_learning/topic_cpp/build/example_topic_rclcpp' returned '0': CMAKE_PREFIX_PATH=${CMAKE_PREFIX_PATH}:/opt/ros/humble /usr/bin/cmake --build /home/yy/ros2_learning/topic_cpp/build/example_topic_rclcpp -- -j12 -l12
[0.389s] Invoking command in '/home/yy/ros2_learning/topic_cpp/build/example_topic_rclcpp': CMAKE_PREFIX_PATH=${CMAKE_PREFIX_PATH}:/opt/ros/humble /usr/bin/cmake --install /home/yy/ros2_learning/topic_cpp/build/example_topic_rclcpp
[0.395s] -- Install configuration: ""
[0.396s] -- Up-to-date: /home/yy/ros2_learning/topic_cpp/install/example_topic_rclcpp/lib/example_topic_rclcpp/topic_publisher_01
[0.397s] -- Up-to-date: /home/yy/ros2_learning/topic_cpp/install/example_topic_rclcpp/lib/example_topic_rclcpp/topic_subscribe_01
[0.397s] -- Up-to-date: /home/yy/ros2_learning/topic_cpp/install/example_topic_rclcpp/share/ament_index/resource_index/package_run_dependencies/example_topic_rclcpp
[0.397s] -- Up-to-date: /home/yy/ros2_learning/topic_cpp/install/example_topic_rclcpp/share/ament_index/resource_index/parent_prefix_path/example_topic_rclcpp
[0.397s] -- Up-to-date: /home/yy/ros2_learning/topic_cpp/install/example_topic_rclcpp/share/example_topic_rclcpp/environment/ament_prefix_path.sh
[0.397s] -- Installing: /home/yy/ros2_learning/topic_cpp/install/example_topic_rclcpp/share/example_topic_rclcpp/environment/ament_prefix_path.dsv
[0.397s] -- Up-to-date: /home/yy/ros2_learning/topic_cpp/install/example_topic_rclcpp/share/example_topic_rclcpp/environment/path.sh
[0.397s] -- Installing: /home/yy/ros2_learning/topic_cpp/install/example_topic_rclcpp/share/example_topic_rclcpp/environment/path.dsv
[0.398s] -- Up-to-date: /home/yy/ros2_learning/topic_cpp/install/example_topic_rclcpp/share/example_topic_rclcpp/local_setup.bash
[0.398s] -- Up-to-date: /home/yy/ros2_learning/topic_cpp/install/example_topic_rclcpp/share/example_topic_rclcpp/local_setup.sh
[0.398s] -- Up-to-date: /home/yy/ros2_learning/topic_cpp/install/example_topic_rclcpp/share/example_topic_rclcpp/local_setup.zsh
[0.398s] -- Installing: /home/yy/ros2_learning/topic_cpp/install/example_topic_rclcpp/share/example_topic_rclcpp/local_setup.dsv
[0.398s] -- Installing: /home/yy/ros2_learning/topic_cpp/install/example_topic_rclcpp/share/example_topic_rclcpp/package.dsv
[0.398s] -- Up-to-date: /home/yy/ros2_learning/topic_cpp/install/example_topic_rclcpp/share/ament_index/resource_index/packages/example_topic_rclcpp
[0.398s] -- Up-to-date: /home/yy/ros2_learning/topic_cpp/install/example_topic_rclcpp/share/example_topic_rclcpp/cmake/example_topic_rclcppConfig.cmake
[0.398s] -- Up-to-date: /home/yy/ros2_learning/topic_cpp/install/example_topic_rclcpp/share/example_topic_rclcpp/cmake/example_topic_rclcppConfig-version.cmake
[0.398s] -- Up-to-date: /home/yy/ros2_learning/topic_cpp/install/example_topic_rclcpp/share/example_topic_rclcpp/package.xml
[0.399s] Invoked command in '/home/yy/ros2_learning/topic_cpp/build/example_topic_rclcpp' returned '0': CMAKE_PREFIX_PATH=${CMAKE_PREFIX_PATH}:/opt/ros/humble /usr/bin/cmake --install /home/yy/ros2_learning/topic_cpp/build/example_topic_rclcpp
