[0.007s] Invoking command in '/home/yy/ros2_learning/topic_cpp/build/example_topic_rclcpp': CMAKE_PREFIX_PATH=${CMAKE_PREFIX_PATH}:/opt/ros/humble /usr/bin/cmake /home/yy/ros2_learning/topic_cpp/src/example_topic_rclcpp -DCMAKE_INSTALL_PREFIX=/home/yy/ros2_learning/topic_cpp/install/example_topic_rclcpp
[0.077s] -- The C compiler identification is GNU 11.4.0
[0.132s] -- The CXX compiler identification is GNU 11.4.0
[0.139s] -- Detecting C compiler ABI info
[0.190s] -- Detecting C compiler ABI info - done
[0.194s] -- Check for working C compiler: /usr/bin/cc - skipped
[0.194s] -- Detecting C compile features
[0.195s] -- Detecting C compile features - done
[0.197s] -- Detecting CXX compiler ABI info
[0.250s] -- Detecting CXX compiler ABI info - done
[0.256s] -- Check for working CXX compiler: /usr/bin/c++ - skipped
[0.256s] -- Detecting CXX compile features
[0.256s] -- Detecting CXX compile features - done
[0.259s] -- Found ament_cmake: 1.3.10 (/opt/ros/humble/share/ament_cmake/cmake)
[0.353s] -- Found Python3: /usr/bin/python3 (found version "3.10.12") found components: Interpreter 
[0.424s] -- Found rclcpp: 16.0.10 (/opt/ros/humble/share/rclcpp/cmake)
[0.455s] -- Found rosidl_generator_c: 3.1.5 (/opt/ros/humble/share/rosidl_generator_c/cmake)
[0.458s] -- Found rosidl_adapter: 3.1.5 (/opt/ros/humble/share/rosidl_adapter/cmake)
[0.464s] -- Found rosidl_generator_cpp: 3.1.5 (/opt/ros/humble/share/rosidl_generator_cpp/cmake)
[0.474s] -- Using all available rosidl_typesupport_c: rosidl_typesupport_fastrtps_c;rosidl_typesupport_introspection_c
[0.485s] -- Using all available rosidl_typesupport_cpp: rosidl_typesupport_fastrtps_cpp;rosidl_typesupport_introspection_cpp
[0.519s] -- Found rmw_implementation_cmake: 6.1.2 (/opt/ros/humble/share/rmw_implementation_cmake/cmake)
[0.521s] -- Found rmw_fastrtps_cpp: 6.2.7 (/opt/ros/humble/share/rmw_fastrtps_cpp/cmake)
[0.587s] -- Found OpenSSL: /usr/lib/x86_64-linux-gnu/libcrypto.so (found version "3.0.2")  
[0.610s] -- Found FastRTPS: /opt/ros/humble/include  
[0.635s] -- Using RMW implementation 'rmw_fastrtps_cpp' as default
[0.641s] -- Looking for pthread.h
[0.697s] -- Looking for pthread.h - found
[0.697s] -- Performing Test CMAKE_HAVE_LIBC_PTHREAD
[0.749s] -- Performing Test CMAKE_HAVE_LIBC_PTHREAD - Success
[0.750s] -- Found Threads: TRUE  
[0.786s] -- Found ament_lint_auto: 0.12.11 (/opt/ros/humble/share/ament_lint_auto/cmake)
[0.834s] -- Added test 'cppcheck' to perform static code analysis on C / C++ code
[0.835s] -- Configured cppcheck include dirs: 
[0.835s] -- Configured cppcheck exclude dirs and/or files: 
[0.835s] -- Added test 'lint_cmake' to check CMake code style
[0.836s] -- Added test 'uncrustify' to check C / C++ code style
[0.836s] -- Configured uncrustify additional arguments: 
[0.836s] -- Added test 'xmllint' to check XML markup files
[0.837s] -- Configuring done
[0.841s] -- Generating done
[0.842s] -- Build files have been written to: /home/yy/ros2_learning/topic_cpp/build/example_topic_rclcpp
[0.849s] Invoked command in '/home/yy/ros2_learning/topic_cpp/build/example_topic_rclcpp' returned '0': CMAKE_PREFIX_PATH=${CMAKE_PREFIX_PATH}:/opt/ros/humble /usr/bin/cmake /home/yy/ros2_learning/topic_cpp/src/example_topic_rclcpp -DCMAKE_INSTALL_PREFIX=/home/yy/ros2_learning/topic_cpp/install/example_topic_rclcpp
[0.851s] Invoking command in '/home/yy/ros2_learning/topic_cpp/build/example_topic_rclcpp': CMAKE_PREFIX_PATH=${CMAKE_PREFIX_PATH}:/opt/ros/humble /usr/bin/cmake --build /home/yy/ros2_learning/topic_cpp/build/example_topic_rclcpp -- -j12 -l12
[0.887s] [ 50%] [32mBuilding CXX object CMakeFiles/topic_publisher_01.dir/src/topic_publisher_01.cpp.o[0m
[2.464s] [100%] [32m[1mLinking CXX executable topic_publisher_01[0m
[2.545s] [100%] Built target topic_publisher_01
[2.556s] Invoked command in '/home/yy/ros2_learning/topic_cpp/build/example_topic_rclcpp' returned '0': CMAKE_PREFIX_PATH=${CMAKE_PREFIX_PATH}:/opt/ros/humble /usr/bin/cmake --build /home/yy/ros2_learning/topic_cpp/build/example_topic_rclcpp -- -j12 -l12
[2.580s] Invoking command in '/home/yy/ros2_learning/topic_cpp/build/example_topic_rclcpp': CMAKE_PREFIX_PATH=${CMAKE_PREFIX_PATH}:/opt/ros/humble /usr/bin/cmake --install /home/yy/ros2_learning/topic_cpp/build/example_topic_rclcpp
[2.585s] -- Install configuration: ""
[2.585s] -- Installing: /home/yy/ros2_learning/topic_cpp/install/example_topic_rclcpp/share/ament_index/resource_index/package_run_dependencies/example_topic_rclcpp
[2.585s] -- Installing: /home/yy/ros2_learning/topic_cpp/install/example_topic_rclcpp/share/ament_index/resource_index/parent_prefix_path/example_topic_rclcpp
[2.585s] -- Installing: /home/yy/ros2_learning/topic_cpp/install/example_topic_rclcpp/share/example_topic_rclcpp/environment/ament_prefix_path.sh
[2.585s] -- Installing: /home/yy/ros2_learning/topic_cpp/install/example_topic_rclcpp/share/example_topic_rclcpp/environment/ament_prefix_path.dsv
[2.585s] -- Installing: /home/yy/ros2_learning/topic_cpp/install/example_topic_rclcpp/share/example_topic_rclcpp/environment/path.sh
[2.585s] -- Installing: /home/yy/ros2_learning/topic_cpp/install/example_topic_rclcpp/share/example_topic_rclcpp/environment/path.dsv
[2.585s] -- Installing: /home/yy/ros2_learning/topic_cpp/install/example_topic_rclcpp/share/example_topic_rclcpp/local_setup.bash
[2.585s] -- Installing: /home/yy/ros2_learning/topic_cpp/install/example_topic_rclcpp/share/example_topic_rclcpp/local_setup.sh
[2.585s] -- Installing: /home/yy/ros2_learning/topic_cpp/install/example_topic_rclcpp/share/example_topic_rclcpp/local_setup.zsh
[2.585s] -- Installing: /home/yy/ros2_learning/topic_cpp/install/example_topic_rclcpp/share/example_topic_rclcpp/local_setup.dsv
[2.585s] -- Installing: /home/yy/ros2_learning/topic_cpp/install/example_topic_rclcpp/share/example_topic_rclcpp/package.dsv
[2.586s] -- Installing: /home/yy/ros2_learning/topic_cpp/install/example_topic_rclcpp/share/ament_index/resource_index/packages/example_topic_rclcpp
[2.586s] -- Installing: /home/yy/ros2_learning/topic_cpp/install/example_topic_rclcpp/share/example_topic_rclcpp/cmake/example_topic_rclcppConfig.cmake
[2.586s] -- Installing: /home/yy/ros2_learning/topic_cpp/install/example_topic_rclcpp/share/example_topic_rclcpp/cmake/example_topic_rclcppConfig-version.cmake
[2.586s] -- Installing: /home/yy/ros2_learning/topic_cpp/install/example_topic_rclcpp/share/example_topic_rclcpp/package.xml
[2.586s] -- Installing: /home/yy/ros2_learning/topic_cpp/install/example_topic_rclcpp/lib/example_topic_rclcpp/topic_publisher_01
[2.586s] -- Set runtime path of "/home/yy/ros2_learning/topic_cpp/install/example_topic_rclcpp/lib/example_topic_rclcpp/topic_publisher_01" to ""
[2.587s] Invoked command in '/home/yy/ros2_learning/topic_cpp/build/example_topic_rclcpp' returned '0': CMAKE_PREFIX_PATH=${CMAKE_PREFIX_PATH}:/opt/ros/humble /usr/bin/cmake --install /home/yy/ros2_learning/topic_cpp/build/example_topic_rclcpp
