[0.008s] Invoking command in '/home/yy/ros2_learning/my_helloworld/build/pkg_my_hello_world_cpp': CMAKE_PREFIX_PATH=/opt/ros/humble /usr/bin/cmake --build /home/yy/ros2_learning/my_helloworld/build/pkg_my_hello_world_cpp -- -j12 -l12
[0.033s] [35m[1mConsolidate compiler generated dependencies of target my_helloworld[0m
[0.039s] [ 50%] [32mBuilding CXX object CMakeFiles/my_helloworld.dir/src/my_helloworld.cpp.o[0m
[1.659s] [100%] [32m[1mLinking CXX executable my_helloworld[0m
[1.724s] [100%] Built target my_helloworld
[1.731s] Invoked command in '/home/yy/ros2_learning/my_helloworld/build/pkg_my_hello_world_cpp' returned '0': CMAKE_PREFIX_PATH=/opt/ros/humble /usr/bin/cmake --build /home/yy/ros2_learning/my_helloworld/build/pkg_my_hello_world_cpp -- -j12 -l12
[1.751s] Invoking command in '/home/yy/ros2_learning/my_helloworld/build/pkg_my_hello_world_cpp': CMAKE_PREFIX_PATH=/opt/ros/humble /usr/bin/cmake --install /home/yy/ros2_learning/my_helloworld/build/pkg_my_hello_world_cpp
[1.755s] -- Install configuration: ""
[1.755s] -- Installing: /home/yy/ros2_learning/my_helloworld/install/pkg_my_hello_world_cpp/lib/pkg_my_hello_world_cpp/my_helloworld
[1.755s] -- Set runtime path of "/home/yy/ros2_learning/my_helloworld/install/pkg_my_hello_world_cpp/lib/pkg_my_hello_world_cpp/my_helloworld" to ""
[1.755s] -- Installing: /home/yy/ros2_learning/my_helloworld/install/pkg_my_hello_world_cpp/share/ament_index/resource_index/package_run_dependencies/pkg_my_hello_world_cpp
[1.755s] -- Installing: /home/yy/ros2_learning/my_helloworld/install/pkg_my_hello_world_cpp/share/ament_index/resource_index/parent_prefix_path/pkg_my_hello_world_cpp
[1.755s] -- Installing: /home/yy/ros2_learning/my_helloworld/install/pkg_my_hello_world_cpp/share/pkg_my_hello_world_cpp/environment/ament_prefix_path.sh
[1.756s] -- Installing: /home/yy/ros2_learning/my_helloworld/install/pkg_my_hello_world_cpp/share/pkg_my_hello_world_cpp/environment/ament_prefix_path.dsv
[1.756s] -- Installing: /home/yy/ros2_learning/my_helloworld/install/pkg_my_hello_world_cpp/share/pkg_my_hello_world_cpp/environment/path.sh
[1.756s] -- Installing: /home/yy/ros2_learning/my_helloworld/install/pkg_my_hello_world_cpp/share/pkg_my_hello_world_cpp/environment/path.dsv
[1.756s] -- Installing: /home/yy/ros2_learning/my_helloworld/install/pkg_my_hello_world_cpp/share/pkg_my_hello_world_cpp/local_setup.bash
[1.756s] -- Installing: /home/yy/ros2_learning/my_helloworld/install/pkg_my_hello_world_cpp/share/pkg_my_hello_world_cpp/local_setup.sh
[1.756s] -- Installing: /home/yy/ros2_learning/my_helloworld/install/pkg_my_hello_world_cpp/share/pkg_my_hello_world_cpp/local_setup.zsh
[1.756s] -- Installing: /home/yy/ros2_learning/my_helloworld/install/pkg_my_hello_world_cpp/share/pkg_my_hello_world_cpp/local_setup.dsv
[1.756s] -- Up-to-date: /home/yy/ros2_learning/my_helloworld/install/pkg_my_hello_world_cpp/share/pkg_my_hello_world_cpp/package.dsv
[1.756s] -- Installing: /home/yy/ros2_learning/my_helloworld/install/pkg_my_hello_world_cpp/share/ament_index/resource_index/packages/pkg_my_hello_world_cpp
[1.756s] -- Installing: /home/yy/ros2_learning/my_helloworld/install/pkg_my_hello_world_cpp/share/pkg_my_hello_world_cpp/cmake/pkg_my_hello_world_cppConfig.cmake
[1.756s] -- Installing: /home/yy/ros2_learning/my_helloworld/install/pkg_my_hello_world_cpp/share/pkg_my_hello_world_cpp/cmake/pkg_my_hello_world_cppConfig-version.cmake
[1.756s] -- Installing: /home/yy/ros2_learning/my_helloworld/install/pkg_my_hello_world_cpp/share/pkg_my_hello_world_cpp/package.xml
[1.757s] Invoked command in '/home/yy/ros2_learning/my_helloworld/build/pkg_my_hello_world_cpp' returned '0': CMAKE_PREFIX_PATH=/opt/ros/humble /usr/bin/cmake --install /home/yy/ros2_learning/my_helloworld/build/pkg_my_hello_world_cpp
